#
# There is insufficient memory for the Java Runtime Environment to continue.
# Native memory allocation (malloc) failed to allocate 1048576 bytes for AllocateHeap
# Possible reasons:
#   The system is out of physical RAM or swap space
#   The process is running with CompressedOops enabled, and the Java Heap may be blocking the growth of the native heap
# Possible solutions:
#   Reduce memory load on the system
#   Increase physical memory or swap space
#   Check if swap backing store is full
#   Decrease Java heap size (-Xmx/-Xms)
#   Decrease number of Java threads
#   Decrease Java thread stack sizes (-Xss)
#   Set larger code cache with -XX:ReservedCodeCacheSize=
#   JVM is running with Unscaled Compressed Oops mode in which the Java heap is
#     placed in the first 4GB address space. The Java Heap base address is the
#     maximum limit for the native heap growth. Please use -XX:HeapBaseMinAddress
#     to set the Java Heap base and to place the Java Heap above 4GB virtual address.
# This output file may be truncated or incomplete.
#
#  Out of Memory Error (allocation.cpp:44), pid=4192, tid=12596
#
# JRE version: OpenJDK Runtime Environment Temurin-17.0.6+10 (17.0.6+10) (build 17.0.6+10)
# Java VM: OpenJDK 64-Bit Server VM Temurin-17.0.6+10 (17.0.6+10, mixed mode, emulated-client, tiered, compressed oops, compressed class ptrs, g1 gc, windows-amd64)
# No core dump will be written. Minidumps are not enabled by default on client versions of Windows
#

---------------  S U M M A R Y ------------

Command Line: -XX:+HeapDumpOnOutOfMemoryError -Xmx1024m -Dsts.lsp.client=vscode -Dsts.log.file=/dev/null -XX:TieredStopAtLevel=1 -Xlog:jni+resolve=off -Dspring.config.location=file:c:\Users\±è¹Î±Õ\.vscode\extensions\vmware.vscode-spring-boot-1.45.0\language-server\BOOT-INF\classes\application.properties org.springframework.ide.vscode.boot.app.BootLanguageServerBootApp

Host: 12th Gen Intel(R) Core(TM) i5-1235U, 12 cores, 15G,  Windows 10 , 64 bit Build 19041 (10.0.19041.2546)
Time: Wed Mar 29 18:54:33 2023  Windows 10 , 64 bit Build 19041 (10.0.19041.2546) elapsed time: 15500.222857 seconds (0d 4h 18m 20s)

---------------  T H R E A D  ---------------

Current thread (0x000002c0e03c3a60):  VMThread "VM Thread" [stack: 0x000000d85a400000,0x000000d85a500000] [id=12596]

Stack: [0x000000d85a400000,0x000000d85a500000]
Native frames: (J=compiled Java code, j=interpreted, Vv=VM code, C=native code)
V  [jvm.dll+0x67741a]
V  [jvm.dll+0x834434]
V  [jvm.dll+0x835bde]
V  [jvm.dll+0x836243]
V  [jvm.dll+0x2457b5]
V  [jvm.dll+0xa626f]
V  [jvm.dll+0x2f5ad3]
V  [jvm.dll+0x2f17e0]
V  [jvm.dll+0x2d9ee7]
V  [jvm.dll+0x31ce67]
V  [jvm.dll+0x83a6eb]
V  [jvm.dll+0x83b424]
V  [jvm.dll+0x83b93c]
V  [jvm.dll+0x83bd14]
V  [jvm.dll+0x83bde0]
V  [jvm.dll+0x7e483a]
V  [jvm.dll+0x6762c5]
C  [ucrtbase.dll+0x21bb2]
C  [KERNEL32.DLL+0x17614]
C  [ntdll.dll+0x526a1]

VM_Operation (0x000000d85c0febd0): G1CollectFull, mode: safepoint, requested by thread 0x000002c0e1836830


---------------  P R O C E S S  ---------------

Threads class SMR info:
_java_thread_list=0x000002c0e78f9280, length=32, elements={
0x000002c0e0c18030, 0x000002c0e0c18db0, 0x000002c0e0c58140, 0x000002c0e0c58cc0,
0x000002c0e0c60790, 0x000002c0e0c61050, 0x000002c0e0c61910, 0x000002c0e0c631c0,
0x000002c0e0e6e7d0, 0x000002c0e0e81920, 0x000002c0e4e59c60, 0x000002c0e1852820,
0x000002c0e1836830, 0x000002c0e0e07fb0, 0x000002c0d3163fe0, 0x000002c0e0e9e930,
0x000002c0e179b6f0, 0x000002c0e17ac670, 0x000002c0e50fbf80, 0x000002c0e50f6db0,
0x000002c0e50f9430, 0x000002c0e7c3d060, 0x000002c0e7c40550, 0x000002c0e7c413c0,
0x000002c0e7c3da00, 0x000002c0e7c41d60, 0x000002c0e7c3e3a0, 0x000002c0e7c43f10,
0x000002c0e7c3f210, 0x000002c0e7c3e870, 0x000002c0e7c3f6e0, 0x000002c0e7c430a0
}

Java Threads: ( => current thread )
  0x000002c0e0c18030 JavaThread "Reference Handler" daemon [_thread_blocked, id=13620, stack(0x000000d85a500000,0x000000d85a600000)]
  0x000002c0e0c18db0 JavaThread "Finalizer" daemon [_thread_blocked, id=3476, stack(0x000000d85a600000,0x000000d85a700000)]
  0x000002c0e0c58140 JavaThread "Signal Dispatcher" daemon [_thread_blocked, id=3972, stack(0x000000d85a700000,0x000000d85a800000)]
  0x000002c0e0c58cc0 JavaThread "Attach Listener" daemon [_thread_blocked, id=12888, stack(0x000000d85a800000,0x000000d85a900000)]
  0x000002c0e0c60790 JavaThread "Service Thread" daemon [_thread_blocked, id=8608, stack(0x000000d85a900000,0x000000d85aa00000)]
  0x000002c0e0c61050 JavaThread "Monitor Deflation Thread" daemon [_thread_blocked, id=8156, stack(0x000000d85aa00000,0x000000d85ab00000)]
  0x000002c0e0c61910 JavaThread "C1 CompilerThread0" daemon [_thread_blocked, id=14956, stack(0x000000d85ab00000,0x000000d85ac00000)]
  0x000002c0e0c631c0 JavaThread "Sweeper thread" daemon [_thread_blocked, id=1452, stack(0x000000d85ac00000,0x000000d85ad00000)]
  0x000002c0e0e6e7d0 JavaThread "Notification Thread" daemon [_thread_blocked, id=1376, stack(0x000000d85ae00000,0x000000d85af00000)]
  0x000002c0e0e81920 JavaThread "Common-Cleaner" daemon [_thread_blocked, id=1448, stack(0x000000d85b000000,0x000000d85b100000)]
  0x000002c0e4e59c60 JavaThread "boundedElastic-evictor-1" daemon [_thread_blocked, id=14096, stack(0x000000d85b800000,0x000000d85b900000)]
  0x000002c0e1852820 JavaThread "boundedElastic-evictor-2" daemon [_thread_blocked, id=8420, stack(0x000000d85bf00000,0x000000d85c000000)]
  0x000002c0e1836830 JavaThread "pool-10-thread-1" [_thread_blocked, id=728, stack(0x000000d85c000000,0x000000d85c100000)]
  0x000002c0e0e07fb0 JavaThread "LanguageServerApp-lifecycle" [_thread_blocked, id=13220, stack(0x000000d85c100000,0x000000d85c200000)]
  0x000002c0d3163fe0 JavaThread "DestroyJavaVM" [_thread_blocked, id=12104, stack(0x000000d859e00000,0x000000d859f00000)]
  0x000002c0e0e9e930 JavaThread "pool-11-thread-1" [_thread_in_native, id=8684, stack(0x000000d85c200000,0x000000d85c300000)]
  0x000002c0e179b6f0 JavaThread "Simple-Language-Server main thread" daemon [_thread_blocked, id=7276, stack(0x000000d85c300000,0x000000d85c400000)]
  0x000002c0e17ac670 JavaThread "pool-6-thread-1" [_thread_blocked, id=14704, stack(0x000000d85c700000,0x000000d85c800000)]
  0x000002c0e50fbf80 JavaThread "parallel-1" daemon [_thread_blocked, id=672, stack(0x000000d85dc00000,0x000000d85dd00000)]
  0x000002c0e50f6db0 JavaThread "pool-4-thread-1" [_thread_blocked, id=14240, stack(0x000000d85e300000,0x000000d85e400000)]
  0x000002c0e50f9430 JavaThread "parallel-2" daemon [_thread_blocked, id=11460, stack(0x000000d85e400000,0x000000d85e500000)]
  0x000002c0e7c3d060 JavaThread "parallel-3" daemon [_thread_blocked, id=12860, stack(0x000000d85ce00000,0x000000d85cf00000)]
  0x000002c0e7c40550 JavaThread "parallel-4" daemon [_thread_blocked, id=8324, stack(0x000000d85cf00000,0x000000d85d000000)]
  0x000002c0e7c413c0 JavaThread "parallel-5" daemon [_thread_blocked, id=10576, stack(0x000000d85d000000,0x000000d85d100000)]
  0x000002c0e7c3da00 JavaThread "Reconciler-1" daemon [_thread_blocked, id=11608, stack(0x000000d85d200000,0x000000d85d300000)]
  0x000002c0e7c41d60 JavaThread "parallel-6" daemon [_thread_blocked, id=15800, stack(0x000000d859d00000,0x000000d859e00000)]
  0x000002c0e7c3e3a0 JavaThread "parallel-7" daemon [_thread_blocked, id=4476, stack(0x000000d85b900000,0x000000d85ba00000)]
  0x000002c0e7c43f10 JavaThread "parallel-8" daemon [_thread_blocked, id=14692, stack(0x000000d85ba00000,0x000000d85bb00000)]
  0x000002c0e7c3f210 JavaThread "parallel-9" daemon [_thread_blocked, id=14924, stack(0x000000d85c500000,0x000000d85c600000)]
  0x000002c0e7c3e870 JavaThread "parallel-10" daemon [_thread_blocked, id=1304, stack(0x000000d85c600000,0x000000d85c700000)]
  0x000002c0e7c3f6e0 JavaThread "parallel-11" daemon [_thread_blocked, id=12496, stack(0x000000d85ad00000,0x000000d85ae00000)]
  0x000002c0e7c430a0 JavaThread "parallel-12" daemon [_thread_blocked, id=6512, stack(0x000000d85d100000,0x000000d85d200000)]

Other Threads:
=>0x000002c0e03c3a60 VMThread "VM Thread" [stack: 0x000000d85a400000,0x000000d85a500000] [id=12596]
  0x000002c0e0e6eca0 WatcherThread [stack: 0x000000d85af00000,0x000000d85b000000] [id=14444]
  0x000002c0d31a3d50 GCTaskThread "GC Thread#0" [stack: 0x000000d859f00000,0x000000d85a000000] [id=10896]
  0x000002c0e0da0df0 GCTaskThread "GC Thread#1" [stack: 0x000000d85b100000,0x000000d85b200000] [id=11040]
  0x000002c0e45b0060 GCTaskThread "GC Thread#2" [stack: 0x000000d85b200000,0x000000d85b300000] [id=15284]
  0x000002c0e45b0310 GCTaskThread "GC Thread#3" [stack: 0x000000d85b300000,0x000000d85b400000] [id=2104]
  0x000002c0e45b05c0 GCTaskThread "GC Thread#4" [stack: 0x000000d85b400000,0x000000d85b500000] [id=11372]
  0x000002c0e45b0870 GCTaskThread "GC Thread#5" [stack: 0x000000d85b500000,0x000000d85b600000] [id=5144]
  0x000002c0e48271f0 GCTaskThread "GC Thread#6" [stack: 0x000000d85b600000,0x000000d85b700000] [id=15160]
  0x000002c0e48274a0 GCTaskThread "GC Thread#7" [stack: 0x000000d85b700000,0x000000d85b800000] [id=9648]
  0x000002c0e4a23d50 GCTaskThread "GC Thread#8" [stack: 0x000000d85bb00000,0x000000d85bc00000] [id=2352]
  0x000002c0e4a17a60 GCTaskThread "GC Thread#9" [stack: 0x000000d85bc00000,0x000000d85bd00000] [id=13540]
  0x000002c0d31adca0 ConcurrentGCThread "G1 Main Marker" [stack: 0x000000d85a000000,0x000000d85a100000] [id=8996]
  0x000002c0d31ae6b0 ConcurrentGCThread "G1 Conc#0" [stack: 0x000000d85a100000,0x000000d85a200000] [id=8024]
  0x000002c0e497ba00 ConcurrentGCThread "G1 Conc#1" [stack: 0x000000d85bd00000,0x000000d85be00000] [id=7968]
  0x000002c0e49b9040 ConcurrentGCThread "G1 Conc#2" [stack: 0x000000d85be00000,0x000000d85bf00000] [id=904]
  0x000002c0d322e2a0 ConcurrentGCThread "G1 Refine#0" [stack: 0x000000d85a200000,0x000000d85a300000] [id=7868]
  0x000002c0e7656b30 ConcurrentGCThread "G1 Refine#1" [stack: 0x000000d85df00000,0x000000d85e000000] [id=1712]
  0x000002c0e5298320 ConcurrentGCThread "G1 Refine#2" [stack: 0x000000d85e000000,0x000000d85e100000] [id=13960]
  0x000002c0e74d0ca0 ConcurrentGCThread "G1 Refine#3" [stack: 0x000000d85e100000,0x000000d85e200000] [id=11560]
  0x000002c0e7a2a780 ConcurrentGCThread "G1 Refine#4" [stack: 0x000000d85e200000,0x000000d85e300000] [id=9128]
  0x000002c0e7a2b5e0 ConcurrentGCThread "G1 Refine#5" [stack: 0x000000d85c900000,0x000000d85ca00000] [id=6396]
  0x000002c0e7a2bba0 ConcurrentGCThread "G1 Refine#6" [stack: 0x000000d85ca00000,0x000000d85cb00000] [id=3660]
  0x000002c0e7a2a4a0 ConcurrentGCThread "G1 Refine#7" [stack: 0x000000d85cb00000,0x000000d85cc00000] [id=5532]
  0x000002c0e7741160 ConcurrentGCThread "G1 Refine#8" [stack: 0x000000d85cc00000,0x000000d85cd00000] [id=11524]
  0x000002c0e7743f60 ConcurrentGCThread "G1 Refine#9" [stack: 0x000000d85cd00000,0x000000d85ce00000] [id=13512]
  0x000002c0d322ecc0 ConcurrentGCThread "G1 Service" [stack: 0x000000d85a300000,0x000000d85a400000] [id=3228]

Threads with active compile tasks:

VM state: at safepoint (normal execution)

VM Mutex/Monitor currently owned by a thread:  ([mutex/lock_event])
[0x000002c0d2ff9140] Threads_lock - owner thread: 0x000002c0e03c3a60
[0x000002c0d3161cd0] Heap_lock - owner thread: 0x000002c0e1836830

Heap address: 0x00000000c0000000, size: 1024 MB, Compressed Oops mode: 32-bit

CDS archive(s) not mapped
Compressed class space mapped at: 0x0000000100000000-0x0000000140000000, reserved size: 1073741824
Narrow klass base: 0x0000000000000000, Narrow klass shift: 3, Narrow klass range: 0x140000000

GC Precious Log:
 CPUs: 12 total, 12 available
 Memory: 16085M
 Large Page Support: Disabled
 NUMA Support: Disabled
 Compressed Oops: Enabled (32-bit)
 Heap Region Size: 1M
 Heap Min Capacity: 8M
 Heap Initial Capacity: 252M
 Heap Max Capacity: 1G
 Pre-touch: Disabled
 Parallel Workers: 10
 Concurrent Workers: 3
 Concurrent Refinement Workers: 10
 Periodic GC: Disabled

Heap:
 garbage-first heap   total 133120K, used 41911K [0x00000000c0000000, 0x0000000100000000)
  region size 1024K, 1 young (1024K), 0 survivors (0K)
 Metaspace       used 62326K, committed 62784K, reserved 1105920K
  class space    used 8461K, committed 8640K, reserved 1048576K

Heap Regions: E=young(eden), S=young(survivor), O=old, HS=humongous(starts), HC=humongous(continues), CS=collection set, F=free, OA=open archive, CA=closed archive, TAMS=top-at-mark-start (previous, next)
|   0|0x00000000c0000000, 0x00000000c0100000, 0x00000000c0100000|100%| O|  |TAMS 0x00000000c0100000, 0x00000000c0000000| Untracked 
|   1|0x00000000c0100000, 0x00000000c0200000, 0x00000000c0200000|100%| O|  |TAMS 0x00000000c0200000, 0x00000000c0100000| Untracked 
|   2|0x00000000c0200000, 0x00000000c02ffff8, 0x00000000c0300000| 99%| O|  |TAMS 0x00000000c02ffff8, 0x00000000c0200000| Untracked 
|   3|0x00000000c0300000, 0x00000000c0400000, 0x00000000c0400000|100%| O|  |TAMS 0x00000000c0400000, 0x00000000c0300000| Untracked 
|   4|0x00000000c0400000, 0x00000000c04fff10, 0x00000000c0500000| 99%| O|  |TAMS 0x00000000c04fff10, 0x00000000c0400000| Untracked 
|   5|0x00000000c0500000, 0x00000000c05fffc0, 0x00000000c0600000| 99%| O|  |TAMS 0x00000000c05fffc0, 0x00000000c0500000| Untracked 
|   6|0x00000000c0600000, 0x00000000c0700000, 0x00000000c0700000|100%| O|  |TAMS 0x00000000c0700000, 0x00000000c0600000| Untracked 
|   7|0x00000000c0700000, 0x00000000c07fffc0, 0x00000000c0800000| 99%| O|  |TAMS 0x00000000c07fffc0, 0x00000000c0700000| Untracked 
|   8|0x00000000c0800000, 0x00000000c08fffc0, 0x00000000c0900000| 99%| O|  |TAMS 0x00000000c08fffc0, 0x00000000c0800000| Untracked 
|   9|0x00000000c0900000, 0x00000000c0a00000, 0x00000000c0a00000|100%| O|  |TAMS 0x00000000c0a00000, 0x00000000c0900000| Untracked 
|  10|0x00000000c0a00000, 0x00000000c0affff8, 0x00000000c0b00000| 99%| O|  |TAMS 0x00000000c0affff8, 0x00000000c0a00000| Untracked 
|  11|0x00000000c0b00000, 0x00000000c0bffff0, 0x00000000c0c00000| 99%| O|  |TAMS 0x00000000c0bffff0, 0x00000000c0b00000| Untracked 
|  12|0x00000000c0c00000, 0x00000000c0cffff8, 0x00000000c0d00000| 99%| O|  |TAMS 0x00000000c0cffff8, 0x00000000c0c00000| Untracked 
|  13|0x00000000c0d00000, 0x00000000c0dffff0, 0x00000000c0e00000| 99%| O|  |TAMS 0x00000000c0dffff0, 0x00000000c0d00000| Untracked 
|  14|0x00000000c0e00000, 0x00000000c0f00000, 0x00000000c0f00000|100%| O|  |TAMS 0x00000000c0f00000, 0x00000000c0e00000| Untracked 
|  15|0x00000000c0f00000, 0x00000000c0ffd520, 0x00000000c1000000| 98%| O|  |TAMS 0x00000000c0ffd520, 0x00000000c0f00000| Untracked 
|  16|0x00000000c1000000, 0x00000000c10fffa0, 0x00000000c1100000| 99%| O|  |TAMS 0x00000000c10fffa0, 0x00000000c1000000| Untracked 
|  17|0x00000000c1100000, 0x00000000c11ffff0, 0x00000000c1200000| 99%| O|  |TAMS 0x00000000c11ffff0, 0x00000000c1100000| Untracked 
|  18|0x00000000c1200000, 0x00000000c12fabe8, 0x00000000c1300000| 97%| O|  |TAMS 0x00000000c12fabe8, 0x00000000c1200000| Untracked 
|  19|0x00000000c1300000, 0x00000000c13fab10, 0x00000000c1400000| 97%| O|  |TAMS 0x00000000c13fab10, 0x00000000c1300000| Untracked 
|  20|0x00000000c1400000, 0x00000000c14fffe8, 0x00000000c1500000| 99%| O|  |TAMS 0x00000000c14fffe8, 0x00000000c1400000| Untracked 
|  21|0x00000000c1500000, 0x00000000c15fdee0, 0x00000000c1600000| 99%| O|  |TAMS 0x00000000c15fdee0, 0x00000000c1500000| Untracked 
|  22|0x00000000c1600000, 0x00000000c16fffe8, 0x00000000c1700000| 99%| O|  |TAMS 0x00000000c16fffe8, 0x00000000c1600000| Untracked 
|  23|0x00000000c1700000, 0x00000000c17f9cd8, 0x00000000c1800000| 97%| O|  |TAMS 0x00000000c17f9cd8, 0x00000000c1700000| Untracked 
|  24|0x00000000c1800000, 0x00000000c18fffe8, 0x00000000c1900000| 99%| O|  |TAMS 0x00000000c18fffe8, 0x00000000c1800000| Untracked 
|  25|0x00000000c1900000, 0x00000000c1a00000, 0x00000000c1a00000|100%| O|  |TAMS 0x00000000c1a00000, 0x00000000c1900000| Untracked 
|  26|0x00000000c1a00000, 0x00000000c1afffe8, 0x00000000c1b00000| 99%| O|  |TAMS 0x00000000c1afffe8, 0x00000000c1a00000| Untracked 
|  27|0x00000000c1b00000, 0x00000000c1bffff0, 0x00000000c1c00000| 99%| O|  |TAMS 0x00000000c1bffff0, 0x00000000c1b00000| Untracked 
|  28|0x00000000c1c00000, 0x00000000c1cffcd8, 0x00000000c1d00000| 99%| O|  |TAMS 0x00000000c1cffcd8, 0x00000000c1c00000| Untracked 
|  29|0x00000000c1d00000, 0x00000000c1e00000, 0x00000000c1e00000|100%| O|  |TAMS 0x00000000c1e00000, 0x00000000c1d00000| Untracked 
|  30|0x00000000c1e00000, 0x00000000c1f00000, 0x00000000c1f00000|100%| O|  |TAMS 0x00000000c1f00000, 0x00000000c1e00000| Untracked 
|  31|0x00000000c1f00000, 0x00000000c1fffff8, 0x00000000c2000000| 99%| O|  |TAMS 0x00000000c1fffff8, 0x00000000c1f00000| Untracked 
|  32|0x00000000c2000000, 0x00000000c2100000, 0x00000000c2100000|100%| O|  |TAMS 0x00000000c2100000, 0x00000000c2000000| Untracked 
|  33|0x00000000c2100000, 0x00000000c21ffe28, 0x00000000c2200000| 99%| O|  |TAMS 0x00000000c21ffe28, 0x00000000c2100000| Untracked 
|  34|0x00000000c2200000, 0x00000000c22f2d88, 0x00000000c2300000| 94%| O|  |TAMS 0x00000000c2200000, 0x00000000c2200000| Untracked 
|  35|0x00000000c2300000, 0x00000000c23fffe8, 0x00000000c2400000| 99%| O|  |TAMS 0x00000000c23fffe8, 0x00000000c2300000| Untracked 
|  36|0x00000000c2400000, 0x00000000c24fff10, 0x00000000c2500000| 99%| O|  |TAMS 0x00000000c24fff10, 0x00000000c2400000| Untracked 
|  37|0x00000000c2500000, 0x00000000c2511048, 0x00000000c2600000|  6%| O|  |TAMS 0x00000000c2500000, 0x00000000c2500000| Untracked 
|  38|0x00000000c2600000, 0x00000000c2600000, 0x00000000c2700000|  0%| F|  |TAMS 0x00000000c2600000, 0x00000000c2600000| Untracked 
|  39|0x00000000c2700000, 0x00000000c2700000, 0x00000000c2800000|  0%| F|  |TAMS 0x00000000c2700000, 0x00000000c2700000| Untracked 
|  40|0x00000000c2800000, 0x00000000c2800000, 0x00000000c2900000|  0%| F|  |TAMS 0x00000000c2800000, 0x00000000c2800000| Untracked 
|  41|0x00000000c2900000, 0x00000000c2900000, 0x00000000c2a00000|  0%| F|  |TAMS 0x00000000c2900000, 0x00000000c2900000| Untracked 
|  42|0x00000000c2a00000, 0x00000000c2a00000, 0x00000000c2b00000|  0%| F|  |TAMS 0x00000000c2a00000, 0x00000000c2a00000| Untracked 
|  43|0x00000000c2b00000, 0x00000000c2b00000, 0x00000000c2c00000|  0%| F|  |TAMS 0x00000000c2b00000, 0x00000000c2b00000| Untracked 
|  44|0x00000000c2c00000, 0x00000000c2c00000, 0x00000000c2d00000|  0%| F|  |TAMS 0x00000000c2c00000, 0x00000000c2c00000| Untracked 
|  45|0x00000000c2d00000, 0x00000000c2d00000, 0x00000000c2e00000|  0%| F|  |TAMS 0x00000000c2d00000, 0x00000000c2d00000| Untracked 
|  46|0x00000000c2e00000, 0x00000000c2e00000, 0x00000000c2f00000|  0%| F|  |TAMS 0x00000000c2e00000, 0x00000000c2e00000| Untracked 
|  47|0x00000000c2f00000, 0x00000000c2f00000, 0x00000000c3000000|  0%| F|  |TAMS 0x00000000c2f00000, 0x00000000c2f00000| Untracked 
|  48|0x00000000c3000000, 0x00000000c3000000, 0x00000000c3100000|  0%| F|  |TAMS 0x00000000c3000000, 0x00000000c3000000| Untracked 
|  49|0x00000000c3100000, 0x00000000c3200000, 0x00000000c3200000|100%| O|  |TAMS 0x00000000c3200000, 0x00000000c3100000| Untracked 
|  50|0x00000000c3200000, 0x00000000c3200000, 0x00000000c3300000|  0%| F|  |TAMS 0x00000000c3200000, 0x00000000c3200000| Untracked 
|  51|0x00000000c3300000, 0x00000000c3300000, 0x00000000c3400000|  0%| F|  |TAMS 0x00000000c3300000, 0x00000000c3300000| Untracked 
|  52|0x00000000c3400000, 0x00000000c34fffd8, 0x00000000c3500000| 99%| O|  |TAMS 0x00000000c34fffd8, 0x00000000c3400000| Untracked 
|  53|0x00000000c3500000, 0x00000000c3500000, 0x00000000c3600000|  0%| F|  |TAMS 0x00000000c3500000, 0x00000000c3500000| Untracked 
|  54|0x00000000c3600000, 0x00000000c3600000, 0x00000000c3700000|  0%| F|  |TAMS 0x00000000c3600000, 0x00000000c3600000| Untracked 
|  55|0x00000000c3700000, 0x00000000c3700000, 0x00000000c3800000|  0%| F|  |TAMS 0x00000000c3700000, 0x00000000c3700000| Untracked 
|  56|0x00000000c3800000, 0x00000000c3800000, 0x00000000c3900000|  0%| F|  |TAMS 0x00000000c3800000, 0x00000000c3800000| Untracked 
|  57|0x00000000c3900000, 0x00000000c3900000, 0x00000000c3a00000|  0%| F|  |TAMS 0x00000000c3900000, 0x00000000c3900000| Untracked 
|  58|0x00000000c3a00000, 0x00000000c3a00000, 0x00000000c3b00000|  0%| F|  |TAMS 0x00000000c3a00000, 0x00000000c3a00000| Untracked 
|  59|0x00000000c3b00000, 0x00000000c3b00000, 0x00000000c3c00000|  0%| F|  |TAMS 0x00000000c3b00000, 0x00000000c3b00000| Untracked 
|  60|0x00000000c3c00000, 0x00000000c3c00000, 0x00000000c3d00000|  0%| F|  |TAMS 0x00000000c3c00000, 0x00000000c3c00000| Untracked 
|  61|0x00000000c3d00000, 0x00000000c3d00000, 0x00000000c3e00000|  0%| F|  |TAMS 0x00000000c3d00000, 0x00000000c3d00000| Untracked 
|  62|0x00000000c3e00000, 0x00000000c3e00000, 0x00000000c3f00000|  0%| F|  |TAMS 0x00000000c3e00000, 0x00000000c3e00000| Untracked 
|  63|0x00000000c3f00000, 0x00000000c3f00000, 0x00000000c4000000|  0%| F|  |TAMS 0x00000000c3f00000, 0x00000000c3f00000| Untracked 
|  64|0x00000000c4000000, 0x00000000c4000000, 0x00000000c4100000|  0%| F|  |TAMS 0x00000000c4000000, 0x00000000c4000000| Untracked 
|  65|0x00000000c4100000, 0x00000000c4100000, 0x00000000c4200000|  0%| F|  |TAMS 0x00000000c4100000, 0x00000000c4100000| Untracked 
|  66|0x00000000c4200000, 0x00000000c4200000, 0x00000000c4300000|  0%| F|  |TAMS 0x00000000c4200000, 0x00000000c4200000| Untracked 
|  67|0x00000000c4300000, 0x00000000c4300000, 0x00000000c4400000|  0%| F|  |TAMS 0x00000000c4300000, 0x00000000c4300000| Untracked 
|  68|0x00000000c4400000, 0x00000000c4400000, 0x00000000c4500000|  0%| F|  |TAMS 0x00000000c4400000, 0x00000000c4400000| Untracked 
|  69|0x00000000c4500000, 0x00000000c4500000, 0x00000000c4600000|  0%| F|  |TAMS 0x00000000c4500000, 0x00000000c4500000| Untracked 
|  70|0x00000000c4600000, 0x00000000c4600000, 0x00000000c4700000|  0%| F|  |TAMS 0x00000000c4600000, 0x00000000c4600000| Untracked 
|  71|0x00000000c4700000, 0x00000000c4700000, 0x00000000c4800000|  0%| F|  |TAMS 0x00000000c4700000, 0x00000000c4700000| Untracked 
|  72|0x00000000c4800000, 0x00000000c4800000, 0x00000000c4900000|  0%| F|  |TAMS 0x00000000c4800000, 0x00000000c4800000| Untracked 
|  73|0x00000000c4900000, 0x00000000c4900000, 0x00000000c4a00000|  0%| F|  |TAMS 0x00000000c4900000, 0x00000000c4900000| Untracked 
|  74|0x00000000c4a00000, 0x00000000c4a00000, 0x00000000c4b00000|  0%| F|  |TAMS 0x00000000c4a00000, 0x00000000c4a00000| Untracked 
|  75|0x00000000c4b00000, 0x00000000c4c00000, 0x00000000c4c00000|100%|HS|  |TAMS 0x00000000c4c00000, 0x00000000c4b00000| Untracked 
|  76|0x00000000c4c00000, 0x00000000c4c00000, 0x00000000c4d00000|  0%| F|  |TAMS 0x00000000c4c00000, 0x00000000c4c00000| Untracked 
|  77|0x00000000c4d00000, 0x00000000c4d00000, 0x00000000c4e00000|  0%| F|  |TAMS 0x00000000c4d00000, 0x00000000c4d00000| Untracked 
|  78|0x00000000c4e00000, 0x00000000c4e00000, 0x00000000c4f00000|  0%| F|  |TAMS 0x00000000c4e00000, 0x00000000c4e00000| Untracked 
|  79|0x00000000c4f00000, 0x00000000c4f00000, 0x00000000c5000000|  0%| F|  |TAMS 0x00000000c4f00000, 0x00000000c4f00000| Untracked 
|  80|0x00000000c5000000, 0x00000000c5000000, 0x00000000c5100000|  0%| F|  |TAMS 0x00000000c5000000, 0x00000000c5000000| Untracked 
|  81|0x00000000c5100000, 0x00000000c5100000, 0x00000000c5200000|  0%| F|  |TAMS 0x00000000c5100000, 0x00000000c5100000| Untracked 
|  82|0x00000000c5200000, 0x00000000c5200000, 0x00000000c5300000|  0%| F|  |TAMS 0x00000000c5200000, 0x00000000c5200000| Untracked 
|  83|0x00000000c5300000, 0x00000000c5300000, 0x00000000c5400000|  0%| F|  |TAMS 0x00000000c5300000, 0x00000000c5300000| Untracked 
|  84|0x00000000c5400000, 0x00000000c5400000, 0x00000000c5500000|  0%| F|  |TAMS 0x00000000c5400000, 0x00000000c5400000| Untracked 
|  85|0x00000000c5500000, 0x00000000c5500000, 0x00000000c5600000|  0%| F|  |TAMS 0x00000000c5500000, 0x00000000c5500000| Untracked 
|  86|0x00000000c5600000, 0x00000000c5600000, 0x00000000c5700000|  0%| F|  |TAMS 0x00000000c5600000, 0x00000000c5600000| Untracked 
|  87|0x00000000c5700000, 0x00000000c5700000, 0x00000000c5800000|  0%| F|  |TAMS 0x00000000c5700000, 0x00000000c5700000| Untracked 
|  88|0x00000000c5800000, 0x00000000c5800000, 0x00000000c5900000|  0%| F|  |TAMS 0x00000000c5800000, 0x00000000c5800000| Untracked 
|  89|0x00000000c5900000, 0x00000000c5900000, 0x00000000c5a00000|  0%| F|  |TAMS 0x00000000c5900000, 0x00000000c5900000| Untracked 
|  90|0x00000000c5a00000, 0x00000000c5a00000, 0x00000000c5b00000|  0%| F|  |TAMS 0x00000000c5a00000, 0x00000000c5a00000| Untracked 
|  91|0x00000000c5b00000, 0x00000000c5b00000, 0x00000000c5c00000|  0%| F|  |TAMS 0x00000000c5b00000, 0x00000000c5b00000| Untracked 
|  92|0x00000000c5c00000, 0x00000000c5c00000, 0x00000000c5d00000|  0%| F|  |TAMS 0x00000000c5c00000, 0x00000000c5c00000| Untracked 
|  93|0x00000000c5d00000, 0x00000000c5d00000, 0x00000000c5e00000|  0%| F|  |TAMS 0x00000000c5d00000, 0x00000000c5d00000| Untracked 
|  94|0x00000000c5e00000, 0x00000000c5e00000, 0x00000000c5f00000|  0%| F|  |TAMS 0x00000000c5e00000, 0x00000000c5e00000| Untracked 
|  95|0x00000000c5f00000, 0x00000000c5f00000, 0x00000000c6000000|  0%| F|  |TAMS 0x00000000c5f00000, 0x00000000c5f00000| Untracked 
|  96|0x00000000c6000000, 0x00000000c6000000, 0x00000000c6100000|  0%| F|  |TAMS 0x00000000c6000000, 0x00000000c6000000| Untracked 
|  97|0x00000000c6100000, 0x00000000c6100000, 0x00000000c6200000|  0%| F|  |TAMS 0x00000000c6100000, 0x00000000c6100000| Untracked 
|  98|0x00000000c6200000, 0x00000000c6200000, 0x00000000c6300000|  0%| F|  |TAMS 0x00000000c6200000, 0x00000000c6200000| Untracked 
|  99|0x00000000c6300000, 0x00000000c6300000, 0x00000000c6400000|  0%| F|  |TAMS 0x00000000c6300000, 0x00000000c6300000| Untracked 
| 100|0x00000000c6400000, 0x00000000c6400000, 0x00000000c6500000|  0%| F|  |TAMS 0x00000000c6400000, 0x00000000c6400000| Untracked 
| 101|0x00000000c6500000, 0x00000000c6500000, 0x00000000c6600000|  0%| F|  |TAMS 0x00000000c6500000, 0x00000000c6500000| Untracked 
| 102|0x00000000c6600000, 0x00000000c6600000, 0x00000000c6700000|  0%| F|  |TAMS 0x00000000c6600000, 0x00000000c6600000| Untracked 
| 103|0x00000000c6700000, 0x00000000c6700000, 0x00000000c6800000|  0%| F|  |TAMS 0x00000000c6700000, 0x00000000c6700000| Untracked 
| 104|0x00000000c6800000, 0x00000000c6800000, 0x00000000c6900000|  0%| F|  |TAMS 0x00000000c6800000, 0x00000000c6800000| Untracked 
| 105|0x00000000c6900000, 0x00000000c6900000, 0x00000000c6a00000|  0%| F|  |TAMS 0x00000000c6900000, 0x00000000c6900000| Untracked 
| 106|0x00000000c6a00000, 0x00000000c6a00000, 0x00000000c6b00000|  0%| F|  |TAMS 0x00000000c6a00000, 0x00000000c6a00000| Untracked 
| 107|0x00000000c6b00000, 0x00000000c6b00000, 0x00000000c6c00000|  0%| F|  |TAMS 0x00000000c6b00000, 0x00000000c6b00000| Untracked 
| 108|0x00000000c6c00000, 0x00000000c6c00000, 0x00000000c6d00000|  0%| F|  |TAMS 0x00000000c6c00000, 0x00000000c6c00000| Untracked 
| 109|0x00000000c6d00000, 0x00000000c6d00000, 0x00000000c6e00000|  0%| F|  |TAMS 0x00000000c6d00000, 0x00000000c6d00000| Untracked 
| 110|0x00000000c6e00000, 0x00000000c6e00000, 0x00000000c6f00000|  0%| F|  |TAMS 0x00000000c6e00000, 0x00000000c6e00000| Untracked 
| 111|0x00000000c6f00000, 0x00000000c6f00000, 0x00000000c7000000|  0%| F|  |TAMS 0x00000000c6f00000, 0x00000000c6f00000| Untracked 
| 112|0x00000000c7000000, 0x00000000c7000000, 0x00000000c7100000|  0%| F|  |TAMS 0x00000000c7000000, 0x00000000c7000000| Untracked 
| 113|0x00000000c7100000, 0x00000000c7100000, 0x00000000c7200000|  0%| F|  |TAMS 0x00000000c7100000, 0x00000000c7100000| Untracked 
| 114|0x00000000c7200000, 0x00000000c7200000, 0x00000000c7300000|  0%| F|  |TAMS 0x00000000c7200000, 0x00000000c7200000| Untracked 
| 115|0x00000000c7300000, 0x00000000c7300000, 0x00000000c7400000|  0%| F|  |TAMS 0x00000000c7300000, 0x00000000c7300000| Untracked 
| 116|0x00000000c7400000, 0x00000000c7400000, 0x00000000c7500000|  0%| F|  |TAMS 0x00000000c7400000, 0x00000000c7400000| Untracked 
| 117|0x00000000c7500000, 0x00000000c7500000, 0x00000000c7600000|  0%| F|  |TAMS 0x00000000c7500000, 0x00000000c7500000| Untracked 
| 118|0x00000000c7600000, 0x00000000c7600000, 0x00000000c7700000|  0%| F|  |TAMS 0x00000000c7600000, 0x00000000c7600000| Untracked 
| 119|0x00000000c7700000, 0x00000000c7700000, 0x00000000c7800000|  0%| F|  |TAMS 0x00000000c7700000, 0x00000000c7700000| Untracked 
| 120|0x00000000c7800000, 0x00000000c7800000, 0x00000000c7900000|  0%| F|  |TAMS 0x00000000c7800000, 0x00000000c7800000| Untracked 
| 121|0x00000000c7900000, 0x00000000c7900000, 0x00000000c7a00000|  0%| F|  |TAMS 0x00000000c7900000, 0x00000000c7900000| Untracked 
| 122|0x00000000c7a00000, 0x00000000c7a00000, 0x00000000c7b00000|  0%| F|  |TAMS 0x00000000c7a00000, 0x00000000c7a00000| Untracked 
| 123|0x00000000c7b00000, 0x00000000c7b00000, 0x00000000c7c00000|  0%| F|  |TAMS 0x00000000c7b00000, 0x00000000c7b00000| Untracked 
| 124|0x00000000c7c00000, 0x00000000c7c00000, 0x00000000c7d00000|  0%| F|  |TAMS 0x00000000c7c00000, 0x00000000c7c00000| Untracked 
| 125|0x00000000c7d00000, 0x00000000c7d00000, 0x00000000c7e00000|  0%| F|  |TAMS 0x00000000c7d00000, 0x00000000c7d00000| Untracked 
| 126|0x00000000c7e00000, 0x00000000c7e00000, 0x00000000c7f00000|  0%| F|  |TAMS 0x00000000c7e00000, 0x00000000c7e00000| Untracked 
| 127|0x00000000c7f00000, 0x00000000c7f00000, 0x00000000c8000000|  0%| F|  |TAMS 0x00000000c7f00000, 0x00000000c7f00000| Untracked 
| 128|0x00000000c8000000, 0x00000000c801f808, 0x00000000c8100000| 12%| E|  |TAMS 0x00000000c8000000, 0x00000000c8000000| Complete 
| 147|0x00000000c9300000, 0x00000000c9400000, 0x00000000c9400000|100%| O|  |TAMS 0x00000000c9400000, 0x00000000c9300000| Untracked 

Card table byte_map: [0x000002c0db2d0000,0x000002c0db4d0000] _byte_map_base: 0x000002c0dacd0000

Marking Bits (Prev, Next): (CMBitMap*) 0x000002c0d31a5370, (CMBitMap*) 0x000002c0d31a53b0
 Prev Bits: [0x000002c0db6d0000, 0x000002c0dc6d0000)
 Next Bits: [0x000002c0dc6d0000, 0x000002c0dd6d0000)

Polling page: 0x000002c0d2fb0000

Metaspace:

Usage:
  Non-class:     52.60 MB used.
      Class:      8.26 MB used.
       Both:     60.87 MB used.

Virtual space:
  Non-class space:       56.00 MB reserved,      52.88 MB ( 94%) committed,  7 nodes.
      Class space:        1.00 GB reserved,       8.44 MB ( <1%) committed,  1 nodes.
             Both:        1.05 GB reserved,      61.31 MB (  6%) committed. 

Chunk freelists:
   Non-Class:  2.31 MB
       Class:  3.51 MB
        Both:  5.82 MB

MaxMetaspaceSize: unlimited
CompressedClassSpaceSize: 1.00 GB
Initial GC threshold: 21.00 MB
Current GC threshold: 102.19 MB
CDS: off
MetaspaceReclaimPolicy: balanced
 - commit_granule_bytes: 65536.
 - commit_granule_words: 8192.
 - virtual_space_node_default_size: 1048576.
 - enlarge_chunks_in_place: 1.
 - new_chunks_are_fully_committed: 0.
 - uncommit_free_chunks: 1.
 - use_allocation_guard: 0.
 - handle_deallocations: 1.


Internal statistics:

num_allocs_failed_limit: 9.
num_arena_births: 692.
num_arena_deaths: 212.
num_vsnodes_births: 8.
num_vsnodes_deaths: 0.
num_space_committed: 981.
num_space_uncommitted: 0.
num_chunks_returned_to_freelist: 271.
num_chunks_taken_from_freelist: 2739.
num_chunk_merges: 94.
num_chunk_splits: 1848.
num_chunks_enlarged: 1391.
num_purges: 12.
num_inconsistent_stats: 0.

CodeCache: size=49152Kb used=18157Kb max_used=18717Kb free=30994Kb
 bounds [0x000002c0d7620000, 0x000002c0d8880000, 0x000002c0da620000]
 total_blobs=10143 nmethods=9475 adapters=594
 compilation: enabled
              stopped_count=0, restarted_count=0
 full_count=0

Compilation events (20 events):
Event: 12459.391 Thread 0x000002c0e0c61910 nmethod 9468 0x000002c0d877d110 code [0x000002c0d877d400, 0x000002c0d877e598]
Event: 12459.391 Thread 0x000002c0e0c61910 9471       1       org.eclipse.jdt.internal.compiler.lookup.FieldBinding::isProtected (13 bytes)
Event: 12459.391 Thread 0x000002c0e0c61910 nmethod 9471 0x000002c0d877ce10 code [0x000002c0d877cfa0, 0x000002c0d877d098]
Event: 12459.391 Thread 0x000002c0e0c61910 9470       1       org.eclipse.jdt.internal.compiler.flow.UnconditionalFlowInfo::copy (307 bytes)
Event: 12459.391 Thread 0x000002c0e83c8a00 nmethod 9472 0x000002c0d877b790 code [0x000002c0d877bac0, 0x000002c0d877c628]
Event: 12459.391 Thread 0x000002c0e83c8a00 9466       1       org.eclipse.jdt.internal.compiler.ast.Expression::getPolyExpressions (22 bytes)
Event: 12459.391 Thread 0x000002c0e83c8a00 nmethod 9466 0x000002c0d877b290 code [0x000002c0d877b440, 0x000002c0d877b6c8]
Event: 12459.391 Thread 0x000002c0e0c61910 nmethod 9470 0x000002c0d8779890 code [0x000002c0d8779b20, 0x000002c0d877aba8]
Event: 12459.391 Thread 0x000002c0e0c61910 9469       1       org.eclipse.jdt.internal.compiler.lookup.ParameterizedMethodBinding::<init> (5 bytes)
Event: 12459.391 Thread 0x000002c0e0c61910 nmethod 9469 0x000002c0d8779410 code [0x000002c0d87795c0, 0x000002c0d87797d8]
Event: 12459.391 Thread 0x000002c0e0c61910 9473       1       org.eclipse.jdt.core.dom.AST::setDefaultNodeFlag (6 bytes)
Event: 12459.391 Thread 0x000002c0e0c61910 nmethod 9473 0x000002c0d8779110 code [0x000002c0d87792a0, 0x000002c0d8779378]
Event: 12462.784 Thread 0x000002c0e0c61910 9474       1       java.time.LocalDateTime::<init> (15 bytes)
Event: 12462.785 Thread 0x000002c0e0c61910 nmethod 9474 0x000002c0d8778d90 code [0x000002c0d8778f20, 0x000002c0d8779078]
Event: 12463.728 Thread 0x000002c0e0c61910 9475       1       java.time.LocalTime::create (26 bytes)
Event: 12463.728 Thread 0x000002c0e0c61910 nmethod 9475 0x000002c0d8778990 code [0x000002c0d8778b20, 0x000002c0d8778c98]
Event: 12463.728 Thread 0x000002c0e0c61910 9476       1       org.eclipse.lsp4j.jsonrpc.messages.Either::isRight (13 bytes)
Event: 12463.728 Thread 0x000002c0e0c61910 nmethod 9476 0x000002c0d8778690 code [0x000002c0d8778820, 0x000002c0d87788f8]
Event: 12464.014 Thread 0x000002c0e0c61910 9477       1       com.google.common.cache.LocalCache$2::poll (2 bytes)
Event: 12464.014 Thread 0x000002c0e0c61910 nmethod 9477 0x000002c0d8778390 code [0x000002c0d8778520, 0x000002c0d87785f8]

GC Heap History (20 events):
Event: 15389.065 GC heap before
{Heap before GC invocations=1439 (full 1395):
 garbage-first heap   total 133120K, used 41911K [0x00000000c0000000, 0x0000000100000000)
  region size 1024K, 1 young (1024K), 0 survivors (0K)
 Metaspace       used 62325K, committed 62784K, reserved 1105920K
  class space    used 8461K, committed 8640K, reserved 1048576K
}
Event: 15389.087 GC heap after
{Heap after GC invocations=1440 (full 1396):
 garbage-first heap   total 133120K, used 41911K [0x00000000c0000000, 0x0000000100000000)
  region size 1024K, 0 young (0K), 0 survivors (0K)
 Metaspace       used 62325K, committed 62784K, reserved 1105920K
  class space    used 8461K, committed 8640K, reserved 1048576K
}
Event: 15399.190 GC heap before
{Heap before GC invocations=1440 (full 1396):
 garbage-first heap   total 133120K, used 41911K [0x00000000c0000000, 0x0000000100000000)
  region size 1024K, 1 young (1024K), 0 survivors (0K)
 Metaspace       used 62325K, committed 62784K, reserved 1105920K
  class space    used 8461K, committed 8640K, reserved 1048576K
}
Event: 15399.216 GC heap after
{Heap after GC invocations=1441 (full 1397):
 garbage-first heap   total 133120K, used 41911K [0x00000000c0000000, 0x0000000100000000)
  region size 1024K, 0 young (0K), 0 survivors (0K)
 Metaspace       used 62325K, committed 62784K, reserved 1105920K
  class space    used 8461K, committed 8640K, reserved 1048576K
}
Event: 15409.295 GC heap before
{Heap before GC invocations=1441 (full 1397):
 garbage-first heap   total 133120K, used 41911K [0x00000000c0000000, 0x0000000100000000)
  region size 1024K, 1 young (1024K), 0 survivors (0K)
 Metaspace       used 62325K, committed 62784K, reserved 1105920K
  class space    used 8461K, committed 8640K, reserved 1048576K
}
Event: 15409.319 GC heap after
{Heap after GC invocations=1442 (full 1398):
 garbage-first heap   total 133120K, used 41911K [0x00000000c0000000, 0x0000000100000000)
  region size 1024K, 0 young (0K), 0 survivors (0K)
 Metaspace       used 62325K, committed 62784K, reserved 1105920K
  class space    used 8461K, committed 8640K, reserved 1048576K
}
Event: 15419.409 GC heap before
{Heap before GC invocations=1442 (full 1398):
 garbage-first heap   total 133120K, used 41911K [0x00000000c0000000, 0x0000000100000000)
  region size 1024K, 1 young (1024K), 0 survivors (0K)
 Metaspace       used 62325K, committed 62784K, reserved 1105920K
  class space    used 8461K, committed 8640K, reserved 1048576K
}
Event: 15419.441 GC heap after
{Heap after GC invocations=1443 (full 1399):
 garbage-first heap   total 133120K, used 41911K [0x00000000c0000000, 0x0000000100000000)
  region size 1024K, 0 young (0K), 0 survivors (0K)
 Metaspace       used 62325K, committed 62784K, reserved 1105920K
  class space    used 8461K, committed 8640K, reserved 1048576K
}
Event: 15429.536 GC heap before
{Heap before GC invocations=1443 (full 1399):
 garbage-first heap   total 133120K, used 41911K [0x00000000c0000000, 0x0000000100000000)
  region size 1024K, 1 young (1024K), 0 survivors (0K)
 Metaspace       used 62325K, committed 62784K, reserved 1105920K
  class space    used 8461K, committed 8640K, reserved 1048576K
}
Event: 15429.559 GC heap after
{Heap after GC invocations=1444 (full 1400):
 garbage-first heap   total 133120K, used 41911K [0x00000000c0000000, 0x0000000100000000)
  region size 1024K, 0 young (0K), 0 survivors (0K)
 Metaspace       used 62325K, committed 62784K, reserved 1105920K
  class space    used 8461K, committed 8640K, reserved 1048576K
}
Event: 15439.645 GC heap before
{Heap before GC invocations=1444 (full 1400):
 garbage-first heap   total 133120K, used 41911K [0x00000000c0000000, 0x0000000100000000)
  region size 1024K, 1 young (1024K), 0 survivors (0K)
 Metaspace       used 62325K, committed 62784K, reserved 1105920K
  class space    used 8461K, committed 8640K, reserved 1048576K
}
Event: 15439.669 GC heap after
{Heap after GC invocations=1445 (full 1401):
 garbage-first heap   total 133120K, used 41911K [0x00000000c0000000, 0x0000000100000000)
  region size 1024K, 0 young (0K), 0 survivors (0K)
 Metaspace       used 62325K, committed 62784K, reserved 1105920K
  class space    used 8461K, committed 8640K, reserved 1048576K
}
Event: 15449.755 GC heap before
{Heap before GC invocations=1445 (full 1401):
 garbage-first heap   total 133120K, used 41911K [0x00000000c0000000, 0x0000000100000000)
  region size 1024K, 1 young (1024K), 0 survivors (0K)
 Metaspace       used 62325K, committed 62784K, reserved 1105920K
  class space    used 8461K, committed 8640K, reserved 1048576K
}
Event: 15449.780 GC heap after
{Heap after GC invocations=1446 (full 1402):
 garbage-first heap   total 133120K, used 41911K [0x00000000c0000000, 0x0000000100000000)
  region size 1024K, 0 young (0K), 0 survivors (0K)
 Metaspace       used 62325K, committed 62784K, reserved 1105920K
  class space    used 8461K, committed 8640K, reserved 1048576K
}
Event: 15459.875 GC heap before
{Heap before GC invocations=1446 (full 1402):
 garbage-first heap   total 133120K, used 41911K [0x00000000c0000000, 0x0000000100000000)
  region size 1024K, 1 young (1024K), 0 survivors (0K)
 Metaspace       used 62325K, committed 62784K, reserved 1105920K
  class space    used 8461K, committed 8640K, reserved 1048576K
}
Event: 15459.900 GC heap after
{Heap after GC invocations=1447 (full 1403):
 garbage-first heap   total 133120K, used 41911K [0x00000000c0000000, 0x0000000100000000)
  region size 1024K, 0 young (0K), 0 survivors (0K)
 Metaspace       used 62325K, committed 62784K, reserved 1105920K
  class space    used 8461K, committed 8640K, reserved 1048576K
}
Event: 15470.005 GC heap before
{Heap before GC invocations=1447 (full 1403):
 garbage-first heap   total 133120K, used 41911K [0x00000000c0000000, 0x0000000100000000)
  region size 1024K, 1 young (1024K), 0 survivors (0K)
 Metaspace       used 62325K, committed 62784K, reserved 1105920K
  class space    used 8461K, committed 8640K, reserved 1048576K
}
Event: 15470.029 GC heap after
{Heap after GC invocations=1448 (full 1404):
 garbage-first heap   total 133120K, used 41911K [0x00000000c0000000, 0x0000000100000000)
  region size 1024K, 0 young (0K), 0 survivors (0K)
 Metaspace       used 62325K, committed 62784K, reserved 1105920K
  class space    used 8461K, committed 8640K, reserved 1048576K
}
Event: 15480.111 GC heap before
{Heap before GC invocations=1448 (full 1404):
 garbage-first heap   total 133120K, used 41911K [0x00000000c0000000, 0x0000000100000000)
  region size 1024K, 1 young (1024K), 0 survivors (0K)
 Metaspace       used 62325K, committed 62784K, reserved 1105920K
  class space    used 8461K, committed 8640K, reserved 1048576K
}
Event: 15480.139 GC heap after
{Heap after GC invocations=1449 (full 1405):
 garbage-first heap   total 133120K, used 41911K [0x00000000c0000000, 0x0000000100000000)
  region size 1024K, 0 young (0K), 0 survivors (0K)
 Metaspace       used 62325K, committed 62784K, reserved 1105920K
  class space    used 8461K, committed 8640K, reserved 1048576K
}

Dll operation events (9 events):
Event: 0.075 Loaded shared library c:\Users\±è¹Î±Õ\.vscode\extensions\redhat.java-1.16.0-win32-x64\jre\17.0.6-win32-x86_64\bin\java.dll
Event: 0.586 Loaded shared library C:\Users\±è¹Î±Õ\.vscode\extensions\redhat.java-1.16.0-win32-x64\jre\17.0.6-win32-x86_64\bin\net.dll
Event: 0.589 Loaded shared library C:\Users\±è¹Î±Õ\.vscode\extensions\redhat.java-1.16.0-win32-x64\jre\17.0.6-win32-x86_64\bin\nio.dll
Event: 1.093 Loaded shared library C:\Users\±è¹Î±Õ\.vscode\extensions\redhat.java-1.16.0-win32-x64\jre\17.0.6-win32-x86_64\bin\zip.dll
Event: 6.327 Loaded shared library C:\Users\±è¹Î±Õ\.vscode\extensions\redhat.java-1.16.0-win32-x64\jre\17.0.6-win32-x86_64\bin\jimage.dll
Event: 11.178 Loaded shared library C:\Users\±è¹Î±Õ\.vscode\extensions\redhat.java-1.16.0-win32-x64\jre\17.0.6-win32-x86_64\bin\management.dll
Event: 11.207 Loaded shared library C:\Users\±è¹Î±Õ\.vscode\extensions\redhat.java-1.16.0-win32-x64\jre\17.0.6-win32-x86_64\bin\management_ext.dll
Event: 14.175 Loaded shared library C:\Users\±è¹Î±Õ\.vscode\extensions\redhat.java-1.16.0-win32-x64\jre\17.0.6-win32-x86_64\bin\sunmscapi.dll
Event: 17.885 Loaded shared library c:\Users\±è¹Î±Õ\.vscode\extensions\redhat.java-1.16.0-win32-x64\jre\17.0.6-win32-x86_64\bin\verify.dll

Deoptimization events (20 events):
Event: 18.640 Thread 0x000002c0e17acb40 DEOPT PACKING pc=0x000002c0d867edf4 sp=0x000000d85c8fde90
Event: 18.640 Thread 0x000002c0e17acb40 DEOPT UNPACKING pc=0x000002c0d7677143 sp=0x000000d85c8fd3c0 mode 0
Event: 18.640 Thread 0x000002c0e17acb40 DEOPT PACKING pc=0x000002c0d86257f4 sp=0x000000d85c8fe190
Event: 18.640 Thread 0x000002c0e17acb40 DEOPT UNPACKING pc=0x000002c0d7677143 sp=0x000000d85c8fd688 mode 0
Event: 18.640 Thread 0x000002c0e17acb40 DEOPT PACKING pc=0x000002c0d85af474 sp=0x000000d85c8fe260
Event: 18.640 Thread 0x000002c0e17acb40 DEOPT UNPACKING pc=0x000002c0d7677143 sp=0x000000d85c8fd738 mode 0
Event: 18.640 Thread 0x000002c0e17acb40 DEOPT PACKING pc=0x000002c0d85a6924 sp=0x000000d85c8fe310
Event: 18.640 Thread 0x000002c0e17acb40 DEOPT UNPACKING pc=0x000002c0d7677143 sp=0x000000d85c8fd890 mode 0
Event: 18.641 Thread 0x000002c0e17acb40 DEOPT PACKING pc=0x000002c0d8641b2c sp=0x000000d85c8fe630
Event: 18.641 Thread 0x000002c0e17acb40 DEOPT UNPACKING pc=0x000002c0d7677143 sp=0x000000d85c8fdac0 mode 0
Event: 5470.067 Thread 0x000002c0e0e9e930 DEOPT PACKING pc=0x000002c0d7c47054 sp=0x000000d85c2fed80
Event: 5470.067 Thread 0x000002c0e0e9e930 DEOPT UNPACKING pc=0x000002c0d7677143 sp=0x000000d85c2fe208 mode 0
Event: 5471.246 Thread 0x000002c0e7c43a40 DEOPT PACKING pc=0x000002c0d7b415a0 sp=0x000000d859bfd010
Event: 5471.246 Thread 0x000002c0e7c43a40 DEOPT UNPACKING pc=0x000002c0d7677143 sp=0x000000d859bfc490 mode 3
Event: 5476.424 Thread 0x000002c0e7c448b0 DEOPT PACKING pc=0x000002c0d86f7ed5 sp=0x000000d859cfd1c0
Event: 5476.424 Thread 0x000002c0e7c448b0 DEOPT UNPACKING pc=0x000002c0d7677143 sp=0x000000d859cfc6c0 mode 3
Event: 5476.576 Thread 0x000002c0e7c3f6e0 DEOPT PACKING pc=0x000002c0d871788f sp=0x000000d85adfc0d0
Event: 5476.576 Thread 0x000002c0e7c3f6e0 DEOPT UNPACKING pc=0x000002c0d7677143 sp=0x000000d85adfb5d8 mode 3
Event: 12404.623 Thread 0x000002c0e7c41890 DEOPT PACKING pc=0x000002c0d823f924 sp=0x000000d859cfdeb0
Event: 12404.623 Thread 0x000002c0e7c41890 DEOPT UNPACKING pc=0x000002c0d7677143 sp=0x000000d859cfd400 mode 0

Classes unloaded (20 events):
Event: 141.698 Thread 0x000002c0e03c3a60 Unloading class 0x000000010008b400 'java/lang/invoke/LambdaForm$MH+0x000000010008b400'
Event: 141.698 Thread 0x000002c0e03c3a60 Unloading class 0x000000010008b000 'java/lang/invoke/LambdaForm$MH+0x000000010008b000'
Event: 141.698 Thread 0x000002c0e03c3a60 Unloading class 0x000000010008ac00 'java/lang/invoke/LambdaForm$MH+0x000000010008ac00'
Event: 141.698 Thread 0x000002c0e03c3a60 Unloading class 0x000000010008a800 'java/lang/invoke/LambdaForm$MH+0x000000010008a800'
Event: 141.698 Thread 0x000002c0e03c3a60 Unloading class 0x000000010008a400 'java/lang/invoke/LambdaForm$MH+0x000000010008a400'
Event: 141.698 Thread 0x000002c0e03c3a60 Unloading class 0x000000010008a000 'java/lang/invoke/LambdaForm$MH+0x000000010008a000'
Event: 141.698 Thread 0x000002c0e03c3a60 Unloading class 0x0000000100089800 'java/lang/invoke/LambdaForm$MH+0x0000000100089800'
Event: 141.698 Thread 0x000002c0e03c3a60 Unloading class 0x0000000100089000 'java/lang/invoke/LambdaForm$MH+0x0000000100089000'
Event: 141.698 Thread 0x000002c0e03c3a60 Unloading class 0x0000000100088800 'java/lang/invoke/LambdaForm$MH+0x0000000100088800'
Event: 141.698 Thread 0x000002c0e03c3a60 Unloading class 0x0000000100088000 'java/lang/invoke/LambdaForm$MH+0x0000000100088000'
Event: 5574.679 Thread 0x000002c0e03c3a60 Unloading class 0x0000000100540400 'java/lang/invoke/LambdaForm$MH+0x0000000100540400'
Event: 5574.679 Thread 0x000002c0e03c3a60 Unloading class 0x0000000100614800 'java/lang/invoke/LambdaForm$MH+0x0000000100614800'
Event: 5574.679 Thread 0x000002c0e03c3a60 Unloading class 0x0000000100615000 'java/lang/invoke/LambdaForm$MH+0x0000000100615000'
Event: 12504.685 Thread 0x000002c0e03c3a60 Unloading class 0x000000010034f400 'java/lang/invoke/LambdaForm$MH+0x000000010034f400'
Event: 12504.685 Thread 0x000002c0e03c3a60 Unloading class 0x0000000100350400 'java/lang/invoke/LambdaForm$MH+0x0000000100350400'
Event: 12504.685 Thread 0x000002c0e03c3a60 Unloading class 0x0000000100350c00 'java/lang/invoke/LambdaForm$MH+0x0000000100350c00'
Event: 12504.685 Thread 0x000002c0e03c3a60 Unloading class 0x0000000100370c00 'java/lang/invoke/LambdaForm$MH+0x0000000100370c00'
Event: 12504.685 Thread 0x000002c0e03c3a60 Unloading class 0x000000010039c400 'java/lang/invoke/LambdaForm$MH+0x000000010039c400'
Event: 12504.685 Thread 0x000002c0e03c3a60 Unloading class 0x000000010039e000 'java/lang/invoke/LambdaForm$MH+0x000000010039e000'
Event: 12504.685 Thread 0x000002c0e03c3a60 Unloading class 0x00000001004c8000 'java/lang/invoke/LambdaForm$MH+0x00000001004c8000'

Classes redefined (0 events):
No events

Internal exceptions (20 events):
Event: 17.642 Thread 0x000002c0e7c42bd0 Exception <a 'sun/nio/fs/WindowsException'{0x00000000df4116c8}> (0x00000000df4116c8) 
thrown [s\src\hotspot\share\prims\jni.cpp, line 516]
Event: 17.751 Thread 0x000002c0e7c43a40 Exception <a 'sun/nio/fs/WindowsException'{0x00000000dd0d1058}> (0x00000000dd0d1058) 
thrown [s\src\hotspot\share\prims\jni.cpp, line 516]
Event: 17.751 Thread 0x000002c0e7c3ded0 Exception <a 'sun/nio/fs/WindowsException'{0x00000000dceac4d0}> (0x00000000dceac4d0) 
thrown [s\src\hotspot\share\prims\jni.cpp, line 516]
Event: 17.752 Thread 0x000002c0e7c43a40 Exception <a 'sun/nio/fs/WindowsException'{0x00000000dd0d4f38}> (0x00000000dd0d4f38) 
thrown [s\src\hotspot\share\prims\jni.cpp, line 516]
Event: 17.752 Thread 0x000002c0e7c443e0 Exception <a 'sun/nio/fs/WindowsException'{0x00000000dce7b560}> (0x00000000dce7b560) 
thrown [s\src\hotspot\share\prims\jni.cpp, line 516]
Event: 17.752 Thread 0x000002c0e7c42700 Exception <a 'sun/nio/fs/WindowsException'{0x00000000dda56b10}> (0x00000000dda56b10) 
thrown [s\src\hotspot\share\prims\jni.cpp, line 516]
Event: 17.752 Thread 0x000002c0e7c3ded0 Exception <a 'sun/nio/fs/WindowsException'{0x00000000dceb0428}> (0x00000000dceb0428) 
thrown [s\src\hotspot\share\prims\jni.cpp, line 516]
Event: 17.773 Thread 0x000002c0e17acb40 Exception <a 'java/lang/NoSuchMethodError'{0x00000000df5d9a60}: 'void java.lang.invoke.DirectMethodHandle$Holder.invokeStatic(java.lang.Object, java.lang.Object, java.lang.Object, java.lang.Object, java.lang.Object, java.lang.Object, java.lang.Object)'> (0x00000000df5d9a60) 
thrown [s\src\hotspot\share\interpreter\linkResolver.cpp, line 759]
Event: 19.333 Thread 0x000002c0e7c3da00 Exception <a 'java/lang/NoSuchMethodError'{0x00000000ded29720}: 'java.lang.Object java.lang.invoke.DirectMethodHandle$Holder.newInvokeSpecial(java.lang.Object, java.lang.Object, java.lang.Object, java.lang.Object, java.lang.Object, long)'> (0x00000000ded29720) 
thrown [s\src\hotspot\share\interpreter\linkResolver.cpp, line 759]
Event: 19.334 Thread 0x000002c0e7c3da00 Exception <a 'java/lang/NoSuchMethodError'{0x00000000ded2dd90}: 'java.lang.Object java.lang.invoke.DirectMethodHandle$Holder.invokeSpecial(java.lang.Object, java.lang.Object, java.lang.Object, java.lang.Object, java.lang.Object, java.lang.Object, long)'> (0x00000000ded2dd90) 
thrown [s\src\hotspot\share\interpreter\linkResolver.cpp, line 759]
Event: 111.227 Thread 0x000002c0e1836830 Exception <a 'java/lang/NoSuchMethodError'{0x00000000dec82dd8}: 'void java.lang.invoke.DirectMethodHandle$Holder.invokeStatic(java.lang.Object, long)'> (0x00000000dec82dd8) 
thrown [s\src\hotspot\share\interpreter\linkResolver.cpp, line 759]
Event: 111.227 Thread 0x000002c0e1836830 Exception <a 'java/lang/NoSuchMethodError'{0x00000000dec88188}: 'java.lang.Object java.lang.invoke.DirectMethodHandle$Holder.newInvokeSpecial(java.lang.Object, long)'> (0x00000000dec88188) 
thrown [s\src\hotspot\share\interpreter\linkResolver.cpp, line 759]
Event: 5471.018 Thread 0x000002c0e7c3f6e0 Exception <a 'java/lang/NoSuchMethodError'{0x00000000c7dcf920}: 'java.lang.Object java.lang.invoke.DirectMethodHandle$Holder.newInvokeSpecial(java.lang.Object, java.lang.Object, java.lang.Object, java.lang.Object, java.lang.Object, java.lang.Object, java.lang.Object)'> (0x00000000c7dcf920) 
thrown [s\src\hotspot\share\interpreter\linkResolver.cpp, line 759]
Event: 5471.019 Thread 0x000002c0e7c3f6e0 Exception <a 'java/lang/NoSuchMethodError'{0x00000000c7dd4230}: 'java.lang.Object java.lang.invoke.Invokers$Holder.linkToTargetMethod(java.lang.Object, java.lang.Object, java.lang.Object, java.lang.Object, java.lang.Object, java.lang.Object, java.lang.Object)'> (0x00000000c7dd4230) 
thrown [s\src\hotspot\share\interpreter\linkResolver.cpp, line 759]
Event: 5471.245 Thread 0x000002c0e7c43a40 Implicit null exception at 0x000002c0d7b4135a to 0x000002c0d7b4159b
Event: 5476.424 Thread 0x000002c0e7c448b0 Implicit null exception at 0x000002c0d86f7628 to 0x000002c0d86f7ed0
Event: 5476.576 Thread 0x000002c0e7c3f6e0 Implicit null exception at 0x000002c0d87175ff to 0x000002c0d871788a
Event: 12400.585 Thread 0x000002c0e7c3fbb0 Exception <a 'java/lang/NoSuchMethodError'{0x00000000c492c2e0}: 'java.lang.Object java.lang.invoke.DirectMethodHandle$Holder.newInvokeSpecial(java.lang.Object, java.lang.Object, int, java.lang.Object)'> (0x00000000c492c2e0) 
thrown [s\src\hotspot\share\interpreter\linkResolver.cpp, line 759]
Event: 12400.585 Thread 0x000002c0e7c3fbb0 Exception <a 'java/lang/NoSuchMethodError'{0x00000000c492fc00}: 'java.lang.Object java.lang.invoke.Invokers$Holder.linkToTargetMethod(java.lang.Object, int, java.lang.Object, java.lang.Object)'> (0x00000000c492fc00) 
thrown [s\src\hotspot\share\interpreter\linkResolver.cpp, line 759]
Event: 15490.146 Thread 0x000002c0e1836830 Exception <a 'java/io/IOException'{0x00000000c8000650}: CreateProcess error=1450, ìì¤í ë¦¬ìì¤ê° ë¶ì¡±íê¸° ëë¬¸ì ìì²­í ìë¹ì¤ë¥¼ ìì±í  ì ììµëë¤> (0x00000000c8000650) 
thrown [s\src\hotspot\share\prims\jni.cpp, line 535]

VM Operations (20 events):
Event: 15399.217 Executing VM operation: G1CollectFull done
Event: 15409.295 Executing VM operation: G1CollectFull
Event: 15409.319 Executing VM operation: G1CollectFull done
Event: 15419.409 Executing VM operation: G1CollectFull
Event: 15419.441 Executing VM operation: G1CollectFull done
Event: 15429.536 Executing VM operation: G1CollectFull
Event: 15429.559 Executing VM operation: G1CollectFull done
Event: 15439.644 Executing VM operation: G1CollectFull
Event: 15439.669 Executing VM operation: G1CollectFull done
Event: 15449.755 Executing VM operation: G1CollectFull
Event: 15449.780 Executing VM operation: G1CollectFull done
Event: 15459.875 Executing VM operation: G1CollectFull
Event: 15459.900 Executing VM operation: G1CollectFull done
Event: 15470.005 Executing VM operation: G1CollectFull
Event: 15470.030 Executing VM operation: G1CollectFull done
Event: 15480.111 Executing VM operation: G1CollectFull
Event: 15480.139 Executing VM operation: G1CollectFull done
Event: 15490.222 Executing VM operation: Cleanup
Event: 15490.222 Executing VM operation: Cleanup done
Event: 15500.221 Executing VM operation: G1CollectFull

Events (20 events):
Event: 12402.830 Thread 0x000002c0e5364e20 Thread exited: 0x000002c0e5364e20
Event: 12403.096 Thread 0x000002c0e7c3d530 Thread added: 0x000002c0e7c3d530
Event: 12404.073 Thread 0x000002c0e5364e20 Thread added: 0x000002c0e5364e20
Event: 12404.622 loading class java/util/Spliterators$IntArraySpliterator
Event: 12404.622 loading class java/util/Spliterators$IntArraySpliterator done
Event: 12404.622 loading class java/util/stream/Nodes$IntSpinedNodeBuilder
Event: 12404.622 loading class java/util/stream/SpinedBuffer$OfInt
Event: 12404.622 loading class java/util/stream/SpinedBuffer$OfPrimitive
Event: 12404.622 loading class java/util/stream/SpinedBuffer$OfPrimitive done
Event: 12404.622 loading class java/util/stream/SpinedBuffer$OfInt done
Event: 12404.622 loading class java/util/stream/Nodes$IntSpinedNodeBuilder done
Event: 12406.963 Thread 0x000002c0e5364e20 Thread exited: 0x000002c0e5364e20
Event: 12408.733 Thread 0x000002c0e7c40080 Thread added: 0x000002c0e7c40080
Event: 12459.390 Thread 0x000002c0e83c8a00 Thread added: 0x000002c0e83c8a00
Event: 12462.784 Thread 0x000002c0e83c8a00 Thread exited: 0x000002c0e83c8a00
Event: 12463.107 Thread 0x000002c0e7c3fbb0 Thread exited: 0x000002c0e7c3fbb0
Event: 12465.807 Thread 0x000002c0e7c42bd0 Thread exited: 0x000002c0e7c42bd0
Event: 12468.743 Thread 0x000002c0e7c40080 Thread exited: 0x000002c0e7c40080
Event: 12519.399 Thread 0x000002c0e7c41890 Thread exited: 0x000002c0e7c41890
Event: 12524.017 Thread 0x000002c0e7c3d530 Thread exited: 0x000002c0e7c3d530


Dynamic libraries:
0x00007ff6543e0000 - 0x00007ff6543ee000 	c:\Users\±è¹Î±Õ\.vscode\extensions\redhat.java-1.16.0-win32-x64\jre\17.0.6-win32-x86_64\bin\java.exe
0x00007ffe9bb30000 - 0x00007ffe9bd28000 	C:\WINDOWS\SYSTEM32\ntdll.dll
0x00007ffe9abb0000 - 0x00007ffe9ac6f000 	C:\WINDOWS\System32\KERNEL32.DLL
0x00007ffe99230000 - 0x00007ffe99502000 	C:\WINDOWS\System32\KERNELBASE.dll
0x00007ffe99740000 - 0x00007ffe99840000 	C:\WINDOWS\System32\ucrtbase.dll
0x00007ffe91d60000 - 0x00007ffe91d77000 	c:\Users\±è¹Î±Õ\.vscode\extensions\redhat.java-1.16.0-win32-x64\jre\17.0.6-win32-x86_64\bin\jli.dll
0x00007ffe7a360000 - 0x00007ffe7a379000 	c:\Users\±è¹Î±Õ\.vscode\extensions\redhat.java-1.16.0-win32-x64\jre\17.0.6-win32-x86_64\bin\VCRUNTIME140.dll
0x00007ffe9a960000 - 0x00007ffe9ab01000 	C:\WINDOWS\System32\USER32.dll
0x00007ffe99940000 - 0x00007ffe99962000 	C:\WINDOWS\System32\win32u.dll
0x00007ffe7d250000 - 0x00007ffe7d4ea000 	C:\WINDOWS\WinSxS\amd64_microsoft.windows.common-controls_6595b64144ccf1df_6.0.19041.1110_none_60b5254171f9507e\COMCTL32.dll
0x00007ffe9b020000 - 0x00007ffe9b04b000 	C:\WINDOWS\System32\GDI32.dll
0x00007ffe9ab10000 - 0x00007ffe9abae000 	C:\WINDOWS\System32\msvcrt.dll
0x00007ffe99a70000 - 0x00007ffe99b7f000 	C:\WINDOWS\System32\gdi32full.dll
0x00007ffe996a0000 - 0x00007ffe9973d000 	C:\WINDOWS\System32\msvcp_win.dll
0x00007ffe9b2c0000 - 0x00007ffe9b2f0000 	C:\WINDOWS\System32\IMM32.DLL
0x00007ffe96530000 - 0x00007ffe9653c000 	c:\Users\±è¹Î±Õ\.vscode\extensions\redhat.java-1.16.0-win32-x64\jre\17.0.6-win32-x86_64\bin\vcruntime140_1.dll
0x00007ffe3a130000 - 0x00007ffe3a1c1000 	c:\Users\±è¹Î±Õ\.vscode\extensions\redhat.java-1.16.0-win32-x64\jre\17.0.6-win32-x86_64\bin\msvcp140.dll
0x00007ffe37890000 - 0x00007ffe384d7000 	c:\Users\±è¹Î±Õ\.vscode\extensions\redhat.java-1.16.0-win32-x64\jre\17.0.6-win32-x86_64\bin\server\jvm.dll
0x00007ffe9add0000 - 0x00007ffe9ae7e000 	C:\WINDOWS\System32\ADVAPI32.dll
0x00007ffe9af80000 - 0x00007ffe9b01c000 	C:\WINDOWS\System32\sechost.dll
0x00007ffe9b400000 - 0x00007ffe9b524000 	C:\WINDOWS\System32\RPCRT4.dll
0x00007ffe948d0000 - 0x00007ffe948d9000 	C:\WINDOWS\SYSTEM32\WSOCK32.dll
0x00007ffe9ac70000 - 0x00007ffe9acdb000 	C:\WINDOWS\System32\WS2_32.dll
0x00007ffe89810000 - 0x00007ffe89837000 	C:\WINDOWS\SYSTEM32\WINMM.dll
0x00007ffe8bb40000 - 0x00007ffe8bb4a000 	C:\WINDOWS\SYSTEM32\VERSION.dll
0x00007ffe97a30000 - 0x00007ffe97a42000 	C:\WINDOWS\SYSTEM32\kernel.appcore.dll
0x00007ffe8fe40000 - 0x00007ffe8fe4a000 	c:\Users\±è¹Î±Õ\.vscode\extensions\redhat.java-1.16.0-win32-x64\jre\17.0.6-win32-x86_64\bin\jimage.dll
0x00007ffe96e10000 - 0x00007ffe96ff4000 	C:\WINDOWS\SYSTEM32\DBGHELP.DLL
0x00007ffe7fca0000 - 0x00007ffe7fcd5000 	C:\WINDOWS\SYSTEM32\dbgcore.DLL
0x00007ffe998b0000 - 0x00007ffe99932000 	C:\WINDOWS\System32\bcryptPrimitives.dll
0x00007ffe78670000 - 0x00007ffe78695000 	c:\Users\±è¹Î±Õ\.vscode\extensions\redhat.java-1.16.0-win32-x64\jre\17.0.6-win32-x86_64\bin\java.dll
0x00007ffe78650000 - 0x00007ffe78668000 	c:\Users\±è¹Î±Õ\.vscode\extensions\redhat.java-1.16.0-win32-x64\jre\17.0.6-win32-x86_64\bin\zip.dll
0x00007ffe99ce0000 - 0x00007ffe9a425000 	C:\WINDOWS\System32\SHELL32.dll
0x00007ffe97290000 - 0x00007ffe97a22000 	C:\WINDOWS\SYSTEM32\windows.storage.dll
0x00007ffe9b660000 - 0x00007ffe9b9b5000 	C:\WINDOWS\System32\combase.dll
0x00007ffe98ad0000 - 0x00007ffe98b00000 	C:\WINDOWS\SYSTEM32\Wldp.dll
0x00007ffe9b2f0000 - 0x00007ffe9b39d000 	C:\WINDOWS\System32\SHCORE.dll
0x00007ffe9b3a0000 - 0x00007ffe9b3f5000 	C:\WINDOWS\System32\shlwapi.dll
0x00007ffe99170000 - 0x00007ffe9918f000 	C:\WINDOWS\SYSTEM32\profapi.dll
0x00007ffe78630000 - 0x00007ffe78649000 	C:\Users\±è¹Î±Õ\.vscode\extensions\redhat.java-1.16.0-win32-x64\jre\17.0.6-win32-x86_64\bin\net.dll
0x00007ffe93960000 - 0x00007ffe93a6a000 	C:\WINDOWS\SYSTEM32\WINHTTP.dll
0x00007ffe988b0000 - 0x00007ffe9891a000 	C:\WINDOWS\system32\mswsock.dll
0x00007ffe785f0000 - 0x00007ffe78605000 	C:\Users\±è¹Î±Õ\.vscode\extensions\redhat.java-1.16.0-win32-x64\jre\17.0.6-win32-x86_64\bin\nio.dll
0x00007ffe98b10000 - 0x00007ffe98b28000 	C:\WINDOWS\SYSTEM32\CRYPTSP.dll
0x00007ffe981f0000 - 0x00007ffe98224000 	C:\WINDOWS\system32\rsaenh.dll
0x00007ffe99510000 - 0x00007ffe99537000 	C:\WINDOWS\System32\bcrypt.dll
0x00007ffe99130000 - 0x00007ffe9915e000 	C:\WINDOWS\SYSTEM32\USERENV.dll
0x00007ffe98a40000 - 0x00007ffe98a4c000 	C:\WINDOWS\SYSTEM32\CRYPTBASE.dll
0x00007ffe985c0000 - 0x00007ffe985fb000 	C:\WINDOWS\SYSTEM32\IPHLPAPI.DLL
0x00007ffe9ae80000 - 0x00007ffe9ae88000 	C:\WINDOWS\System32\NSI.dll
0x00007ffe900b0000 - 0x00007ffe900c7000 	C:\WINDOWS\SYSTEM32\dhcpcsvc6.DLL
0x00007ffe90090000 - 0x00007ffe900ad000 	C:\WINDOWS\SYSTEM32\dhcpcsvc.DLL
0x00007ffe98600000 - 0x00007ffe986cb000 	C:\WINDOWS\SYSTEM32\DNSAPI.dll
0x00007ffe7a3d0000 - 0x00007ffe7a3d9000 	C:\Users\±è¹Î±Õ\.vscode\extensions\redhat.java-1.16.0-win32-x64\jre\17.0.6-win32-x86_64\bin\management.dll
0x00007ffe7a3c0000 - 0x00007ffe7a3cb000 	C:\Users\±è¹Î±Õ\.vscode\extensions\redhat.java-1.16.0-win32-x64\jre\17.0.6-win32-x86_64\bin\management_ext.dll
0x00007ffe9b9c0000 - 0x00007ffe9b9c8000 	C:\WINDOWS\System32\PSAPI.DLL
0x00007ffe7a3e0000 - 0x00007ffe7a3ee000 	C:\Users\±è¹Î±Õ\.vscode\extensions\redhat.java-1.16.0-win32-x64\jre\17.0.6-win32-x86_64\bin\sunmscapi.dll
0x00007ffe99540000 - 0x00007ffe99696000 	C:\WINDOWS\System32\CRYPT32.dll
0x00007ffe98c90000 - 0x00007ffe98cb7000 	C:\WINDOWS\SYSTEM32\ncrypt.dll
0x00007ffe98c50000 - 0x00007ffe98c8b000 	C:\WINDOWS\SYSTEM32\NTASN1.dll
0x00007ffe8ec40000 - 0x00007ffe8ec4a000 	C:\Windows\System32\rasadhlp.dll
0x00007ffe8e580000 - 0x00007ffe8e600000 	C:\WINDOWS\System32\fwpuclnt.dll
0x00007ffe68150000 - 0x00007ffe68160000 	c:\Users\±è¹Î±Õ\.vscode\extensions\redhat.java-1.16.0-win32-x64\jre\17.0.6-win32-x86_64\bin\verify.dll

dbghelp: loaded successfully - version: 4.0.5 - missing functions: none
symbol engine: initialized successfully - sym options: 0x614 - pdb path: .;c:\Users\±è¹Î±Õ\.vscode\extensions\redhat.java-1.16.0-win32-x64\jre\17.0.6-win32-x86_64\bin;C:\WINDOWS\SYSTEM32;C:\WINDOWS\WinSxS\amd64_microsoft.windows.common-controls_6595b64144ccf1df_6.0.19041.1110_none_60b5254171f9507e;c:\Users\±è¹Î±Õ\.vscode\extensions\redhat.java-1.16.0-win32-x64\jre\17.0.6-win32-x86_64\bin\;c:\Users\±è¹Î±Õ\.vscode\extensions\redhat.java-1.16.0-win32-x64\jre\17.0.6-win32-x86_64\b;c:\Users\±è¹Î±Õ\.vscode\extensions\redhat.java-1.16.0-win32-x64\jre\17.0.6-win32-x86_6;c:\Users\±è¹Î±Õ\.vscode\extensions\redhat.java-1.16.0-win32-x64\jre\17.0.6-win32-x8;c:\Users\±è¹Î±Õ\.vscode\extensions\redhat.java-1.16.0-win32-x64\jre\17.0.6-win32;c:\Users\±è¹Î±Õ\.vscode\extensions\redhat.java-1.16.0-win32-x64\jre\17.0.6-wi;c:\Users\±è¹Î±Õ\.vscode\extensions\redhat.java-1.16.0-win32-x64\jre\17.0.6;c:\Users\±è¹Î±Õ\.vscode\extensions\redhat.java-1.16.0-win32-x64\jre\17.

VM Arguments:
jvm_args: -XX:+HeapDumpOnOutOfMemoryError -Xmx1024m -Dsts.lsp.client=vscode -Dsts.log.file=/dev/null -XX:TieredStopAtLevel=1 -Xlog:jni+resolve=off -Dspring.config.location=file:c:\Users\±è¹Î±Õ\.vscode\extensions\vmware.vscode-spring-boot-1.45.0\language-server\BOOT-INF\classes\application.properties 
java_command: org.springframework.ide.vscode.boot.app.BootLanguageServerBootApp
java_class_path (initial): c:\Users\±è¹Î±Õ\.vscode\extensions\vmware.vscode-spring-boot-1.45.0\language-server\BOOT-INF\classes;c:\Users\±è¹Î±Õ\.vscode\extensions\vmware.vscode-spring-boot-1.45.0\language-server\BOOT-INF\lib\annotations-24.0.1.jar;c:\Users\±è¹Î±Õ\.vscode\extensions\vmware.vscode-spring-boot-1.45.0\language-server\BOOT-INF\lib\ant-1.10.13.jar;c:\Users\±è¹Î±Õ\.vscode\extensions\vmware.vscode-spring-boot-1.45.0\language-server\BOOT-INF\lib\ant-launcher-1.10.13.jar;c:\Users\±è¹Î±Õ\.vscode\extensions\vmware.vscode-spring-boot-1.45.0\language-server\BOOT-INF\lib\antlr-runtime-3.5.3.jar;c:\Users\±è¹Î±Õ\.vscode\extensions\vmware.vscode-spring-boot-1.45.0\language-server\BOOT-INF\lib\antlr4-4.11.1.jar;c:\Users\±è¹Î±Õ\.vscode\extensions\vmware.vscode-spring-boot-1.45.0\language-server\BOOT-INF\lib\antlr4-runtime-4.11.1.jar;c:\Users\±è¹Î±Õ\.vscode\extensions\vmware.vscode-spring-boot-1.45.0\language-server\BOOT-INF\lib\asm-9.4.jar;c:\Users\±è¹Î±Õ\.vscode\extensions\vmware.vscode-spring-boot-1.45.0\language-server\BOOT-INF\lib\asm-analysis-9.4.jar;c:\Users\±è¹Î±Õ\.vscode\extensions\vmware.vscode-spring-boot-1.45.0\language-server\BOOT-INF\lib\asm-tree-9.4.jar;c:\Users\±è¹Î±Õ\.vscode\extensions\vmware.vscode-spring-boot-1.45.0\language-server\BOOT-INF\lib\asm-util-9.4.jar;c:\Users\±è¹Î±Õ\.vscode\extensions\vmware.vscode-spring-boot-1.45.0\language-server\BOOT-INF\lib\caffeine-3.1.2.jar;c:\Users\±è¹Î±Õ\.vscode\extensions\vmware.vscode-spring-boot-1.45.0\language-server\BOOT-INF\lib\checker-qual-3.12.0.jar;c:\Users\±è¹Î±Õ\.vscode\extensions\vmware.vscode-spring-boot-1.45.0\language-server\BOOT-INF\lib\classgraph-4.8.149.jar;c:\Users\±è¹Î±Õ\.vscode\extensions\vmware.vscode-spring-boot-1.45.0\language-server\BOOT-INF\lib\commons-codec-1.15.jar;c:\Users\±è¹Î±Õ\.vscode\extensions\vmware.vscode-spring-boot-1.45.0\language-server\BOOT-INF\lib\commons-compress-1.22.jar;c:\Users\±è¹Î±Õ\.vscode\extensions\vmware.vscode-spring-boot-1.45.0\language-server\BOOT-INF\lib\comm
Launcher Type: SUN_STANDARD

[Global flags]
     intx CICompilerCount                          = 4                                         {product} {ergonomic}
     uint ConcGCThreads                            = 3                                         {product} {ergonomic}
     uint G1ConcRefinementThreads                  = 10                                        {product} {ergonomic}
   size_t G1HeapRegionSize                         = 1048576                                   {product} {ergonomic}
    uintx GCDrainStackTargetSize                   = 64                                        {product} {ergonomic}
     bool HeapDumpOnOutOfMemoryError               = true                                   {manageable} {command line}
   size_t InitialHeapSize                          = 264241152                                 {product} {ergonomic}
   size_t MarkStackSize                            = 4194304                                   {product} {ergonomic}
   size_t MaxHeapSize                              = 1073741824                                {product} {command line}
   size_t MaxNewSize                               = 643825664                                 {product} {ergonomic}
   size_t MinHeapDeltaBytes                        = 1048576                                   {product} {ergonomic}
   size_t MinHeapSize                              = 8388608                                   {product} {ergonomic}
    uintx NonProfiledCodeHeapSize                  = 0                                      {pd product} {ergonomic}
     bool ProfileInterpreter                       = false                                  {pd product} {command line}
    uintx ProfiledCodeHeapSize                     = 0                                      {pd product} {ergonomic}
   size_t SoftMaxHeapSize                          = 1073741824                             {manageable} {ergonomic}
     intx TieredStopAtLevel                        = 1                                         {product} {command line}
     bool UseCompressedClassPointers               = true                           {product lp64_product} {ergonomic}
     bool UseCompressedOops                        = true                           {product lp64_product} {ergonomic}
     bool UseG1GC                                  = true                                      {product} {ergonomic}
     bool UseLargePagesIndividualAllocation        = false                                  {pd product} {ergonomic}

Logging:
Log output configuration:
 #0: stdout all=warning,jni+resolve=off uptime,level,tags
 #1: stderr all=off uptime,level,tags

Environment Variables:
JAVA_HOME=E:\jdk-11.0.16.1_windows-x64_bin\jdk-11.0.16.1
CLASSPATH=E:\jdk-11.0.16.1_windows-x64_bin\jdk-11.0.16.1\lib
PATH=E:\jdk-11.0.16.1_windows-x64_bin\jdk-11.0.16.1;E:\jdk-11.0.16.1_windows-x64_bin\jdk-11.0.16.1\bin;C:\Python311\Scripts\;C:\Python311\;C:\WINDOWS\system32;C:\WINDOWS;C:\WINDOWS\System32\Wbem;C:\WINDOWS\System32\WindowsPowerShell\v1.0\;C:\WINDOWS\System32\OpenSSH\;C:\Program Files\nodejs\;C:\ProgramData\chocolatey\bin;C:\Program Files\Git\cmd;C:\WINDOWS\SYSTEM32;;C:\Program Files\Docker\Docker\resources\bin;C:\Program Files\Bandizip\;E:\jdk-11.0.16.1_windows-x64_bin\jdk-11.0.16.1\bin;E:\jdk-11.0.16.1_windows-x64_bin\jdk-11.0.16.1;C:\Users\±è¹Î±Õ\AppData\Local\Microsoft\WindowsApps;C:\Users\±è¹Î±Õ\AppData\Local\Programs\Microsoft VS Code\bin;C:\Users\±è¹Î±Õ\AppData\Roaming\npm;
USERNAME=±è¹Î±Õ
OS=Windows_NT
PROCESSOR_IDENTIFIER=Intel64 Family 6 Model 154 Stepping 4, GenuineIntel
TMP=C:\Users\±è¹Î±Õ\AppData\Local\Temp
TEMP=C:\Users\±è¹Î±Õ\AppData\Local\Temp



---------------  S Y S T E M  ---------------

OS:
 Windows 10 , 64 bit Build 19041 (10.0.19041.2546)
OS uptime: 0 days 4:22 hours
Hyper-V role detected

CPU: total 12 (initial active 12) (6 cores per cpu, 2 threads per core) family 6 model 154 stepping 4 microcode 0x423, cx8, cmov, fxsr, ht, mmx, 3dnowpref, sse, sse2, sse3, ssse3, sse4.1, sse4.2, popcnt, lzcnt, tsc, tscinvbit, avx, avx2, aes, erms, clmul, bmi1, bmi2, adx, sha, fma, vzeroupper, clflush, clflushopt, clwb, hv

Memory: 4k page, system-wide physical 16085M (1547M free)
TotalPageFile size 16085M (AvailPageFile size 5M)
current process WorkingSet (physical memory assigned to process): 145M, peak: 713M
current process commit charge ("private bytes"): 323M, peak: 734M

vm_info: OpenJDK 64-Bit Server VM (17.0.6+10) for windows-amd64 JRE (17.0.6+10), built on Jan 18 2023 10:08:59 by "temurin" with MS VC++ 16.7 (VS2019)

END.
