#
# There is insufficient memory for the Java Runtime Environment to continue.
# Native memory allocation (malloc) failed to allocate 894176 bytes for Chunk::new
# Possible reasons:
#   The system is out of physical RAM or swap space
#   The process is running with CompressedOops enabled, and the Java Heap may be blocking the growth of the native heap
# Possible solutions:
#   Reduce memory load on the system
#   Increase physical memory or swap space
#   Check if swap backing store is full
#   Decrease Java heap size (-Xmx/-Xms)
#   Decrease number of Java threads
#   Decrease Java thread stack sizes (-Xss)
#   Set larger code cache with -XX:ReservedCodeCacheSize=
#   JVM is running with Unscaled Compressed Oops mode in which the Java heap is
#     placed in the first 4GB address space. The Java Heap base address is the
#     maximum limit for the native heap growth. Please use -XX:HeapBaseMinAddress
#     to set the Java Heap base and to place the Java Heap above 4GB virtual address.
# This output file may be truncated or incomplete.
#
#  Out of Memory Error (arena.cpp:189), pid=17140, tid=15480
#
# JRE version: OpenJDK Runtime Environment Temurin-17.0.6+10 (17.0.6+10) (build 17.0.6+10)
# Java VM: OpenJDK 64-Bit Server VM Temurin-17.0.6+10 (17.0.6+10, mixed mode, tiered, compressed oops, compressed class ptrs, parallel gc, windows-amd64)
# No core dump will be written. Minidumps are not enabled by default on client versions of Windows
#

---------------  S U M M A R Y ------------

Command Line: --add-modules=ALL-SYSTEM --add-opens=java.base/java.util=ALL-UNNAMED --add-opens=java.base/java.lang=ALL-UNNAMED --add-opens=java.base/sun.nio.fs=ALL-UNNAMED -Declipse.application=org.eclipse.jdt.ls.core.id1 -Dosgi.bundles.defaultStartLevel=4 -Declipse.product=org.eclipse.jdt.ls.core.product -Djava.import.generatesMetadataFilesAtProjectRoot=false -Dfile.encoding=utf8 -XX:+UseParallelGC -XX:GCTimeRatio=4 -XX:AdaptiveSizePolicyWeight=90 -Dsun.zip.disableMemoryMapping=true -Xmx1G -Xms100m -Xlog:disable -javaagent:c:\Users\±è¹Î±Õ\.vscode\extensions\redhat.java-1.16.0-win32-x64\lombok\lombok-1.18.24.jar -XX:+HeapDumpOnOutOfMemoryError -XX:HeapDumpPath=c:\Users\±è¹Î±Õ\AppData\Roaming\Code\User\workspaceStorage\1ddcc8cec2590a76b3499e3dac72c4fc\redhat.java c:\Users\±è¹Î±Õ\.vscode\extensions\redhat.java-1.16.0-win32-x64\server\plugins\org.eclipse.equinox.launcher_1.6.400.v20210924-0641.jar -configuration c:\Users\±è¹Î±Õ\AppData\Roaming\Code\User\globalStorage\redhat.java\1.16.0\config_win -data c:\Users\±è¹Î±Õ\AppData\Roaming\Code\User\workspaceStorage\1ddcc8cec2590a76b3499e3dac72c4fc\redhat.java\jdt_ws

Host: 12th Gen Intel(R) Core(TM) i5-1235U, 12 cores, 15G,  Windows 10 , 64 bit Build 19041 (10.0.19041.2546)
Time: Thu Mar 30 10:50:57 2023  Windows 10 , 64 bit Build 19041 (10.0.19041.2546) elapsed time: 5.546394 seconds (0d 0h 0m 5s)

---------------  T H R E A D  ---------------

Current thread (0x0000021fda639010):  JavaThread "C2 CompilerThread2" daemon [_thread_in_native, id=15480, stack(0x0000007fef800000,0x0000007fef900000)]


Current CompileTask:
C2:   5546 7612       4       org.eclipse.jdt.internal.core.JarPackageFragmentRoot::initRawPackageInfo (349 bytes)

Stack: [0x0000007fef800000,0x0000007fef900000]
Native frames: (J=compiled Java code, j=interpreted, Vv=VM code, C=native code)
V  [jvm.dll+0x67741a]
V  [jvm.dll+0x834434]
V  [jvm.dll+0x835bde]
V  [jvm.dll+0x836243]
V  [jvm.dll+0x2457b5]
V  [jvm.dll+0xabafc]
V  [jvm.dll+0xac0cc]
V  [jvm.dll+0x2ac94f]
V  [jvm.dll+0x57de47]
V  [jvm.dll+0x220812]
V  [jvm.dll+0x220bef]
V  [jvm.dll+0x21a445]
V  [jvm.dll+0x21790b]
V  [jvm.dll+0x1a3d0d]
V  [jvm.dll+0x22742a]
V  [jvm.dll+0x225565]
V  [jvm.dll+0x7ea2cb]
V  [jvm.dll+0x7e483a]
V  [jvm.dll+0x6762c5]
C  [ucrtbase.dll+0x21bb2]
C  [KERNEL32.DLL+0x17614]
C  [ntdll.dll+0x526a1]


---------------  P R O C E S S  ---------------

Threads class SMR info:
_java_thread_list=0x0000021fdd5aa9c0, length=31, elements={
0x0000021fc07bf7b0, 0x0000021fd4641740, 0x0000021fd4642200, 0x0000021fd61c5130,
0x0000021fd61c7b00, 0x0000021fd61c83c0, 0x0000021fd61c8c80, 0x0000021fd61c9920,
0x0000021fd61ca2d0, 0x0000021fd61cea10, 0x0000021fd62fd040, 0x0000021fd6380000,
0x0000021fda29e670, 0x0000021fda639010, 0x0000021fdb758870, 0x0000021fdb5d8090,
0x0000021fdb4f37c0, 0x0000021fdb7c3610, 0x0000021fdba42320, 0x0000021fdba5ea30,
0x0000021fdbbd9420, 0x0000021fdbbd7c10, 0x0000021fdbbd98f0, 0x0000021fdbbd7270,
0x0000021fdbbd85b0, 0x0000021fdbbd80e0, 0x0000021fdbbda760, 0x0000021fdbbda290,
0x0000021fdbbd8f50, 0x0000021fdbbd9dc0, 0x0000021fdbbd8a80
}

Java Threads: ( => current thread )
  0x0000021fc07bf7b0 JavaThread "main" [_thread_blocked, id=4460, stack(0x0000007fee800000,0x0000007fee900000)]
  0x0000021fd4641740 JavaThread "Reference Handler" daemon [_thread_blocked, id=9616, stack(0x0000007feeb00000,0x0000007feec00000)]
  0x0000021fd4642200 JavaThread "Finalizer" daemon [_thread_blocked, id=1656, stack(0x0000007feec00000,0x0000007feed00000)]
  0x0000021fd61c5130 JavaThread "Signal Dispatcher" daemon [_thread_blocked, id=7960, stack(0x0000007feed00000,0x0000007feee00000)]
  0x0000021fd61c7b00 JavaThread "Attach Listener" daemon [_thread_blocked, id=5520, stack(0x0000007feee00000,0x0000007feef00000)]
  0x0000021fd61c83c0 JavaThread "Service Thread" daemon [_thread_blocked, id=2692, stack(0x0000007feef00000,0x0000007fef000000)]
  0x0000021fd61c8c80 JavaThread "Monitor Deflation Thread" daemon [_thread_blocked, id=6508, stack(0x0000007fef000000,0x0000007fef100000)]
  0x0000021fd61c9920 JavaThread "C2 CompilerThread0" daemon [_thread_blocked, id=14308, stack(0x0000007fef100000,0x0000007fef200000)]
  0x0000021fd61ca2d0 JavaThread "C1 CompilerThread0" daemon [_thread_blocked, id=11492, stack(0x0000007fef200000,0x0000007fef300000)]
  0x0000021fd61cea10 JavaThread "Sweeper thread" daemon [_thread_blocked, id=8632, stack(0x0000007fef300000,0x0000007fef400000)]
  0x0000021fd62fd040 JavaThread "Common-Cleaner" daemon [_thread_blocked, id=14316, stack(0x0000007fef400000,0x0000007fef500000)]
  0x0000021fd6380000 JavaThread "C2 CompilerThread1" daemon [_thread_blocked, id=9860, stack(0x0000007fef500000,0x0000007fef600000)]
  0x0000021fda29e670 JavaThread "Notification Thread" daemon [_thread_blocked, id=8568, stack(0x0000007fef600000,0x0000007fef700000)]
=>0x0000021fda639010 JavaThread "C2 CompilerThread2" daemon [_thread_in_native, id=15480, stack(0x0000007fef800000,0x0000007fef900000)]
  0x0000021fdb758870 JavaThread "Active Thread: Equinox Container: e0d7820f-dc18-4d99-b149-170e7523e221" [_thread_blocked, id=8896, stack(0x0000007feff00000,0x0000007ff0000000)]
  0x0000021fdb5d8090 JavaThread "Framework Event Dispatcher: Equinox Container: e0d7820f-dc18-4d99-b149-170e7523e221" daemon [_thread_blocked, id=4812, stack(0x0000007ff0000000,0x0000007ff0100000)]
  0x0000021fdb4f37c0 JavaThread "Start Level: Equinox Container: e0d7820f-dc18-4d99-b149-170e7523e221" daemon [_thread_blocked, id=4924, stack(0x0000007ff0100000,0x0000007ff0200000)]
  0x0000021fdb7c3610 JavaThread "SCR Component Actor" daemon [_thread_blocked, id=12708, stack(0x0000007ff0200000,0x0000007ff0300000)]
  0x0000021fdba42320 JavaThread "SCR Component Registry" daemon [_thread_blocked, id=12100, stack(0x0000007ff0400000,0x0000007ff0500000)]
  0x0000021fdba5ea30 JavaThread "Worker-JM" [_thread_blocked, id=3268, stack(0x0000007ff0500000,0x0000007ff0600000)]
  0x0000021fdbbd9420 JavaThread "Worker-0: Initialize workspace" [_thread_blocked, id=2804, stack(0x0000007ff0800000,0x0000007ff0900000)]
  0x0000021fdbbd7c10 JavaThread "Worker-1" [_thread_blocked, id=16888, stack(0x0000007ff0900000,0x0000007ff0a00000)]
  0x0000021fdbbd98f0 JavaThread "Java indexing" daemon [_thread_blocked, id=6296, stack(0x0000007ff0a00000,0x0000007ff0b00000)]
  0x0000021fdbbd7270 JavaThread "JNA Cleaner" daemon [_thread_blocked, id=7656, stack(0x0000007ff0b00000,0x0000007ff0c00000)]
  0x0000021fdbbd85b0 JavaThread "pool-2-thread-1" [_thread_blocked, id=5924, stack(0x0000007ff0e00000,0x0000007ff0f00000)]
  0x0000021fdbbd80e0 JavaThread "pool-1-thread-1" [_thread_in_native, id=8716, stack(0x0000007ff0f00000,0x0000007ff1000000)]
  0x0000021fdbbda760 JavaThread "Worker-2" [_thread_blocked, id=804, stack(0x0000007ff1000000,0x0000007ff1100000)]
  0x0000021fdbbda290 JavaThread "Worker-3: Publish Diagnostics" [_thread_blocked, id=10080, stack(0x0000007ff1100000,0x0000007ff1200000)]
  0x0000021fdbbd8f50 JavaThread "Worker-4" [_thread_blocked, id=13032, stack(0x0000007ff1200000,0x0000007ff1300000)]
  0x0000021fdbbd9dc0 JavaThread "ForkJoinPool.commonPool-worker-1" daemon [_thread_blocked, id=16360, stack(0x0000007ff1300000,0x0000007ff1400000)]
  0x0000021fdbbd8a80 JavaThread "ForkJoinPool.commonPool-worker-2" daemon [_thread_blocked, id=14640, stack(0x0000007ff1400000,0x0000007ff1500000)]

Other Threads:
  0x0000021fd6182fe0 VMThread "VM Thread" [stack: 0x0000007feea00000,0x0000007feeb00000] [id=4704]
  0x0000021fda2a1930 WatcherThread [stack: 0x0000007fef700000,0x0000007fef800000] [id=8524]
  0x0000021fc07d7340 GCTaskThread "GC Thread#0" [stack: 0x0000007fee900000,0x0000007feea00000] [id=13900]
  0x0000021fda76d650 GCTaskThread "GC Thread#1" [stack: 0x0000007fef900000,0x0000007fefa00000] [id=13576]
  0x0000021fda9fed00 GCTaskThread "GC Thread#2" [stack: 0x0000007fefa00000,0x0000007fefb00000] [id=6708]
  0x0000021fda7b63b0 GCTaskThread "GC Thread#3" [stack: 0x0000007fefb00000,0x0000007fefc00000] [id=1504]
  0x0000021fda7b6660 GCTaskThread "GC Thread#4" [stack: 0x0000007fefc00000,0x0000007fefd00000] [id=11336]
  0x0000021fda939a60 GCTaskThread "GC Thread#5" [stack: 0x0000007fefd00000,0x0000007fefe00000] [id=11020]
  0x0000021fda939d10 GCTaskThread "GC Thread#6" [stack: 0x0000007fefe00000,0x0000007feff00000] [id=16392]
  0x0000021fdba46c80 GCTaskThread "GC Thread#7" [stack: 0x0000007ff0300000,0x0000007ff0400000] [id=14672]
  0x0000021fdba7d2d0 GCTaskThread "GC Thread#8" [stack: 0x0000007ff0600000,0x0000007ff0700000] [id=1360]
  0x0000021fdbaa6b80 GCTaskThread "GC Thread#9" [stack: 0x0000007ff0700000,0x0000007ff0800000] [id=9504]

Threads with active compile tasks:
C2 CompilerThread0     5596 7678 %     4       java.lang.StringUTF16::compareToCIImpl @ 88 (222 bytes)
C2 CompilerThread1     5597 7676       4       org.eclipse.osgi.internal.serviceregistry.ServiceRegistry::notifyHooksPrivileged (58 bytes)
C2 CompilerThread2     5597 7612       4       org.eclipse.jdt.internal.core.JarPackageFragmentRoot::initRawPackageInfo (349 bytes)

VM state: at safepoint (normal execution)

VM Mutex/Monitor currently owned by a thread:  ([mutex/lock_event])
[0x0000021fc07bbcc0] Threads_lock - owner thread: 0x0000021fd6182fe0
[0x0000021fc07bbe70] Heap_lock - owner thread: 0x0000021fdbbda290

Heap address: 0x00000000c0000000, size: 1024 MB, Compressed Oops mode: 32-bit

CDS archive(s) not mapped
Compressed class space mapped at: 0x0000000100000000-0x0000000140000000, reserved size: 1073741824
Narrow klass base: 0x0000000000000000, Narrow klass shift: 3, Narrow klass range: 0x140000000

GC Precious Log:
 CPUs: 12 total, 12 available
 Memory: 16085M
 Large Page Support: Disabled
 NUMA Support: Disabled
 Compressed Oops: Enabled (32-bit)
 Alignments: Space 512K, Generation 512K, Heap 2M
 Heap Min Capacity: 100M
 Heap Initial Capacity: 100M
 Heap Max Capacity: 1G
 Pre-touch: Disabled
 Parallel Workers: 10

Heap:
 PSYoungGen      total 20480K, used 864K [0x00000000eab00000, 0x00000000ec100000, 0x0000000100000000)
  eden space 19456K, 0% used [0x00000000eab00000,0x00000000eab00000,0x00000000ebe00000)
  from space 1024K, 84% used [0x00000000ec000000,0x00000000ec0d82f8,0x00000000ec100000)
  to   space 1536K, 0% used [0x00000000ebe00000,0x00000000ebe00000,0x00000000ebf80000)
 ParOldGen       total 68608K, used 46744K [0x00000000c0000000, 0x00000000c4300000, 0x00000000eab00000)
  object space 68608K, 68% used [0x00000000c0000000,0x00000000c2da62e0,0x00000000c4300000)
 Metaspace       used 58663K, committed 59776K, reserved 1105920K
  class space    used 6214K, committed 6720K, reserved 1048576K

Card table byte_map: [0x0000021fc0170000,0x0000021fc0380000] _byte_map_base: 0x0000021fbfb70000

Marking Bits: (ParMarkBitMap*) 0x00007ffe64ac3e70
 Begin Bits: [0x0000021fd2450000, 0x0000021fd3450000)
 End Bits:   [0x0000021fd3450000, 0x0000021fd4450000)

Polling page: 0x0000021fbe710000

Metaspace:

Usage:
  Non-class:     51.22 MB used.
      Class:      6.07 MB used.
       Both:     57.29 MB used.

Virtual space:
  Non-class space:       56.00 MB reserved,      51.81 MB ( 93%) committed,  7 nodes.
      Class space:        1.00 GB reserved,       6.56 MB ( <1%) committed,  1 nodes.
             Both:        1.05 GB reserved,      58.38 MB (  5%) committed. 

Chunk freelists:
   Non-Class:  192.00 KB
       Class:  1.33 MB
        Both:  1.52 MB

MaxMetaspaceSize: unlimited
CompressedClassSpaceSize: 1.00 GB
Initial GC threshold: 21.00 MB
Current GC threshold: 58.38 MB
CDS: off
MetaspaceReclaimPolicy: balanced
 - commit_granule_bytes: 65536.
 - commit_granule_words: 8192.
 - virtual_space_node_default_size: 1048576.
 - enlarge_chunks_in_place: 1.
 - new_chunks_are_fully_committed: 0.
 - uncommit_free_chunks: 1.
 - use_allocation_guard: 0.
 - handle_deallocations: 1.


Internal statistics:

num_allocs_failed_limit: 9.
num_arena_births: 690.
num_arena_deaths: 14.
num_vsnodes_births: 8.
num_vsnodes_deaths: 0.
num_space_committed: 934.
num_space_uncommitted: 0.
num_chunks_returned_to_freelist: 23.
num_chunks_taken_from_freelist: 2961.
num_chunk_merges: 13.
num_chunk_splits: 1892.
num_chunks_enlarged: 1135.
num_purges: 2.
num_inconsistent_stats: 0.

CodeHeap 'non-profiled nmethods': size=120000Kb used=4353Kb max_used=4353Kb free=115646Kb
 bounds [0x0000021fcaf20000, 0x0000021fcb370000, 0x0000021fd2450000]
CodeHeap 'profiled nmethods': size=120000Kb used=13924Kb max_used=13924Kb free=106075Kb
 bounds [0x0000021fc3450000, 0x0000021fc41f0000, 0x0000021fca980000]
CodeHeap 'non-nmethods': size=5760Kb used=1323Kb max_used=1378Kb free=4436Kb
 bounds [0x0000021fca980000, 0x0000021fcabf0000, 0x0000021fcaf20000]
 total_blobs=7445 nmethods=6788 adapters=571
 compilation: enabled
              stopped_count=0, restarted_count=0
 full_count=0

Compilation events (20 events):
Event: 5.503 Thread 0x0000021fd6380000 7648       4       java.util.Arrays::equals (43 bytes)
Event: 5.504 Thread 0x0000021fd61ca2d0 nmethod 7667 0x0000021fc41e4a10 code [0x0000021fc41e4c20, 0x0000021fc41e5398]
Event: 5.504 Thread 0x0000021fd61ca2d0 7665       3       java.util.stream.Nodes$FixedNodeBuilder::<init> (29 bytes)
Event: 5.504 Thread 0x0000021fd61ca2d0 nmethod 7665 0x0000021fc41e5690 code [0x0000021fc41e5840, 0x0000021fc41e5988]
Event: 5.504 Thread 0x0000021fd61ca2d0 7666       3       java.util.stream.Nodes$ArrayNode::<init> (43 bytes)
Event: 5.504 Thread 0x0000021fd61ca2d0 nmethod 7666 0x0000021fc41e5a10 code [0x0000021fc41e5be0, 0x0000021fc41e6018]
Event: 5.507 Thread 0x0000021fd6380000 nmethod 7648 0x0000021fcb357710 code [0x0000021fcb357880, 0x0000021fcb357a58]
Event: 5.513 Thread 0x0000021fd61c9920 nmethod 7595% 0x0000021fcb357b90 code [0x0000021fcb357fe0, 0x0000021fcb35cc68]
Event: 5.524 Thread 0x0000021fd61ca2d0 7668       3       org.eclipse.jdt.internal.compiler.util.CharArrayMap::get (38 bytes)
Event: 5.524 Thread 0x0000021fd61ca2d0 nmethod 7668 0x0000021fc41e6190 code [0x0000021fc41e6360, 0x0000021fc41e6648]
Event: 5.527 Thread 0x0000021fd61ca2d0 7669       3       org.eclipse.jdt.internal.core.JavaModel::getWorkspaceTarget (38 bytes)
Event: 5.528 Thread 0x0000021fd61ca2d0 nmethod 7669 0x0000021fc41e6810 code [0x0000021fc41e6a00, 0x0000021fc41e6eb8]
Event: 5.528 Thread 0x0000021fd61ca2d0 7670       3       org.eclipse.jdt.internal.core.ModularClassFile::getModule (39 bytes)
Event: 5.528 Thread 0x0000021fd61c9920 7671       4       org.eclipse.jdt.internal.compiler.util.ObjectVector::elementAt (7 bytes)
Event: 5.529 Thread 0x0000021fd61ca2d0 nmethod 7670 0x0000021fc41e7110 code [0x0000021fc41e7340, 0x0000021fc41e7ee8]
Event: 5.529 Thread 0x0000021fd61c9920 nmethod 7671 0x0000021fcb35f290 code [0x0000021fcb35f400, 0x0000021fcb35f4b8]
Event: 5.530 Thread 0x0000021fd61ca2d0 7672   !   3       org.eclipse.jdt.internal.compiler.util.JRTUtil::getJrtSystem (131 bytes)
Event: 5.533 Thread 0x0000021fd61ca2d0 nmethod 7672 0x0000021fc41e8210 code [0x0000021fc41e85a0, 0x0000021fc41e9be8]
Event: 5.533 Thread 0x0000021fd61ca2d0 7673       3       org.eclipse.jdt.internal.compiler.util.JRTUtil$$Lambda$241/0x0000000100343768::<init> (20 bytes)
Event: 5.533 Thread 0x0000021fd61ca2d0 nmethod 7673 0x0000021fc41ea410 code [0x0000021fc41ea5a0, 0x0000021fc41ea758]

GC Heap History (20 events):
Event: 4.555 GC heap before
{Heap before GC invocations=30 (full 2):
 PSYoungGen      total 21504K, used 21088K [0x00000000eab00000, 0x00000000ec200000, 0x0000000100000000)
  eden space 19456K, 100% used [0x00000000eab00000,0x00000000ebe00000,0x00000000ebe00000)
  from space 2048K, 79% used [0x00000000ebe80000,0x00000000ec018000,0x00000000ec080000)
  to   space 1536K, 0% used [0x00000000ec080000,0x00000000ec080000,0x00000000ec200000)
 ParOldGen       total 68608K, used 37813K [0x00000000c0000000, 0x00000000c4300000, 0x00000000eab00000)
  object space 68608K, 55% used [0x00000000c0000000,0x00000000c24ed7b0,0x00000000c4300000)
 Metaspace       used 55788K, committed 56896K, reserved 1105920K
  class space    used 5979K, committed 6464K, reserved 1048576K
}
Event: 4.557 GC heap after
{Heap after GC invocations=30 (full 2):
 PSYoungGen      total 20992K, used 1504K [0x00000000eab00000, 0x00000000ec200000, 0x0000000100000000)
  eden space 19456K, 0% used [0x00000000eab00000,0x00000000eab00000,0x00000000ebe00000)
  from space 1536K, 97% used [0x00000000ec080000,0x00000000ec1f8000,0x00000000ec200000)
  to   space 2048K, 0% used [0x00000000ebe00000,0x00000000ebe00000,0x00000000ec000000)
 ParOldGen       total 68608K, used 39285K [0x00000000c0000000, 0x00000000c4300000, 0x00000000eab00000)
  object space 68608K, 57% used [0x00000000c0000000,0x00000000c265d7c0,0x00000000c4300000)
 Metaspace       used 55788K, committed 56896K, reserved 1105920K
  class space    used 5979K, committed 6464K, reserved 1048576K
}
Event: 4.734 GC heap before
{Heap before GC invocations=31 (full 2):
 PSYoungGen      total 20992K, used 20960K [0x00000000eab00000, 0x00000000ec200000, 0x0000000100000000)
  eden space 19456K, 100% used [0x00000000eab00000,0x00000000ebe00000,0x00000000ebe00000)
  from space 1536K, 97% used [0x00000000ec080000,0x00000000ec1f8000,0x00000000ec200000)
  to   space 2048K, 0% used [0x00000000ebe00000,0x00000000ebe00000,0x00000000ec000000)
 ParOldGen       total 68608K, used 39285K [0x00000000c0000000, 0x00000000c4300000, 0x00000000eab00000)
  object space 68608K, 57% used [0x00000000c0000000,0x00000000c265d7c0,0x00000000c4300000)
 Metaspace       used 56354K, committed 57472K, reserved 1105920K
  class space    used 6029K, committed 6528K, reserved 1048576K
}
Event: 4.736 GC heap after
{Heap after GC invocations=31 (full 2):
 PSYoungGen      total 20480K, used 832K [0x00000000eab00000, 0x00000000ec100000, 0x0000000100000000)
  eden space 19456K, 0% used [0x00000000eab00000,0x00000000eab00000,0x00000000ebe00000)
  from space 1024K, 81% used [0x00000000ebe00000,0x00000000ebed0000,0x00000000ebf00000)
  to   space 1536K, 0% used [0x00000000ebf80000,0x00000000ebf80000,0x00000000ec100000)
 ParOldGen       total 68608K, used 40693K [0x00000000c0000000, 0x00000000c4300000, 0x00000000eab00000)
  object space 68608K, 59% used [0x00000000c0000000,0x00000000c27bd7d0,0x00000000c4300000)
 Metaspace       used 56354K, committed 57472K, reserved 1105920K
  class space    used 6029K, committed 6528K, reserved 1048576K
}
Event: 4.843 GC heap before
{Heap before GC invocations=32 (full 2):
 PSYoungGen      total 20480K, used 20227K [0x00000000eab00000, 0x00000000ec100000, 0x0000000100000000)
  eden space 19456K, 99% used [0x00000000eab00000,0x00000000ebdf0d18,0x00000000ebe00000)
  from space 1024K, 81% used [0x00000000ebe00000,0x00000000ebed0000,0x00000000ebf00000)
  to   space 1536K, 0% used [0x00000000ebf80000,0x00000000ebf80000,0x00000000ec100000)
 ParOldGen       total 68608K, used 40693K [0x00000000c0000000, 0x00000000c4300000, 0x00000000eab00000)
  object space 68608K, 59% used [0x00000000c0000000,0x00000000c27bd7d0,0x00000000c4300000)
 Metaspace       used 56481K, committed 57600K, reserved 1105920K
  class space    used 6041K, committed 6528K, reserved 1048576K
}
Event: 4.845 GC heap after
{Heap after GC invocations=32 (full 2):
 PSYoungGen      total 19968K, used 512K [0x00000000eab00000, 0x00000000ec000000, 0x0000000100000000)
  eden space 19456K, 0% used [0x00000000eab00000,0x00000000eab00000,0x00000000ebe00000)
  from space 512K, 100% used [0x00000000ebf80000,0x00000000ec000000,0x00000000ec000000)
  to   space 1024K, 0% used [0x00000000ebe00000,0x00000000ebe00000,0x00000000ebf00000)
 ParOldGen       total 68608K, used 41221K [0x00000000c0000000, 0x00000000c4300000, 0x00000000eab00000)
  object space 68608K, 60% used [0x00000000c0000000,0x00000000c28417d0,0x00000000c4300000)
 Metaspace       used 56481K, committed 57600K, reserved 1105920K
  class space    used 6041K, committed 6528K, reserved 1048576K
}
Event: 4.904 GC heap before
{Heap before GC invocations=33 (full 2):
 PSYoungGen      total 19968K, used 19968K [0x00000000eab00000, 0x00000000ec000000, 0x0000000100000000)
  eden space 19456K, 100% used [0x00000000eab00000,0x00000000ebe00000,0x00000000ebe00000)
  from space 512K, 100% used [0x00000000ebf80000,0x00000000ec000000,0x00000000ec000000)
  to   space 1024K, 0% used [0x00000000ebe00000,0x00000000ebe00000,0x00000000ebf00000)
 ParOldGen       total 68608K, used 41221K [0x00000000c0000000, 0x00000000c4300000, 0x00000000eab00000)
  object space 68608K, 60% used [0x00000000c0000000,0x00000000c28417d0,0x00000000c4300000)
 Metaspace       used 56560K, committed 57728K, reserved 1105920K
  class space    used 6046K, committed 6592K, reserved 1048576K
}
Event: 4.905 GC heap after
{Heap after GC invocations=33 (full 2):
 PSYoungGen      total 20480K, used 806K [0x00000000eab00000, 0x00000000ec000000, 0x0000000100000000)
  eden space 19456K, 0% used [0x00000000eab00000,0x00000000eab00000,0x00000000ebe00000)
  from space 1024K, 78% used [0x00000000ebe00000,0x00000000ebec9820,0x00000000ebf00000)
  to   space 1024K, 0% used [0x00000000ebf00000,0x00000000ebf00000,0x00000000ec000000)
 ParOldGen       total 68608K, used 41453K [0x00000000c0000000, 0x00000000c4300000, 0x00000000eab00000)
  object space 68608K, 60% used [0x00000000c0000000,0x00000000c287b7d0,0x00000000c4300000)
 Metaspace       used 56560K, committed 57728K, reserved 1105920K
  class space    used 6046K, committed 6592K, reserved 1048576K
}
Event: 4.958 GC heap before
{Heap before GC invocations=34 (full 2):
 PSYoungGen      total 20480K, used 20262K [0x00000000eab00000, 0x00000000ec000000, 0x0000000100000000)
  eden space 19456K, 100% used [0x00000000eab00000,0x00000000ebe00000,0x00000000ebe00000)
  from space 1024K, 78% used [0x00000000ebe00000,0x00000000ebec9820,0x00000000ebf00000)
  to   space 1024K, 0% used [0x00000000ebf00000,0x00000000ebf00000,0x00000000ec000000)
 ParOldGen       total 68608K, used 41453K [0x00000000c0000000, 0x00000000c4300000, 0x00000000eab00000)
  object space 68608K, 60% used [0x00000000c0000000,0x00000000c287b7d0,0x00000000c4300000)
 Metaspace       used 56625K, committed 57792K, reserved 1105920K
  class space    used 6048K, committed 6592K, reserved 1048576K
}
Event: 4.959 GC heap after
{Heap after GC invocations=34 (full 2):
 PSYoungGen      total 20480K, used 416K [0x00000000eab00000, 0x00000000ec000000, 0x0000000100000000)
  eden space 19456K, 0% used [0x00000000eab00000,0x00000000eab00000,0x00000000ebe00000)
  from space 1024K, 40% used [0x00000000ebf00000,0x00000000ebf68000,0x00000000ec000000)
  to   space 1024K, 0% used [0x00000000ebe00000,0x00000000ebe00000,0x00000000ebf00000)
 ParOldGen       total 68608K, used 41594K [0x00000000c0000000, 0x00000000c4300000, 0x00000000eab00000)
  object space 68608K, 60% used [0x00000000c0000000,0x00000000c289e8d0,0x00000000c4300000)
 Metaspace       used 56625K, committed 57792K, reserved 1105920K
  class space    used 6048K, committed 6592K, reserved 1048576K
}
Event: 5.092 GC heap before
{Heap before GC invocations=35 (full 2):
 PSYoungGen      total 20480K, used 19872K [0x00000000eab00000, 0x00000000ec000000, 0x0000000100000000)
  eden space 19456K, 100% used [0x00000000eab00000,0x00000000ebe00000,0x00000000ebe00000)
  from space 1024K, 40% used [0x00000000ebf00000,0x00000000ebf68000,0x00000000ec000000)
  to   space 1024K, 0% used [0x00000000ebe00000,0x00000000ebe00000,0x00000000ebf00000)
 ParOldGen       total 68608K, used 41594K [0x00000000c0000000, 0x00000000c4300000, 0x00000000eab00000)
  object space 68608K, 60% used [0x00000000c0000000,0x00000000c289e8d0,0x00000000c4300000)
 Metaspace       used 57085K, committed 58176K, reserved 1105920K
  class space    used 6078K, committed 6592K, reserved 1048576K
}
Event: 5.093 GC heap after
{Heap after GC invocations=35 (full 2):
 PSYoungGen      total 20480K, used 838K [0x00000000eab00000, 0x00000000ec000000, 0x0000000100000000)
  eden space 19456K, 0% used [0x00000000eab00000,0x00000000eab00000,0x00000000ebe00000)
  from space 1024K, 81% used [0x00000000ebe00000,0x00000000ebed1860,0x00000000ebf00000)
  to   space 1024K, 0% used [0x00000000ebf00000,0x00000000ebf00000,0x00000000ec000000)
 ParOldGen       total 68608K, used 41754K [0x00000000c0000000, 0x00000000c4300000, 0x00000000eab00000)
  object space 68608K, 60% used [0x00000000c0000000,0x00000000c28c68d0,0x00000000c4300000)
 Metaspace       used 57085K, committed 58176K, reserved 1105920K
  class space    used 6078K, committed 6592K, reserved 1048576K
}
Event: 5.168 GC heap before
{Heap before GC invocations=36 (full 2):
 PSYoungGen      total 20480K, used 20229K [0x00000000eab00000, 0x00000000ec000000, 0x0000000100000000)
  eden space 19456K, 99% used [0x00000000eab00000,0x00000000ebdefee0,0x00000000ebe00000)
  from space 1024K, 81% used [0x00000000ebe00000,0x00000000ebed1860,0x00000000ebf00000)
  to   space 1024K, 0% used [0x00000000ebf00000,0x00000000ebf00000,0x00000000ec000000)
 ParOldGen       total 68608K, used 41754K [0x00000000c0000000, 0x00000000c4300000, 0x00000000eab00000)
  object space 68608K, 60% used [0x00000000c0000000,0x00000000c28c68d0,0x00000000c4300000)
 Metaspace       used 57127K, committed 58240K, reserved 1105920K
  class space    used 6078K, committed 6592K, reserved 1048576K
}
Event: 5.168 GC heap after
{Heap after GC invocations=36 (full 2):
 PSYoungGen      total 20480K, used 768K [0x00000000eab00000, 0x00000000ec000000, 0x0000000100000000)
  eden space 19456K, 0% used [0x00000000eab00000,0x00000000eab00000,0x00000000ebe00000)
  from space 1024K, 75% used [0x00000000ebf00000,0x00000000ebfc0000,0x00000000ec000000)
  to   space 1024K, 0% used [0x00000000ebe00000,0x00000000ebe00000,0x00000000ebf00000)
 ParOldGen       total 68608K, used 42286K [0x00000000c0000000, 0x00000000c4300000, 0x00000000eab00000)
  object space 68608K, 61% used [0x00000000c0000000,0x00000000c294bad0,0x00000000c4300000)
 Metaspace       used 57127K, committed 58240K, reserved 1105920K
  class space    used 6078K, committed 6592K, reserved 1048576K
}
Event: 5.301 GC heap before
{Heap before GC invocations=37 (full 2):
 PSYoungGen      total 20480K, used 20224K [0x00000000eab00000, 0x00000000ec000000, 0x0000000100000000)
  eden space 19456K, 100% used [0x00000000eab00000,0x00000000ebe00000,0x00000000ebe00000)
  from space 1024K, 75% used [0x00000000ebf00000,0x00000000ebfc0000,0x00000000ec000000)
  to   space 1024K, 0% used [0x00000000ebe00000,0x00000000ebe00000,0x00000000ebf00000)
 ParOldGen       total 68608K, used 42286K [0x00000000c0000000, 0x00000000c4300000, 0x00000000eab00000)
  object space 68608K, 61% used [0x00000000c0000000,0x00000000c294bad0,0x00000000c4300000)
 Metaspace       used 57748K, committed 58944K, reserved 1105920K
  class space    used 6115K, committed 6656K, reserved 1048576K
}
Event: 5.304 GC heap after
{Heap after GC invocations=37 (full 2):
 PSYoungGen      total 20480K, used 1024K [0x00000000eab00000, 0x00000000ec200000, 0x0000000100000000)
  eden space 19456K, 0% used [0x00000000eab00000,0x00000000eab00000,0x00000000ebe00000)
  from space 1024K, 100% used [0x00000000ebe00000,0x00000000ebf00000,0x00000000ebf00000)
  to   space 2048K, 0% used [0x00000000ec000000,0x00000000ec000000,0x00000000ec200000)
 ParOldGen       total 68608K, used 42899K [0x00000000c0000000, 0x00000000c4300000, 0x00000000eab00000)
  object space 68608K, 62% used [0x00000000c0000000,0x00000000c29e4cd0,0x00000000c4300000)
 Metaspace       used 57748K, committed 58944K, reserved 1105920K
  class space    used 6115K, committed 6656K, reserved 1048576K
}
Event: 5.360 GC heap before
{Heap before GC invocations=38 (full 2):
 PSYoungGen      total 20480K, used 20480K [0x00000000eab00000, 0x00000000ec200000, 0x0000000100000000)
  eden space 19456K, 100% used [0x00000000eab00000,0x00000000ebe00000,0x00000000ebe00000)
  from space 1024K, 100% used [0x00000000ebe00000,0x00000000ebf00000,0x00000000ebf00000)
  to   space 2048K, 0% used [0x00000000ec000000,0x00000000ec000000,0x00000000ec200000)
 ParOldGen       total 68608K, used 42899K [0x00000000c0000000, 0x00000000c4300000, 0x00000000eab00000)
  object space 68608K, 62% used [0x00000000c0000000,0x00000000c29e4cd0,0x00000000c4300000)
 Metaspace       used 57753K, committed 58944K, reserved 1105920K
  class space    used 6115K, committed 6656K, reserved 1048576K
}
Event: 5.361 GC heap after
{Heap after GC invocations=38 (full 2):
 PSYoungGen      total 21504K, used 1643K [0x00000000eab00000, 0x00000000ec200000, 0x0000000100000000)
  eden space 19456K, 0% used [0x00000000eab00000,0x00000000eab00000,0x00000000ebe00000)
  from space 2048K, 80% used [0x00000000ec000000,0x00000000ec19ac70,0x00000000ec200000)
  to   space 2048K, 0% used [0x00000000ebe00000,0x00000000ebe00000,0x00000000ec000000)
 ParOldGen       total 68608K, used 43856K [0x00000000c0000000, 0x00000000c4300000, 0x00000000eab00000)
  object space 68608K, 63% used [0x00000000c0000000,0x00000000c2ad42e0,0x00000000c4300000)
 Metaspace       used 57753K, committed 58944K, reserved 1105920K
  class space    used 6115K, committed 6656K, reserved 1048576K
}
Event: 5.413 GC heap before
{Heap before GC invocations=39 (full 2):
 PSYoungGen      total 21504K, used 21099K [0x00000000eab00000, 0x00000000ec200000, 0x0000000100000000)
  eden space 19456K, 100% used [0x00000000eab00000,0x00000000ebe00000,0x00000000ebe00000)
  from space 2048K, 80% used [0x00000000ec000000,0x00000000ec19ac70,0x00000000ec200000)
  to   space 2048K, 0% used [0x00000000ebe00000,0x00000000ebe00000,0x00000000ec000000)
 ParOldGen       total 68608K, used 43856K [0x00000000c0000000, 0x00000000c4300000, 0x00000000eab00000)
  object space 68608K, 63% used [0x00000000c0000000,0x00000000c2ad42e0,0x00000000c4300000)
 Metaspace       used 57754K, committed 58944K, reserved 1105920K
  class space    used 6115K, committed 6656K, reserved 1048576K
}
Event: 5.415 GC heap after
{Heap after GC invocations=39 (full 2):
 PSYoungGen      total 21504K, used 1600K [0x00000000eab00000, 0x00000000ec200000, 0x0000000100000000)
  eden space 19456K, 0% used [0x00000000eab00000,0x00000000eab00000,0x00000000ebe00000)
  from space 2048K, 78% used [0x00000000ebe00000,0x00000000ebf90000,0x00000000ec000000)
  to   space 2048K, 0% used [0x00000000ec000000,0x00000000ec000000,0x00000000ec200000)
 ParOldGen       total 68608K, used 45264K [0x00000000c0000000, 0x00000000c4300000, 0x00000000eab00000)
  object space 68608K, 65% used [0x00000000c0000000,0x00000000c2c342e0,0x00000000c4300000)
 Metaspace       used 57754K, committed 58944K, reserved 1105920K
  class space    used 6115K, committed 6656K, reserved 1048576K
}

Dll operation events (10 events):
Event: 0.003 Loaded shared library c:\Users\±è¹Î±Õ\.vscode\extensions\redhat.java-1.16.0-win32-x64\jre\17.0.6-win32-x86_64\bin\java.dll
Event: 0.068 Loaded shared library c:\Users\±è¹Î±Õ\.vscode\extensions\redhat.java-1.16.0-win32-x64\jre\17.0.6-win32-x86_64\bin\zip.dll
Event: 0.071 Loaded shared library C:\Users\±è¹Î±Õ\.vscode\extensions\redhat.java-1.16.0-win32-x64\jre\17.0.6-win32-x86_64\bin\instrument.dll
Event: 0.077 Loaded shared library C:\Users\±è¹Î±Õ\.vscode\extensions\redhat.java-1.16.0-win32-x64\jre\17.0.6-win32-x86_64\bin\net.dll
Event: 0.078 Loaded shared library C:\Users\±è¹Î±Õ\.vscode\extensions\redhat.java-1.16.0-win32-x64\jre\17.0.6-win32-x86_64\bin\nio.dll
Event: 0.082 Loaded shared library C:\Users\±è¹Î±Õ\.vscode\extensions\redhat.java-1.16.0-win32-x64\jre\17.0.6-win32-x86_64\bin\zip.dll
Event: 0.089 Loaded shared library C:\Users\±è¹Î±Õ\.vscode\extensions\redhat.java-1.16.0-win32-x64\jre\17.0.6-win32-x86_64\bin\jimage.dll
Event: 0.115 Loaded shared library c:\Users\±è¹Î±Õ\.vscode\extensions\redhat.java-1.16.0-win32-x64\jre\17.0.6-win32-x86_64\bin\verify.dll
Event: 0.571 Loaded shared library C:\Users\±è¹Î±Õ\AppData\Roaming\Code\User\globalStorage\redhat.java\1.16.0\config_win\org.eclipse.equinox.launcher\org.eclipse.equinox.launcher.win32.win32.x86_64_1.2.700.v20221108-1024\eclipse_11801.dll
Event: 1.463 Loaded shared library C:\Users\±è¹Î±Õ\AppData\Local\Temp\jna-44404644\jna16435794065299996548.dll

Deoptimization events (20 events):
Event: 5.248 Thread 0x0000021fdbbda290 DEOPT PACKING pc=0x0000021fcb302fc0 sp=0x0000007ff11fef30
Event: 5.248 Thread 0x0000021fdbbda290 DEOPT UNPACKING pc=0x0000021fca9d66a3 sp=0x0000007ff11feee8 mode 2
Event: 5.319 Thread 0x0000021fdbbda290 Uncommon trap: trap_request=0xffffffcc fr.pc=0x0000021fcb345a64 relative=0x0000000000001044
Event: 5.319 Thread 0x0000021fdbbda290 Uncommon trap: reason=intrinsic_or_type_checked_inlining action=make_not_entrant pc=0x0000021fcb345a64 method=java.util.ArrayList.toArray([Ljava/lang/Object;)[Ljava/lang/Object; @ 36 c2
Event: 5.320 Thread 0x0000021fdbbda290 DEOPT PACKING pc=0x0000021fcb345a64 sp=0x0000007ff11fe270
Event: 5.320 Thread 0x0000021fdbbda290 DEOPT UNPACKING pc=0x0000021fca9d66a3 sp=0x0000007ff11fe1a8 mode 2
Event: 5.373 Thread 0x0000021fdbbda290 Uncommon trap: trap_request=0xffffff45 fr.pc=0x0000021fcb32e1f8 relative=0x0000000000002078
Event: 5.373 Thread 0x0000021fdbbda290 Uncommon trap: reason=unstable_if action=reinterpret pc=0x0000021fcb32e1f8 method=org.eclipse.jdt.internal.compiler.parser.Scanner.internalScanIdentifierOrKeyword(II[C)I @ 4698 c2
Event: 5.373 Thread 0x0000021fdbbda290 DEOPT PACKING pc=0x0000021fcb32e1f8 sp=0x0000007ff11fe700
Event: 5.373 Thread 0x0000021fdbbda290 DEOPT UNPACKING pc=0x0000021fca9d66a3 sp=0x0000007ff11fe688 mode 2
Event: 5.384 Thread 0x0000021fdbbda290 Uncommon trap: trap_request=0xffffff45 fr.pc=0x0000021fcb31b3f0 relative=0x0000000000005ab0
Event: 5.384 Thread 0x0000021fdbbda290 Uncommon trap: reason=unstable_if action=reinterpret pc=0x0000021fcb31b3f0 method=org.eclipse.jdt.internal.compiler.util.Util.isClassFileName(Ljava/lang/String;)Z @ 67 c2
Event: 5.384 Thread 0x0000021fdbbda290 DEOPT PACKING pc=0x0000021fcb31b3f0 sp=0x0000007ff11fe780
Event: 5.384 Thread 0x0000021fdbbda290 DEOPT UNPACKING pc=0x0000021fca9d66a3 sp=0x0000007ff11fe6d8 mode 2
Event: 5.388 Thread 0x0000021fdbbda290 DEOPT PACKING pc=0x0000021fc41a1ea8 sp=0x0000007ff11fe670
Event: 5.388 Thread 0x0000021fdbbda290 DEOPT UNPACKING pc=0x0000021fca9d6e43 sp=0x0000007ff11fdb98 mode 0
Event: 5.390 Thread 0x0000021fdbbda290 DEOPT PACKING pc=0x0000021fc41a1ea8 sp=0x0000007ff11fe600
Event: 5.390 Thread 0x0000021fdbbda290 DEOPT UNPACKING pc=0x0000021fca9d6e43 sp=0x0000007ff11fdb08 mode 0
Event: 5.392 Thread 0x0000021fdbbda290 DEOPT PACKING pc=0x0000021fc41a1ea8 sp=0x0000007ff11fe600
Event: 5.392 Thread 0x0000021fdbbda290 DEOPT UNPACKING pc=0x0000021fca9d6e43 sp=0x0000007ff11fdb08 mode 0

Classes unloaded (7 events):
Event: 0.900 Thread 0x0000021fd6182fe0 Unloading class 0x0000000100216400 'java/lang/invoke/LambdaForm$MH+0x0000000100216400'
Event: 0.900 Thread 0x0000021fd6182fe0 Unloading class 0x0000000100216000 'java/lang/invoke/LambdaForm$MH+0x0000000100216000'
Event: 0.900 Thread 0x0000021fd6182fe0 Unloading class 0x0000000100215c00 'java/lang/invoke/LambdaForm$MH+0x0000000100215c00'
Event: 0.900 Thread 0x0000021fd6182fe0 Unloading class 0x0000000100215800 'java/lang/invoke/LambdaForm$MH+0x0000000100215800'
Event: 0.900 Thread 0x0000021fd6182fe0 Unloading class 0x0000000100215000 'java/lang/invoke/LambdaForm$BMH+0x0000000100215000'
Event: 0.900 Thread 0x0000021fd6182fe0 Unloading class 0x0000000100214c00 'java/lang/invoke/LambdaForm$DMH+0x0000000100214c00'
Event: 0.900 Thread 0x0000021fd6182fe0 Unloading class 0x0000000100212000 'java/lang/invoke/LambdaForm$DMH+0x0000000100212000'

Classes redefined (0 events):
No events

Internal exceptions (20 events):
Event: 3.446 Thread 0x0000021fdbbd80e0 Exception <a 'java/lang/NoClassDefFoundError'{0x00000000eb4cd9a0}: org/eclipse/jdt/core/dom/Name> (0x00000000eb4cd9a0) 
thrown [s\src\hotspot\share\classfile\systemDictionary.cpp, line 245]
Event: 3.446 Thread 0x0000021fdbbd80e0 Exception <a 'java/lang/NullPointerException'{0x00000000eb4cdf30}> (0x00000000eb4cdf30) 
thrown [s\src\hotspot\share\interpreter\linkResolver.cpp, line 1350]
Event: 3.452 Thread 0x0000021fdbbd80e0 Exception <a 'java/lang/NullPointerException'{0x00000000eb4fb308}> (0x00000000eb4fb308) 
thrown [s\src\hotspot\share\interpreter\linkResolver.cpp, line 1350]
Event: 3.452 Thread 0x0000021fdbbd80e0 Exception <a 'java/lang/NullPointerException'{0x00000000eb4fc1b0}> (0x00000000eb4fc1b0) 
thrown [s\src\hotspot\share\interpreter\linkResolver.cpp, line 1350]
Event: 3.452 Thread 0x0000021fdbbd80e0 Exception <a 'java/lang/NullPointerException'{0x00000000eb4fcdf8}> (0x00000000eb4fcdf8) 
thrown [s\src\hotspot\share\interpreter\linkResolver.cpp, line 1350]
Event: 3.715 Thread 0x0000021fdbbd9420 Exception <a 'java/io/FileNotFoundException'{0x00000000eb0ec708}> (0x00000000eb0ec708) 
thrown [s\src\hotspot\share\prims\jni.cpp, line 516]
Event: 3.731 Thread 0x0000021fdbbd9420 Implicit null exception at 0x0000021fcb0e736c to 0x0000021fcb0e7410
Event: 4.607 Thread 0x0000021fdbbd9420 Implicit null exception at 0x0000021fcb17dd1c to 0x0000021fcb17e14c
Event: 4.608 Thread 0x0000021fdbbd9420 Implicit null exception at 0x0000021fcb29bc26 to 0x0000021fcb29bed0
Event: 4.646 Thread 0x0000021fdbbd9420 Exception <a 'java/lang/NoSuchMethodError'{0x00000000eb49a8a8}: 'int java.lang.invoke.DirectMethodHandle$Holder.invokeSpecial(java.lang.Object, java.lang.Object, java.lang.Object, java.lang.Object)'> (0x00000000eb49a8a8) 
thrown [s\src\hotspot\share\interpreter\linkResolver.cpp, line 759]
Event: 4.649 Thread 0x0000021fdbbd9420 Exception <a 'java/lang/NoSuchMethodError'{0x00000000eb4b3260}: 'java.lang.Object java.lang.invoke.DirectMethodHandle$Holder.invokeStatic(java.lang.Object, int, java.lang.Object, java.lang.Object)'> (0x00000000eb4b3260) 
thrown [s\src\hotspot\share\interpreter\linkResolver.cpp, line 759]
Event: 4.649 Thread 0x0000021fdbbd9420 Exception <a 'java/lang/NoSuchMethodError'{0x00000000eb4b7048}: 'java.lang.Object java.lang.invoke.DelegatingMethodHandle$Holder.delegate(java.lang.Object, int, java.lang.Object, java.lang.Object)'> (0x00000000eb4b7048) 
thrown [s\src\hotspot\share\interpreter\linkResolver.cpp, line 759]
Event: 4.653 Thread 0x0000021fdbbd9420 Exception <a 'java/lang/NoSuchMethodError'{0x00000000eb4cbcf0}: 'int java.lang.invoke.Invokers$Holder.linkToTargetMethod(java.lang.Object, java.lang.Object, java.lang.Object)'> (0x00000000eb4cbcf0) 
thrown [s\src\hotspot\share\interpreter\linkResolver.cpp, line 759]
Event: 4.672 Thread 0x0000021fdbbd9420 Exception <a 'java/lang/NoSuchMethodError'{0x00000000eb613660}: 'void java.lang.invoke.DirectMethodHandle$Holder.invokeSpecial(java.lang.Object, java.lang.Object, java.lang.Object, java.lang.Object, java.lang.Object)'> (0x00000000eb613660) 
thrown [s\src\hotspot\share\interpreter\linkResolver.cpp, line 759]
Event: 4.994 Thread 0x0000021fdbbd8f50 Exception <a 'java/lang/NullPointerException'{0x00000000eb532538}> (0x00000000eb532538) 
thrown [s\src\hotspot\share\interpreter\linkResolver.cpp, line 1350]
Event: 4.996 Thread 0x0000021fdbbd8f50 Exception <a 'java/lang/NullPointerException'{0x00000000eb542a58}> (0x00000000eb542a58) 
thrown [s\src\hotspot\share\interpreter\linkResolver.cpp, line 1350]
Event: 4.996 Thread 0x0000021fdbbd8f50 Exception <a 'java/lang/NullPointerException'{0x00000000eb5438c0}> (0x00000000eb5438c0) 
thrown [s\src\hotspot\share\interpreter\linkResolver.cpp, line 1350]
Event: 4.997 Thread 0x0000021fdbbd8f50 Exception <a 'java/lang/NullPointerException'{0x00000000eb544260}> (0x00000000eb544260) 
thrown [s\src\hotspot\share\interpreter\linkResolver.cpp, line 1350]
Event: 5.461 Thread 0x0000021fdbbda290 Exception <a 'java/lang/NoSuchMethodError'{0x00000000eaee8b48}: 'int java.lang.invoke.DirectMethodHandle$Holder.invokeStatic(java.lang.Object, java.lang.Object, java.lang.Object, int)'> (0x00000000eaee8b48) 
thrown [s\src\hotspot\share\interpreter\linkResolver.cpp, line 759]
Event: 5.504 Thread 0x0000021fdbbda290 Exception <a 'java/lang/NoSuchMethodError'{0x00000000eb00e368}: 'int java.lang.invoke.DirectMethodHandle$Holder.invokeSpecialIFC(java.lang.Object, java.lang.Object, java.lang.Object)'> (0x00000000eb00e368) 
thrown [s\src\hotspot\share\interpreter\linkResolver.cpp, line 759]

VM Operations (20 events):
Event: 4.958 Executing VM operation: ParallelGCFailedAllocation
Event: 4.959 Executing VM operation: ParallelGCFailedAllocation done
Event: 4.988 Executing VM operation: HandshakeAllThreads
Event: 4.988 Executing VM operation: HandshakeAllThreads done
Event: 5.092 Executing VM operation: ParallelGCFailedAllocation
Event: 5.093 Executing VM operation: ParallelGCFailedAllocation done
Event: 5.141 Executing VM operation: HandshakeAllThreads
Event: 5.141 Executing VM operation: HandshakeAllThreads done
Event: 5.167 Executing VM operation: ParallelGCFailedAllocation
Event: 5.168 Executing VM operation: ParallelGCFailedAllocation done
Event: 5.239 Executing VM operation: HandshakeAllThreads
Event: 5.239 Executing VM operation: HandshakeAllThreads done
Event: 5.301 Executing VM operation: ParallelGCFailedAllocation
Event: 5.304 Executing VM operation: ParallelGCFailedAllocation done
Event: 5.333 Executing VM operation: HandshakeAllThreads
Event: 5.333 Executing VM operation: HandshakeAllThreads done
Event: 5.360 Executing VM operation: ParallelGCFailedAllocation
Event: 5.361 Executing VM operation: ParallelGCFailedAllocation done
Event: 5.413 Executing VM operation: ParallelGCFailedAllocation
Event: 5.415 Executing VM operation: ParallelGCFailedAllocation done

Events (20 events):
Event: 4.395 loading class sun/nio/cs/ISO_8859_1$Decoder done
Event: 4.648 loading class java/util/AbstractList$RandomAccessSubList
Event: 4.648 loading class java/util/AbstractList$SubList
Event: 4.648 loading class java/util/AbstractList$SubList done
Event: 4.648 loading class java/util/AbstractList$RandomAccessSubList done
Event: 4.648 loading class java/util/AbstractList$SubList$1
Event: 4.649 loading class java/util/AbstractList$SubList$1 done
Event: 4.650 loading class java/lang/invoke/MethodHandleImpl$CountingWrapper
Event: 4.650 loading class java/lang/invoke/MethodHandleImpl$CountingWrapper done
Event: 5.143 Thread 0x0000021fd61cea10 flushing nmethod 0x0000021fc34c0590
Event: 5.144 Thread 0x0000021fd61cea10 flushing nmethod 0x0000021fc351d610
Event: 5.145 Thread 0x0000021fd61cea10 flushing nmethod 0x0000021fc36f1610
Event: 5.243 loading class java/lang/UnsupportedClassVersionError
Event: 5.243 loading class java/lang/UnsupportedClassVersionError done
Event: 5.247 loading class jdk/internal/reflect/UnsafeQualifiedStaticIntegerFieldAccessorImpl
Event: 5.247 loading class jdk/internal/reflect/UnsafeQualifiedStaticIntegerFieldAccessorImpl done
Event: 5.496 loading class java/util/stream/ReduceOps$4
Event: 5.496 loading class java/util/stream/ReduceOps$4 done
Event: 5.497 loading class java/util/stream/ReduceOps$4ReducingSink
Event: 5.497 loading class java/util/stream/ReduceOps$4ReducingSink done


Dynamic libraries:
0x00007ff633d10000 - 0x00007ff633d1e000 	c:\Users\±è¹Î±Õ\.vscode\extensions\redhat.java-1.16.0-win32-x64\jre\17.0.6-win32-x86_64\bin\java.exe
0x00007ffe9bb30000 - 0x00007ffe9bd28000 	C:\WINDOWS\SYSTEM32\ntdll.dll
0x00007ffe9abb0000 - 0x00007ffe9ac6f000 	C:\WINDOWS\System32\KERNEL32.DLL
0x00007ffe99230000 - 0x00007ffe99502000 	C:\WINDOWS\System32\KERNELBASE.dll
0x00007ffe99740000 - 0x00007ffe99840000 	C:\WINDOWS\System32\ucrtbase.dll
0x00007ffe92280000 - 0x00007ffe92297000 	c:\Users\±è¹Î±Õ\.vscode\extensions\redhat.java-1.16.0-win32-x64\jre\17.0.6-win32-x86_64\bin\jli.dll
0x00007ffe94780000 - 0x00007ffe94799000 	c:\Users\±è¹Î±Õ\.vscode\extensions\redhat.java-1.16.0-win32-x64\jre\17.0.6-win32-x86_64\bin\VCRUNTIME140.dll
0x00007ffe9a960000 - 0x00007ffe9ab01000 	C:\WINDOWS\System32\USER32.dll
0x00007ffe78830000 - 0x00007ffe78aca000 	C:\WINDOWS\WinSxS\amd64_microsoft.windows.common-controls_6595b64144ccf1df_6.0.19041.1110_none_60b5254171f9507e\COMCTL32.dll
0x00007ffe99940000 - 0x00007ffe99962000 	C:\WINDOWS\System32\win32u.dll
0x00007ffe9ab10000 - 0x00007ffe9abae000 	C:\WINDOWS\System32\msvcrt.dll
0x00007ffe9b020000 - 0x00007ffe9b04b000 	C:\WINDOWS\System32\GDI32.dll
0x00007ffe99a70000 - 0x00007ffe99b7f000 	C:\WINDOWS\System32\gdi32full.dll
0x00007ffe996a0000 - 0x00007ffe9973d000 	C:\WINDOWS\System32\msvcp_win.dll
0x00007ffe9b2c0000 - 0x00007ffe9b2f0000 	C:\WINDOWS\System32\IMM32.DLL
0x00007ffe94ad0000 - 0x00007ffe94adc000 	c:\Users\±è¹Î±Õ\.vscode\extensions\redhat.java-1.16.0-win32-x64\jre\17.0.6-win32-x86_64\bin\vcruntime140_1.dll
0x00007ffe64dd0000 - 0x00007ffe64e61000 	c:\Users\±è¹Î±Õ\.vscode\extensions\redhat.java-1.16.0-win32-x64\jre\17.0.6-win32-x86_64\bin\msvcp140.dll
0x00007ffe63f40000 - 0x00007ffe64b87000 	c:\Users\±è¹Î±Õ\.vscode\extensions\redhat.java-1.16.0-win32-x64\jre\17.0.6-win32-x86_64\bin\server\jvm.dll
0x00007ffe9add0000 - 0x00007ffe9ae7e000 	C:\WINDOWS\System32\ADVAPI32.dll
0x00007ffe9af80000 - 0x00007ffe9b01c000 	C:\WINDOWS\System32\sechost.dll
0x00007ffe9b400000 - 0x00007ffe9b524000 	C:\WINDOWS\System32\RPCRT4.dll
0x00007ffe89810000 - 0x00007ffe89837000 	C:\WINDOWS\SYSTEM32\WINMM.dll
0x00007ffe94ac0000 - 0x00007ffe94ac9000 	C:\WINDOWS\SYSTEM32\WSOCK32.dll
0x00007ffe9ac70000 - 0x00007ffe9acdb000 	C:\WINDOWS\System32\WS2_32.dll
0x00007ffe8bb40000 - 0x00007ffe8bb4a000 	C:\WINDOWS\SYSTEM32\VERSION.dll
0x00007ffe97a30000 - 0x00007ffe97a42000 	C:\WINDOWS\SYSTEM32\kernel.appcore.dll
0x00007ffe92270000 - 0x00007ffe9227a000 	c:\Users\±è¹Î±Õ\.vscode\extensions\redhat.java-1.16.0-win32-x64\jre\17.0.6-win32-x86_64\bin\jimage.dll
0x00007ffe96e10000 - 0x00007ffe96ff4000 	C:\WINDOWS\SYSTEM32\DBGHELP.DLL
0x00007ffe7fca0000 - 0x00007ffe7fcd5000 	C:\WINDOWS\SYSTEM32\dbgcore.DLL
0x00007ffe998b0000 - 0x00007ffe99932000 	C:\WINDOWS\System32\bcryptPrimitives.dll
0x00007ffe92120000 - 0x00007ffe9212e000 	c:\Users\±è¹Î±Õ\.vscode\extensions\redhat.java-1.16.0-win32-x64\jre\17.0.6-win32-x86_64\bin\instrument.dll
0x00007ffe91f50000 - 0x00007ffe91f75000 	c:\Users\±è¹Î±Õ\.vscode\extensions\redhat.java-1.16.0-win32-x64\jre\17.0.6-win32-x86_64\bin\java.dll
0x00007ffe90c10000 - 0x00007ffe90c28000 	c:\Users\±è¹Î±Õ\.vscode\extensions\redhat.java-1.16.0-win32-x64\jre\17.0.6-win32-x86_64\bin\zip.dll
0x00007ffe99ce0000 - 0x00007ffe9a425000 	C:\WINDOWS\System32\SHELL32.dll
0x00007ffe97290000 - 0x00007ffe97a22000 	C:\WINDOWS\SYSTEM32\windows.storage.dll
0x00007ffe9b660000 - 0x00007ffe9b9b5000 	C:\WINDOWS\System32\combase.dll
0x00007ffe98ad0000 - 0x00007ffe98b00000 	C:\WINDOWS\SYSTEM32\Wldp.dll
0x00007ffe9b2f0000 - 0x00007ffe9b39d000 	C:\WINDOWS\System32\SHCORE.dll
0x00007ffe9b3a0000 - 0x00007ffe9b3f5000 	C:\WINDOWS\System32\shlwapi.dll
0x00007ffe99170000 - 0x00007ffe9918f000 	C:\WINDOWS\SYSTEM32\profapi.dll
0x00007ffe8ffa0000 - 0x00007ffe8ffb9000 	C:\Users\±è¹Î±Õ\.vscode\extensions\redhat.java-1.16.0-win32-x64\jre\17.0.6-win32-x86_64\bin\net.dll
0x00007ffe93960000 - 0x00007ffe93a6a000 	C:\WINDOWS\SYSTEM32\WINHTTP.dll
0x00007ffe988b0000 - 0x00007ffe9891a000 	C:\WINDOWS\system32\mswsock.dll
0x00007ffe8fb80000 - 0x00007ffe8fb95000 	C:\Users\±è¹Î±Õ\.vscode\extensions\redhat.java-1.16.0-win32-x64\jre\17.0.6-win32-x86_64\bin\nio.dll
0x00007ffe91fd0000 - 0x00007ffe91fe0000 	c:\Users\±è¹Î±Õ\.vscode\extensions\redhat.java-1.16.0-win32-x64\jre\17.0.6-win32-x86_64\bin\verify.dll
0x00007ffe89280000 - 0x00007ffe892be000 	C:\Users\±è¹Î±Õ\AppData\Roaming\Code\User\globalStorage\redhat.java\1.16.0\config_win\org.eclipse.equinox.launcher\org.eclipse.equinox.launcher.win32.win32.x86_64_1.2.700.v20221108-1024\eclipse_11801.dll
0x00007ffe9b530000 - 0x00007ffe9b65a000 	C:\WINDOWS\System32\ole32.dll
0x00007ffe98b10000 - 0x00007ffe98b28000 	C:\WINDOWS\SYSTEM32\CRYPTSP.dll
0x00007ffe981f0000 - 0x00007ffe98224000 	C:\WINDOWS\system32\rsaenh.dll
0x00007ffe99510000 - 0x00007ffe99537000 	C:\WINDOWS\System32\bcrypt.dll
0x00007ffe99130000 - 0x00007ffe9915e000 	C:\WINDOWS\SYSTEM32\USERENV.dll
0x00007ffe98a40000 - 0x00007ffe98a4c000 	C:\WINDOWS\SYSTEM32\CRYPTBASE.dll
0x00007ffe985c0000 - 0x00007ffe985fb000 	C:\WINDOWS\SYSTEM32\IPHLPAPI.DLL
0x00007ffe9ae80000 - 0x00007ffe9ae88000 	C:\WINDOWS\System32\NSI.dll
0x00007ffe900b0000 - 0x00007ffe900c7000 	C:\WINDOWS\SYSTEM32\dhcpcsvc6.DLL
0x00007ffe90090000 - 0x00007ffe900ad000 	C:\WINDOWS\SYSTEM32\dhcpcsvc.DLL
0x00007ffe98600000 - 0x00007ffe986cb000 	C:\WINDOWS\SYSTEM32\DNSAPI.dll
0x00007ffe7eac0000 - 0x00007ffe7eb05000 	C:\Users\±è¹Î±Õ\AppData\Local\Temp\jna-44404644\jna16435794065299996548.dll
0x00007ffe9b9c0000 - 0x00007ffe9b9c8000 	C:\WINDOWS\System32\PSAPI.DLL

dbghelp: loaded successfully - version: 4.0.5 - missing functions: none
symbol engine: initialized successfully - sym options: 0x614 - pdb path: .;c:\Users\±è¹Î±Õ\.vscode\extensions\redhat.java-1.16.0-win32-x64\jre\17.0.6-win32-x86_64\bin;C:\WINDOWS\SYSTEM32;C:\WINDOWS\WinSxS\amd64_microsoft.windows.common-controls_6595b64144ccf1df_6.0.19041.1110_none_60b5254171f9507e;c:\Users\±è¹Î±Õ\.vscode\extensions\redhat.java-1.16.0-win32-x64\jre\17.0.6-win32-x86_64\bin\;c:\Users\±è¹Î±Õ\.vscode\extensions\redhat.java-1.16.0-win32-x64\jre\17.0.6-win32-x86_64\b;c:\Users\±è¹Î±Õ\.vscode\extensions\redhat.java-1.16.0-win32-x64\jre\17.0.6-win32-x86_6;c:\Users\±è¹Î±Õ\.vscode\extensions\redhat.java-1.16.0-win32-x64\jre\17.0.6-win32-x8;c:\Users\±è¹Î±Õ\.vscode\extensions\redhat.java-1.16.0-win32-x64\jre\17.0.6-win32;c:\Users\±è¹Î±Õ\.vscode\extensions\redhat.java-1.16.0-win32-x64\jre\17.0.6-wi;c:\Users\±è¹Î±Õ\.vscode\extensions\redhat.java-1.16.0-win32-x64\jre\17.0.6-win32-x86_64\bin\server;C:\Users\±è¹Î±Õ\AppData\Roaming\Code\User\globalStorage\redhat.java\1.16.0\config_win\org.eclipse.equinox.launcher\org.eclipse.equinox.launcher.win32.win32.x8;C:\Users\±è¹Î±Õ\AppData\Roaming\Code\User\globalStorage\redhat.java\1.16.0\config_win\org.eclipse.equinox.launcher\org.eclipse.equinox.launcher.win32.win32.x86_64_1.2.700.v20221108-1024;C:\Users\±è¹Î±

VM Arguments:
jvm_args: --add-modules=ALL-SYSTEM --add-opens=java.base/java.util=ALL-UNNAMED --add-opens=java.base/java.lang=ALL-UNNAMED --add-opens=java.base/sun.nio.fs=ALL-UNNAMED -Declipse.application=org.eclipse.jdt.ls.core.id1 -Dosgi.bundles.defaultStartLevel=4 -Declipse.product=org.eclipse.jdt.ls.core.product -Djava.import.generatesMetadataFilesAtProjectRoot=false -Dfile.encoding=utf8 -XX:+UseParallelGC -XX:GCTimeRatio=4 -XX:AdaptiveSizePolicyWeight=90 -Dsun.zip.disableMemoryMapping=true -Xmx1G -Xms100m -Xlog:disable -javaagent:c:\Users\±è¹Î±Õ\.vscode\extensions\redhat.java-1.16.0-win32-x64\lombok\lombok-1.18.24.jar -XX:+HeapDumpOnOutOfMemoryError -XX:HeapDumpPath=c:\Users\±è¹Î±Õ\AppData\Roaming\Code\User\workspaceStorage\1ddcc8cec2590a76b3499e3dac72c4fc\redhat.java 
java_command: c:\Users\±è¹Î±Õ\.vscode\extensions\redhat.java-1.16.0-win32-x64\server\plugins\org.eclipse.equinox.launcher_1.6.400.v20210924-0641.jar -configuration c:\Users\±è¹Î±Õ\AppData\Roaming\Code\User\globalStorage\redhat.java\1.16.0\config_win -data c:\Users\±è¹Î±Õ\AppData\Roaming\Code\User\workspaceStorage\1ddcc8cec2590a76b3499e3dac72c4fc\redhat.java\jdt_ws
java_class_path (initial): c:\Users\±è¹Î±Õ\.vscode\extensions\redhat.java-1.16.0-win32-x64\server\plugins\org.eclipse.equinox.launcher_1.6.400.v20210924-0641.jar
Launcher Type: SUN_STANDARD

[Global flags]
    uintx AdaptiveSizePolicyWeight                 = 90                                        {product} {command line}
     intx CICompilerCount                          = 4                                         {product} {ergonomic}
    uintx GCTimeRatio                              = 4                                         {product} {command line}
     bool HeapDumpOnOutOfMemoryError               = true                                   {manageable} {command line}
    ccstr HeapDumpPath                             = c:\Users\±è¹Î±Õ\AppData\Roaming\Code\User\workspaceStorage\1ddcc8cec2590a76b3499e3dac72c4fc\redhat.java         {manageable} {command line}
   size_t InitialHeapSize                          = 104857600                                 {product} {command line}
   size_t MaxHeapSize                              = 1073741824                                {product} {command line}
   size_t MaxNewSize                               = 357564416                                 {product} {ergonomic}
   size_t MinHeapDeltaBytes                        = 524288                                    {product} {ergonomic}
   size_t MinHeapSize                              = 104857600                                 {product} {command line}
   size_t NewSize                                  = 34603008                                  {product} {ergonomic}
    uintx NonNMethodCodeHeapSize                   = 5839372                                {pd product} {ergonomic}
    uintx NonProfiledCodeHeapSize                  = 122909434                              {pd product} {ergonomic}
   size_t OldSize                                  = 70254592                                  {product} {ergonomic}
    uintx ProfiledCodeHeapSize                     = 122909434                              {pd product} {ergonomic}
    uintx ReservedCodeCacheSize                    = 251658240                              {pd product} {ergonomic}
     bool SegmentedCodeCache                       = true                                      {product} {ergonomic}
   size_t SoftMaxHeapSize                          = 1073741824                             {manageable} {ergonomic}
     bool UseCompressedClassPointers               = true                           {product lp64_product} {ergonomic}
     bool UseCompressedOops                        = true                           {product lp64_product} {ergonomic}
     bool UseLargePagesIndividualAllocation        = false                                  {pd product} {ergonomic}
     bool UseParallelGC                            = true                                      {product} {command line}

Logging:
Log output configuration:
 #0: stdout all=off uptime,level,tags
 #1: stderr all=off uptime,level,tags

Environment Variables:
JAVA_HOME=E:\jdk-11.0.16.1_windows-x64_bin\jdk-11.0.16.1
CLASSPATH=E:\jdk-11.0.16.1_windows-x64_bin\jdk-11.0.16.1\lib
PATH=E:\jdk-11.0.16.1_windows-x64_bin\jdk-11.0.16.1;E:\jdk-11.0.16.1_windows-x64_bin\jdk-11.0.16.1\bin;C:\Python311\Scripts\;C:\Python311\;C:\WINDOWS\system32;C:\WINDOWS;C:\WINDOWS\System32\Wbem;C:\WINDOWS\System32\WindowsPowerShell\v1.0\;C:\WINDOWS\System32\OpenSSH\;C:\Program Files\nodejs\;C:\ProgramData\chocolatey\bin;C:\Program Files\Git\cmd;C:\WINDOWS\SYSTEM32;;C:\Program Files\Docker\Docker\resources\bin;C:\Program Files\Bandizip\;E:\jdk-11.0.16.1_windows-x64_bin\jdk-11.0.16.1\bin;E:\jdk-11.0.16.1_windows-x64_bin\jdk-11.0.16.1;C:\Users\±è¹Î±Õ\AppData\Local\Microsoft\WindowsApps;C:\Users\±è¹Î±Õ\AppData\Local\Programs\Microsoft VS Code\bin;C:\Users\±è¹Î±Õ\AppData\Roaming\npm;
USERNAME=±è¹Î±Õ
OS=Windows_NT
PROCESSOR_IDENTIFIER=Intel64 Family 6 Model 154 Stepping 4, GenuineIntel
TMP=C:\Users\±è¹Î±Õ\AppData\Local\Temp
TEMP=C:\Users\±è¹Î±Õ\AppData\Local\Temp



---------------  S Y S T E M  ---------------

OS:
 Windows 10 , 64 bit Build 19041 (10.0.19041.2546)
OS uptime: 0 days 20:19 hours
Hyper-V role detected

CPU: total 12 (initial active 12) (6 cores per cpu, 2 threads per core) family 6 model 154 stepping 4 microcode 0x423, cx8, cmov, fxsr, ht, mmx, 3dnowpref, sse, sse2, sse3, ssse3, sse4.1, sse4.2, popcnt, lzcnt, tsc, tscinvbit, avx, avx2, aes, erms, clmul, bmi1, bmi2, adx, sha, fma, vzeroupper, clflush, clflushopt, clwb, hv

Memory: 4k page, system-wide physical 16085M (1112M free)
TotalPageFile size 16085M (AvailPageFile size 24M)
current process WorkingSet (physical memory assigned to process): 226M, peak: 246M
current process commit charge ("private bytes"): 294M, peak: 321M

vm_info: OpenJDK 64-Bit Server VM (17.0.6+10) for windows-amd64 JRE (17.0.6+10), built on Jan 18 2023 10:08:59 by "temurin" with MS VC++ 16.7 (VS2019)

END.
