#
# There is insufficient memory for the Java Runtime Environment to continue.
# Native memory allocation (malloc) failed to allocate 2097152 bytes for AllocateHeap
# Possible reasons:
#   The system is out of physical RAM or swap space
#   The process is running with CompressedOops enabled, and the Java Heap may be blocking the growth of the native heap
# Possible solutions:
#   Reduce memory load on the system
#   Increase physical memory or swap space
#   Check if swap backing store is full
#   Decrease Java heap size (-Xmx/-Xms)
#   Decrease number of Java threads
#   Decrease Java thread stack sizes (-Xss)
#   Set larger code cache with -XX:ReservedCodeCacheSize=
#   JVM is running with Unscaled Compressed Oops mode in which the Java heap is
#     placed in the first 4GB address space. The Java Heap base address is the
#     maximum limit for the native heap growth. Please use -XX:HeapBaseMinAddress
#     to set the Java Heap base and to place the Java Heap above 4GB virtual address.
# This output file may be truncated or incomplete.
#
#  Out of Memory Error (allocation.cpp:44), pid=9624, tid=2484
#
# JRE version: OpenJDK Runtime Environment Temurin-17.0.6+10 (17.0.6+10) (build 17.0.6+10)
# Java VM: OpenJDK 64-Bit Server VM Temurin-17.0.6+10 (17.0.6+10, mixed mode, emulated-client, tiered, compressed oops, compressed class ptrs, g1 gc, windows-amd64)
# No core dump will be written. Minidumps are not enabled by default on client versions of Windows
#

---------------  S U M M A R Y ------------

Command Line: -XX:+HeapDumpOnOutOfMemoryError -Xmx1024m -Dsts.lsp.client=vscode -Dsts.log.file=/dev/null -XX:TieredStopAtLevel=1 -Xlog:jni+resolve=off -Dspring.config.location=file:c:\Users\±è¹Î±Õ\.vscode\extensions\vmware.vscode-spring-boot-1.45.0\language-server\BOOT-INF\classes\application.properties org.springframework.ide.vscode.boot.app.BootLanguageServerBootApp

Host: 12th Gen Intel(R) Core(TM) i5-1235U, 12 cores, 15G,  Windows 10 , 64 bit Build 19041 (10.0.19041.2546)
Time: Thu Mar 30 14:55:56 2023  Windows 10 , 64 bit Build 19041 (10.0.19041.2546) elapsed time: 11328.446869 seconds (0d 3h 8m 48s)

---------------  T H R E A D  ---------------

Current thread (0x0000021eebc0b460):  VMThread "VM Thread" [stack: 0x0000007793f00000,0x0000007794000000] [id=2484]

Stack: [0x0000007793f00000,0x0000007794000000]
Native frames: (J=compiled Java code, j=interpreted, Vv=VM code, C=native code)
V  [jvm.dll+0x67741a]
V  [jvm.dll+0x834434]
V  [jvm.dll+0x835bde]
V  [jvm.dll+0x836243]
V  [jvm.dll+0x2457b5]
V  [jvm.dll+0xa626f]
V  [jvm.dll+0x2f5b61]
V  [jvm.dll+0x2f17e0]
V  [jvm.dll+0x2d9ee7]
V  [jvm.dll+0x31ce67]
V  [jvm.dll+0x83a6eb]
V  [jvm.dll+0x83b424]
V  [jvm.dll+0x83b93c]
V  [jvm.dll+0x83bd14]
V  [jvm.dll+0x83bde0]
V  [jvm.dll+0x7e483a]
V  [jvm.dll+0x6762c5]
C  [ucrtbase.dll+0x21bb2]
C  [KERNEL32.DLL+0x17614]
C  [ntdll.dll+0x526a1]

VM_Operation (0x0000007795bfebc0): G1CollectFull, mode: safepoint, requested by thread 0x0000021ef06be080


---------------  P R O C E S S  ---------------

Threads class SMR info:
_java_thread_list=0x0000021ef27899e0, length=32, elements={
0x0000021eeb375190, 0x0000021eeb375f10, 0x0000021eebc52420, 0x0000021eebc2bff0,
0x0000021eebc2d8c0, 0x0000021eebc2e180, 0x0000021eebc2ea40, 0x0000021eebc2f340,
0x0000021eebe7dc90, 0x0000021eebe81b80, 0x0000021ef0498e30, 0x0000021ef0882840,
0x0000021ef06be080, 0x0000021ef06bfcb0, 0x0000021ee00a6830, 0x0000021ef0a519a0,
0x0000021ef0a7b720, 0x0000021ef0ac6e10, 0x0000021ef0c24620, 0x0000021ef0c25490,
0x0000021ef0c1ef80, 0x0000021ef0ac72e0, 0x0000021ef0ac6940, 0x0000021ef0ac77b0,
0x0000021ef0ac9490, 0x0000021ef0ac9960, 0x0000021ef0ac7c80, 0x0000021ef0ac8150,
0x0000021ef0ac6470, 0x0000021ef0ac8fc0, 0x0000021ef0ac5fa0, 0x0000021ef0c1e5e0
}

Java Threads: ( => current thread )
  0x0000021eeb375190 JavaThread "Reference Handler" daemon [_thread_blocked, id=16136, stack(0x0000007794000000,0x0000007794100000)]
  0x0000021eeb375f10 JavaThread "Finalizer" daemon [_thread_blocked, id=1864, stack(0x0000007794100000,0x0000007794200000)]
  0x0000021eebc52420 JavaThread "Signal Dispatcher" daemon [_thread_blocked, id=10728, stack(0x0000007794200000,0x0000007794300000)]
  0x0000021eebc2bff0 JavaThread "Attach Listener" daemon [_thread_blocked, id=14776, stack(0x0000007794300000,0x0000007794400000)]
  0x0000021eebc2d8c0 JavaThread "Service Thread" daemon [_thread_blocked, id=9384, stack(0x0000007794400000,0x0000007794500000)]
  0x0000021eebc2e180 JavaThread "Monitor Deflation Thread" daemon [_thread_blocked, id=13892, stack(0x0000007794500000,0x0000007794600000)]
  0x0000021eebc2ea40 JavaThread "C1 CompilerThread0" daemon [_thread_blocked, id=13636, stack(0x0000007794600000,0x0000007794700000)]
  0x0000021eebc2f340 JavaThread "Sweeper thread" daemon [_thread_blocked, id=8888, stack(0x0000007794700000,0x0000007794800000)]
  0x0000021eebe7dc90 JavaThread "Notification Thread" daemon [_thread_blocked, id=17364, stack(0x0000007794900000,0x0000007794a00000)]
  0x0000021eebe81b80 JavaThread "Common-Cleaner" daemon [_thread_blocked, id=6904, stack(0x0000007794b00000,0x0000007794c00000)]
  0x0000021ef0498e30 JavaThread "boundedElastic-evictor-1" daemon [_thread_blocked, id=10032, stack(0x0000007795300000,0x0000007795400000)]
  0x0000021ef0882840 JavaThread "boundedElastic-evictor-2" daemon [_thread_blocked, id=7016, stack(0x0000007795a00000,0x0000007795b00000)]
  0x0000021ef06be080 JavaThread "pool-10-thread-1" [_thread_blocked, id=1252, stack(0x0000007795b00000,0x0000007795c00000)]
  0x0000021ef06bfcb0 JavaThread "LanguageServerApp-lifecycle" [_thread_blocked, id=16124, stack(0x0000007795c00000,0x0000007795d00000)]
  0x0000021ee00a6830 JavaThread "DestroyJavaVM" [_thread_blocked, id=7112, stack(0x0000007793900000,0x0000007793a00000)]
  0x0000021ef0a519a0 JavaThread "pool-11-thread-1" [_thread_in_native, id=3408, stack(0x0000007795d00000,0x0000007795e00000)]
  0x0000021ef0a7b720 JavaThread "Simple-Language-Server main thread" daemon [_thread_blocked, id=17392, stack(0x0000007795e00000,0x0000007795f00000)]
  0x0000021ef0ac6e10 JavaThread "pool-6-thread-1" [_thread_blocked, id=15416, stack(0x0000007796100000,0x0000007796200000)]
  0x0000021ef0c24620 JavaThread "parallel-1" daemon [_thread_blocked, id=6880, stack(0x0000007797600000,0x0000007797700000)]
  0x0000021ef0c25490 JavaThread "pool-4-thread-1" [_thread_blocked, id=9604, stack(0x0000007798200000,0x0000007798300000)]
  0x0000021ef0c1ef80 JavaThread "parallel-2" daemon [_thread_blocked, id=14436, stack(0x0000007798400000,0x0000007798500000)]
  0x0000021ef0ac72e0 JavaThread "parallel-3" daemon [_thread_blocked, id=7392, stack(0x0000007796500000,0x0000007796600000)]
  0x0000021ef0ac6940 JavaThread "parallel-4" daemon [_thread_blocked, id=14696, stack(0x0000007796600000,0x0000007796700000)]
  0x0000021ef0ac77b0 JavaThread "Reconciler-1" daemon [_thread_blocked, id=12812, stack(0x0000007796700000,0x0000007796800000)]
  0x0000021ef0ac9490 JavaThread "parallel-5" daemon [_thread_blocked, id=11556, stack(0x0000007794800000,0x0000007794900000)]
  0x0000021ef0ac9960 JavaThread "parallel-6" daemon [_thread_blocked, id=15000, stack(0x0000007795400000,0x0000007795500000)]
  0x0000021ef0ac7c80 JavaThread "parallel-7" daemon [_thread_blocked, id=14460, stack(0x0000007796900000,0x0000007796a00000)]
  0x0000021ef0ac8150 JavaThread "parallel-8" daemon [_thread_blocked, id=11340, stack(0x0000007796a00000,0x0000007796b00000)]
  0x0000021ef0ac6470 JavaThread "parallel-9" daemon [_thread_blocked, id=16948, stack(0x0000007796b00000,0x0000007796c00000)]
  0x0000021ef0ac8fc0 JavaThread "parallel-10" daemon [_thread_blocked, id=8636, stack(0x0000007796c00000,0x0000007796d00000)]
  0x0000021ef0ac5fa0 JavaThread "parallel-11" daemon [_thread_blocked, id=11448, stack(0x0000007796d00000,0x0000007796e00000)]
  0x0000021ef0c1e5e0 JavaThread "parallel-12" daemon [_thread_blocked, id=14044, stack(0x0000007796e00000,0x0000007796f00000)]

Other Threads:
=>0x0000021eebc0b460 VMThread "VM Thread" [stack: 0x0000007793f00000,0x0000007794000000] [id=2484]
  0x0000021ee01086a0 WatcherThread [stack: 0x0000007794a00000,0x0000007794b00000] [id=14892]
  0x0000021ee00e68b0 GCTaskThread "GC Thread#0" [stack: 0x0000007793a00000,0x0000007793b00000] [id=12224]
  0x0000021eec88e430 GCTaskThread "GC Thread#1" [stack: 0x0000007794c00000,0x0000007794d00000] [id=880]
  0x0000021eec88e6e0 GCTaskThread "GC Thread#2" [stack: 0x0000007794d00000,0x0000007794e00000] [id=5400]
  0x0000021eec88e990 GCTaskThread "GC Thread#3" [stack: 0x0000007794e00000,0x0000007794f00000] [id=7248]
  0x0000021eec88ec40 GCTaskThread "GC Thread#4" [stack: 0x0000007794f00000,0x0000007795000000] [id=12092]
  0x0000021eec7f0ed0 GCTaskThread "GC Thread#5" [stack: 0x0000007795000000,0x0000007795100000] [id=7856]
  0x0000021ef01e7250 GCTaskThread "GC Thread#6" [stack: 0x0000007795100000,0x0000007795200000] [id=15464]
  0x0000021ef0058600 GCTaskThread "GC Thread#7" [stack: 0x0000007795200000,0x0000007795300000] [id=16440]
  0x0000021ef04cecd0 GCTaskThread "GC Thread#8" [stack: 0x0000007795600000,0x0000007795700000] [id=17196]
  0x0000021ef04cf390 GCTaskThread "GC Thread#9" [stack: 0x0000007795700000,0x0000007795800000] [id=9300]
  0x0000021ee00f0710 ConcurrentGCThread "G1 Main Marker" [stack: 0x0000007793b00000,0x0000007793c00000] [id=10468]
  0x0000021ee00f3be0 ConcurrentGCThread "G1 Conc#0" [stack: 0x0000007793c00000,0x0000007793d00000] [id=16944]
  0x0000021ef04d0280 ConcurrentGCThread "G1 Conc#1" [stack: 0x0000007795800000,0x0000007795900000] [id=15688]
  0x0000021ef025a050 ConcurrentGCThread "G1 Conc#2" [stack: 0x0000007795900000,0x0000007795a00000] [id=7556]
  0x0000021ee016e0c0 ConcurrentGCThread "G1 Refine#0" [stack: 0x0000007793d00000,0x0000007793e00000] [id=12884]
  0x0000021ef0b4d2f0 ConcurrentGCThread "G1 Refine#1" [stack: 0x0000007797f00000,0x0000007798000000] [id=13916]
  0x0000021ef0b048c0 ConcurrentGCThread "G1 Refine#2" [stack: 0x0000007798000000,0x0000007798100000] [id=8004]
  0x0000021ef0b04ba0 ConcurrentGCThread "G1 Refine#3" [stack: 0x0000007798100000,0x0000007798200000] [id=1628]
  0x0000021ef0b045e0 ConcurrentGCThread "G1 Refine#4" [stack: 0x0000007798300000,0x0000007798400000] [id=13412]
  0x0000021ef0b05160 ConcurrentGCThread "G1 Refine#5" [stack: 0x0000007798700000,0x0000007798800000] [id=9772]
  0x0000021ef0b03780 ConcurrentGCThread "G1 Refine#6" [stack: 0x0000007798800000,0x0000007798900000] [id=11132]
  0x0000021ef0b03a60 ConcurrentGCThread "G1 Refine#7" [stack: 0x0000007798900000,0x0000007798a00000] [id=7760]
  0x0000021efbc6c340 ConcurrentGCThread "G1 Refine#8" [stack: 0x0000007796400000,0x0000007796500000] [id=11868]
  0x0000021efbc6c060 ConcurrentGCThread "G1 Refine#9" [stack: 0x0000007795500000,0x0000007795600000] [id=1292]
  0x0000021ee016e9f0 ConcurrentGCThread "G1 Service" [stack: 0x0000007793e00000,0x0000007793f00000] [id=488]

Threads with active compile tasks:

VM state: at safepoint (normal execution)

VM Mutex/Monitor currently owned by a thread:  ([mutex/lock_event])
[0x0000021edde1b300] Threads_lock - owner thread: 0x0000021eebc0b460
[0x0000021ee00a5410] Heap_lock - owner thread: 0x0000021ef06be080

Heap address: 0x00000000c0000000, size: 1024 MB, Compressed Oops mode: 32-bit

CDS archive(s) not mapped
Compressed class space mapped at: 0x0000000100000000-0x0000000140000000, reserved size: 1073741824
Narrow klass base: 0x0000000000000000, Narrow klass shift: 3, Narrow klass range: 0x140000000

GC Precious Log:
 CPUs: 12 total, 12 available
 Memory: 16085M
 Large Page Support: Disabled
 NUMA Support: Disabled
 Compressed Oops: Enabled (32-bit)
 Heap Region Size: 1M
 Heap Min Capacity: 8M
 Heap Initial Capacity: 252M
 Heap Max Capacity: 1G
 Pre-touch: Disabled
 Parallel Workers: 10
 Concurrent Workers: 3
 Concurrent Refinement Workers: 10
 Periodic GC: Disabled

Heap:
 garbage-first heap   total 137216K, used 40364K [0x00000000c0000000, 0x0000000100000000)
  region size 1024K, 1 young (1024K), 0 survivors (0K)
 Metaspace       used 62766K, committed 63296K, reserved 1105920K
  class space    used 8521K, committed 8768K, reserved 1048576K

Heap Regions: E=young(eden), S=young(survivor), O=old, HS=humongous(starts), HC=humongous(continues), CS=collection set, F=free, OA=open archive, CA=closed archive, TAMS=top-at-mark-start (previous, next)
|   0|0x00000000c0000000, 0x00000000c0100000, 0x00000000c0100000|100%| O|  |TAMS 0x00000000c0100000, 0x00000000c0000000| Untracked 
|   1|0x00000000c0100000, 0x00000000c0200000, 0x00000000c0200000|100%| O|  |TAMS 0x00000000c0200000, 0x00000000c0100000| Untracked 
|   2|0x00000000c0200000, 0x00000000c0300000, 0x00000000c0300000|100%| O|  |TAMS 0x00000000c0300000, 0x00000000c0200000| Untracked 
|   3|0x00000000c0300000, 0x00000000c0400000, 0x00000000c0400000|100%| O|  |TAMS 0x00000000c0400000, 0x00000000c0300000| Untracked 
|   4|0x00000000c0400000, 0x00000000c04fffd0, 0x00000000c0500000| 99%| O|  |TAMS 0x00000000c04fffd0, 0x00000000c0400000| Untracked 
|   5|0x00000000c0500000, 0x00000000c0600000, 0x00000000c0600000|100%| O|  |TAMS 0x00000000c0600000, 0x00000000c0500000| Untracked 
|   6|0x00000000c0600000, 0x00000000c0700000, 0x00000000c0700000|100%| O|  |TAMS 0x00000000c0700000, 0x00000000c0600000| Untracked 
|   7|0x00000000c0700000, 0x00000000c07ffff8, 0x00000000c0800000| 99%| O|  |TAMS 0x00000000c07ffff8, 0x00000000c0700000| Untracked 
|   8|0x00000000c0800000, 0x00000000c08fffc0, 0x00000000c0900000| 99%| O|  |TAMS 0x00000000c08fffc0, 0x00000000c0800000| Untracked 
|   9|0x00000000c0900000, 0x00000000c09fffb0, 0x00000000c0a00000| 99%| O|  |TAMS 0x00000000c09fffb0, 0x00000000c0900000| Untracked 
|  10|0x00000000c0a00000, 0x00000000c0affff8, 0x00000000c0b00000| 99%| O|  |TAMS 0x00000000c0affff8, 0x00000000c0a00000| Untracked 
|  11|0x00000000c0b00000, 0x00000000c0bfffe8, 0x00000000c0c00000| 99%| O|  |TAMS 0x00000000c0bfffe8, 0x00000000c0b00000| Untracked 
|  12|0x00000000c0c00000, 0x00000000c0cfffc0, 0x00000000c0d00000| 99%| O|  |TAMS 0x00000000c0cfffc0, 0x00000000c0c00000| Untracked 
|  13|0x00000000c0d00000, 0x00000000c0dfff40, 0x00000000c0e00000| 99%| O|  |TAMS 0x00000000c0dfff40, 0x00000000c0d00000| Untracked 
|  14|0x00000000c0e00000, 0x00000000c0effff8, 0x00000000c0f00000| 99%| O|  |TAMS 0x00000000c0effff8, 0x00000000c0e00000| Untracked 
|  15|0x00000000c0f00000, 0x00000000c0ffff98, 0x00000000c1000000| 99%| O|  |TAMS 0x00000000c0ffff98, 0x00000000c0f00000| Untracked 
|  16|0x00000000c1000000, 0x00000000c10fffe8, 0x00000000c1100000| 99%| O|  |TAMS 0x00000000c10fffe8, 0x00000000c1000000| Untracked 
|  17|0x00000000c1100000, 0x00000000c11fffd0, 0x00000000c1200000| 99%| O|  |TAMS 0x00000000c11fffd0, 0x00000000c1100000| Untracked 
|  18|0x00000000c1200000, 0x00000000c12ffff0, 0x00000000c1300000| 99%| O|  |TAMS 0x00000000c12ffff0, 0x00000000c1200000| Untracked 
|  19|0x00000000c1300000, 0x00000000c1400000, 0x00000000c1400000|100%| O|  |TAMS 0x00000000c1400000, 0x00000000c1300000| Untracked 
|  20|0x00000000c1400000, 0x00000000c14ffff0, 0x00000000c1500000| 99%| O|  |TAMS 0x00000000c14ffff0, 0x00000000c1400000| Untracked 
|  21|0x00000000c1500000, 0x00000000c15ffb00, 0x00000000c1600000| 99%| O|  |TAMS 0x00000000c15ffb00, 0x00000000c1500000| Untracked 
|  22|0x00000000c1600000, 0x00000000c16fff70, 0x00000000c1700000| 99%| O|  |TAMS 0x00000000c16fff70, 0x00000000c1600000| Untracked 
|  23|0x00000000c1700000, 0x00000000c17ffff0, 0x00000000c1800000| 99%| O|  |TAMS 0x00000000c17ffff0, 0x00000000c1700000| Untracked 
|  24|0x00000000c1800000, 0x00000000c18ff0b0, 0x00000000c1900000| 99%| O|  |TAMS 0x00000000c18ff0b0, 0x00000000c1800000| Untracked 
|  25|0x00000000c1900000, 0x00000000c19fd5e8, 0x00000000c1a00000| 98%| O|  |TAMS 0x00000000c19fd5e8, 0x00000000c1900000| Untracked 
|  26|0x00000000c1a00000, 0x00000000c1affff8, 0x00000000c1b00000| 99%| O|  |TAMS 0x00000000c1affff8, 0x00000000c1a00000| Untracked 
|  27|0x00000000c1b00000, 0x00000000c1c00000, 0x00000000c1c00000|100%| O|  |TAMS 0x00000000c1c00000, 0x00000000c1b00000| Untracked 
|  28|0x00000000c1c00000, 0x00000000c1cffff0, 0x00000000c1d00000| 99%| O|  |TAMS 0x00000000c1cffff0, 0x00000000c1c00000| Untracked 
|  29|0x00000000c1d00000, 0x00000000c1dfffe0, 0x00000000c1e00000| 99%| O|  |TAMS 0x00000000c1dfffe0, 0x00000000c1d00000| Untracked 
|  30|0x00000000c1e00000, 0x00000000c1efffe8, 0x00000000c1f00000| 99%| O|  |TAMS 0x00000000c1efffe8, 0x00000000c1e00000| Untracked 
|  31|0x00000000c1f00000, 0x00000000c1fa4eb8, 0x00000000c2000000| 64%| O|  |TAMS 0x00000000c1f00000, 0x00000000c1f00000| Untracked 
|  32|0x00000000c2000000, 0x00000000c20ffff0, 0x00000000c2100000| 99%| O|  |TAMS 0x00000000c20ffff0, 0x00000000c2000000| Untracked 
|  33|0x00000000c2100000, 0x00000000c21ca430, 0x00000000c2200000| 79%| O|  |TAMS 0x00000000c2100000, 0x00000000c2100000| Untracked 
|  34|0x00000000c2200000, 0x00000000c2200000, 0x00000000c2300000|  0%| F|  |TAMS 0x00000000c2200000, 0x00000000c2200000| Untracked 
|  35|0x00000000c2300000, 0x00000000c23ffff0, 0x00000000c2400000| 99%| O|  |TAMS 0x00000000c23ffff0, 0x00000000c2300000| Untracked 
|  36|0x00000000c2400000, 0x00000000c2400000, 0x00000000c2500000|  0%| F|  |TAMS 0x00000000c2400000, 0x00000000c2400000| Untracked 
|  37|0x00000000c2500000, 0x00000000c2500000, 0x00000000c2600000|  0%| F|  |TAMS 0x00000000c2500000, 0x00000000c2500000| Untracked 
|  38|0x00000000c2600000, 0x00000000c2600000, 0x00000000c2700000|  0%| F|  |TAMS 0x00000000c2600000, 0x00000000c2600000| Untracked 
|  39|0x00000000c2700000, 0x00000000c2700000, 0x00000000c2800000|  0%| F|  |TAMS 0x00000000c2700000, 0x00000000c2700000| Untracked 
|  40|0x00000000c2800000, 0x00000000c2800000, 0x00000000c2900000|  0%| F|  |TAMS 0x00000000c2800000, 0x00000000c2800000| Untracked 
|  41|0x00000000c2900000, 0x00000000c2900000, 0x00000000c2a00000|  0%| F|  |TAMS 0x00000000c2900000, 0x00000000c2900000| Untracked 
|  42|0x00000000c2a00000, 0x00000000c2a00000, 0x00000000c2b00000|  0%| F|  |TAMS 0x00000000c2a00000, 0x00000000c2a00000| Untracked 
|  43|0x00000000c2b00000, 0x00000000c2b00000, 0x00000000c2c00000|  0%| F|  |TAMS 0x00000000c2b00000, 0x00000000c2b00000| Untracked 
|  44|0x00000000c2c00000, 0x00000000c2c00000, 0x00000000c2d00000|  0%| F|  |TAMS 0x00000000c2c00000, 0x00000000c2c00000| Untracked 
|  45|0x00000000c2d00000, 0x00000000c2d00000, 0x00000000c2e00000|  0%| F|  |TAMS 0x00000000c2d00000, 0x00000000c2d00000| Untracked 
|  46|0x00000000c2e00000, 0x00000000c2e00000, 0x00000000c2f00000|  0%| F|  |TAMS 0x00000000c2e00000, 0x00000000c2e00000| Untracked 
|  47|0x00000000c2f00000, 0x00000000c3000000, 0x00000000c3000000|100%| O|  |TAMS 0x00000000c3000000, 0x00000000c2f00000| Untracked 
|  48|0x00000000c3000000, 0x00000000c30ffff8, 0x00000000c3100000| 99%| O|  |TAMS 0x00000000c30ffff8, 0x00000000c3000000| Untracked 
|  49|0x00000000c3100000, 0x00000000c3100000, 0x00000000c3200000|  0%| F|  |TAMS 0x00000000c3100000, 0x00000000c3100000| Untracked 
|  50|0x00000000c3200000, 0x00000000c3200000, 0x00000000c3300000|  0%| F|  |TAMS 0x00000000c3200000, 0x00000000c3200000| Untracked 
|  51|0x00000000c3300000, 0x00000000c3300000, 0x00000000c3400000|  0%| F|  |TAMS 0x00000000c3300000, 0x00000000c3300000| Untracked 
|  52|0x00000000c3400000, 0x00000000c3400000, 0x00000000c3500000|  0%| F|  |TAMS 0x00000000c3400000, 0x00000000c3400000| Untracked 
|  53|0x00000000c3500000, 0x00000000c3500000, 0x00000000c3600000|  0%| F|  |TAMS 0x00000000c3500000, 0x00000000c3500000| Untracked 
|  54|0x00000000c3600000, 0x00000000c3600000, 0x00000000c3700000|  0%| F|  |TAMS 0x00000000c3600000, 0x00000000c3600000| Untracked 
|  55|0x00000000c3700000, 0x00000000c3700000, 0x00000000c3800000|  0%| F|  |TAMS 0x00000000c3700000, 0x00000000c3700000| Untracked 
|  56|0x00000000c3800000, 0x00000000c3800000, 0x00000000c3900000|  0%| F|  |TAMS 0x00000000c3800000, 0x00000000c3800000| Untracked 
|  57|0x00000000c3900000, 0x00000000c3900000, 0x00000000c3a00000|  0%| F|  |TAMS 0x00000000c3900000, 0x00000000c3900000| Untracked 
|  58|0x00000000c3a00000, 0x00000000c3a00000, 0x00000000c3b00000|  0%| F|  |TAMS 0x00000000c3a00000, 0x00000000c3a00000| Untracked 
|  59|0x00000000c3b00000, 0x00000000c3b00000, 0x00000000c3c00000|  0%| F|  |TAMS 0x00000000c3b00000, 0x00000000c3b00000| Untracked 
|  60|0x00000000c3c00000, 0x00000000c3c00000, 0x00000000c3d00000|  0%| F|  |TAMS 0x00000000c3c00000, 0x00000000c3c00000| Untracked 
|  61|0x00000000c3d00000, 0x00000000c3d00000, 0x00000000c3e00000|  0%| F|  |TAMS 0x00000000c3d00000, 0x00000000c3d00000| Untracked 
|  62|0x00000000c3e00000, 0x00000000c3e00000, 0x00000000c3f00000|  0%| F|  |TAMS 0x00000000c3e00000, 0x00000000c3e00000| Untracked 
|  63|0x00000000c3f00000, 0x00000000c3f00000, 0x00000000c4000000|  0%| F|  |TAMS 0x00000000c3f00000, 0x00000000c3f00000| Untracked 
|  64|0x00000000c4000000, 0x00000000c4000000, 0x00000000c4100000|  0%| F|  |TAMS 0x00000000c4000000, 0x00000000c4000000| Untracked 
|  65|0x00000000c4100000, 0x00000000c4100000, 0x00000000c4200000|  0%| F|  |TAMS 0x00000000c4100000, 0x00000000c4100000| Untracked 
|  66|0x00000000c4200000, 0x00000000c4200000, 0x00000000c4300000|  0%| F|  |TAMS 0x00000000c4200000, 0x00000000c4200000| Untracked 
|  67|0x00000000c4300000, 0x00000000c4300000, 0x00000000c4400000|  0%| F|  |TAMS 0x00000000c4300000, 0x00000000c4300000| Untracked 
|  68|0x00000000c4400000, 0x00000000c4400000, 0x00000000c4500000|  0%| F|  |TAMS 0x00000000c4400000, 0x00000000c4400000| Untracked 
|  69|0x00000000c4500000, 0x00000000c4500000, 0x00000000c4600000|  0%| F|  |TAMS 0x00000000c4500000, 0x00000000c4500000| Untracked 
|  70|0x00000000c4600000, 0x00000000c4600000, 0x00000000c4700000|  0%| F|  |TAMS 0x00000000c4600000, 0x00000000c4600000| Untracked 
|  71|0x00000000c4700000, 0x00000000c4700000, 0x00000000c4800000|  0%| F|  |TAMS 0x00000000c4700000, 0x00000000c4700000| Untracked 
|  72|0x00000000c4800000, 0x00000000c4800000, 0x00000000c4900000|  0%| F|  |TAMS 0x00000000c4800000, 0x00000000c4800000| Untracked 
|  73|0x00000000c4900000, 0x00000000c4900000, 0x00000000c4a00000|  0%| F|  |TAMS 0x00000000c4900000, 0x00000000c4900000| Untracked 
|  74|0x00000000c4a00000, 0x00000000c4a00000, 0x00000000c4b00000|  0%| F|  |TAMS 0x00000000c4a00000, 0x00000000c4a00000| Untracked 
|  75|0x00000000c4b00000, 0x00000000c4b00000, 0x00000000c4c00000|  0%| F|  |TAMS 0x00000000c4b00000, 0x00000000c4b00000| Untracked 
|  76|0x00000000c4c00000, 0x00000000c4c00000, 0x00000000c4d00000|  0%| F|  |TAMS 0x00000000c4c00000, 0x00000000c4c00000| Untracked 
|  77|0x00000000c4d00000, 0x00000000c4d00000, 0x00000000c4e00000|  0%| F|  |TAMS 0x00000000c4d00000, 0x00000000c4d00000| Untracked 
|  78|0x00000000c4e00000, 0x00000000c4e00000, 0x00000000c4f00000|  0%| F|  |TAMS 0x00000000c4e00000, 0x00000000c4e00000| Untracked 
|  79|0x00000000c4f00000, 0x00000000c4f00000, 0x00000000c5000000|  0%| F|  |TAMS 0x00000000c4f00000, 0x00000000c4f00000| Untracked 
|  80|0x00000000c5000000, 0x00000000c5000000, 0x00000000c5100000|  0%| F|  |TAMS 0x00000000c5000000, 0x00000000c5000000| Untracked 
|  81|0x00000000c5100000, 0x00000000c5100000, 0x00000000c5200000|  0%| F|  |TAMS 0x00000000c5100000, 0x00000000c5100000| Untracked 
|  82|0x00000000c5200000, 0x00000000c5200000, 0x00000000c5300000|  0%| F|  |TAMS 0x00000000c5200000, 0x00000000c5200000| Untracked 
|  83|0x00000000c5300000, 0x00000000c5300000, 0x00000000c5400000|  0%| F|  |TAMS 0x00000000c5300000, 0x00000000c5300000| Untracked 
|  84|0x00000000c5400000, 0x00000000c5400000, 0x00000000c5500000|  0%| F|  |TAMS 0x00000000c5400000, 0x00000000c5400000| Untracked 
|  85|0x00000000c5500000, 0x00000000c5500000, 0x00000000c5600000|  0%| F|  |TAMS 0x00000000c5500000, 0x00000000c5500000| Untracked 
|  86|0x00000000c5600000, 0x00000000c5600000, 0x00000000c5700000|  0%| F|  |TAMS 0x00000000c5600000, 0x00000000c5600000| Untracked 
|  87|0x00000000c5700000, 0x00000000c5700000, 0x00000000c5800000|  0%| F|  |TAMS 0x00000000c5700000, 0x00000000c5700000| Untracked 
|  88|0x00000000c5800000, 0x00000000c5800000, 0x00000000c5900000|  0%| F|  |TAMS 0x00000000c5800000, 0x00000000c5800000| Untracked 
|  89|0x00000000c5900000, 0x00000000c5900000, 0x00000000c5a00000|  0%| F|  |TAMS 0x00000000c5900000, 0x00000000c5900000| Untracked 
|  90|0x00000000c5a00000, 0x00000000c5a00000, 0x00000000c5b00000|  0%| F|  |TAMS 0x00000000c5a00000, 0x00000000c5a00000| Untracked 
|  91|0x00000000c5b00000, 0x00000000c5b00000, 0x00000000c5c00000|  0%| F|  |TAMS 0x00000000c5b00000, 0x00000000c5b00000| Untracked 
|  92|0x00000000c5c00000, 0x00000000c5c00000, 0x00000000c5d00000|  0%| F|  |TAMS 0x00000000c5c00000, 0x00000000c5c00000| Untracked 
|  93|0x00000000c5d00000, 0x00000000c5d00000, 0x00000000c5e00000|  0%| F|  |TAMS 0x00000000c5d00000, 0x00000000c5d00000| Untracked 
|  94|0x00000000c5e00000, 0x00000000c5e00000, 0x00000000c5f00000|  0%| F|  |TAMS 0x00000000c5e00000, 0x00000000c5e00000| Untracked 
|  95|0x00000000c5f00000, 0x00000000c5f00000, 0x00000000c6000000|  0%| F|  |TAMS 0x00000000c5f00000, 0x00000000c5f00000| Untracked 
|  96|0x00000000c6000000, 0x00000000c6000000, 0x00000000c6100000|  0%| F|  |TAMS 0x00000000c6000000, 0x00000000c6000000| Untracked 
|  97|0x00000000c6100000, 0x00000000c6100000, 0x00000000c6200000|  0%| F|  |TAMS 0x00000000c6100000, 0x00000000c6100000| Untracked 
|  98|0x00000000c6200000, 0x00000000c6200000, 0x00000000c6300000|  0%| F|  |TAMS 0x00000000c6200000, 0x00000000c6200000| Untracked 
|  99|0x00000000c6300000, 0x00000000c6300000, 0x00000000c6400000|  0%| F|  |TAMS 0x00000000c6300000, 0x00000000c6300000| Untracked 
| 100|0x00000000c6400000, 0x00000000c6400000, 0x00000000c6500000|  0%| F|  |TAMS 0x00000000c6400000, 0x00000000c6400000| Untracked 
| 101|0x00000000c6500000, 0x00000000c6500000, 0x00000000c6600000|  0%| F|  |TAMS 0x00000000c6500000, 0x00000000c6500000| Untracked 
| 102|0x00000000c6600000, 0x00000000c6600000, 0x00000000c6700000|  0%| F|  |TAMS 0x00000000c6600000, 0x00000000c6600000| Untracked 
| 103|0x00000000c6700000, 0x00000000c6700000, 0x00000000c6800000|  0%| F|  |TAMS 0x00000000c6700000, 0x00000000c6700000| Untracked 
| 104|0x00000000c6800000, 0x00000000c6800000, 0x00000000c6900000|  0%| F|  |TAMS 0x00000000c6800000, 0x00000000c6800000| Untracked 
| 105|0x00000000c6900000, 0x00000000c6900000, 0x00000000c6a00000|  0%| F|  |TAMS 0x00000000c6900000, 0x00000000c6900000| Untracked 
| 106|0x00000000c6a00000, 0x00000000c6a00000, 0x00000000c6b00000|  0%| F|  |TAMS 0x00000000c6a00000, 0x00000000c6a00000| Untracked 
| 107|0x00000000c6b00000, 0x00000000c6b00000, 0x00000000c6c00000|  0%| F|  |TAMS 0x00000000c6b00000, 0x00000000c6b00000| Untracked 
| 108|0x00000000c6c00000, 0x00000000c6c00000, 0x00000000c6d00000|  0%| F|  |TAMS 0x00000000c6c00000, 0x00000000c6c00000| Untracked 
| 109|0x00000000c6d00000, 0x00000000c6d00000, 0x00000000c6e00000|  0%| F|  |TAMS 0x00000000c6d00000, 0x00000000c6d00000| Untracked 
| 110|0x00000000c6e00000, 0x00000000c6e00000, 0x00000000c6f00000|  0%| F|  |TAMS 0x00000000c6e00000, 0x00000000c6e00000| Untracked 
| 111|0x00000000c6f00000, 0x00000000c6f00000, 0x00000000c7000000|  0%| F|  |TAMS 0x00000000c6f00000, 0x00000000c6f00000| Untracked 
| 112|0x00000000c7000000, 0x00000000c7000000, 0x00000000c7100000|  0%| F|  |TAMS 0x00000000c7000000, 0x00000000c7000000| Untracked 
| 113|0x00000000c7100000, 0x00000000c7100000, 0x00000000c7200000|  0%| F|  |TAMS 0x00000000c7100000, 0x00000000c7100000| Untracked 
| 114|0x00000000c7200000, 0x00000000c7200000, 0x00000000c7300000|  0%| F|  |TAMS 0x00000000c7200000, 0x00000000c7200000| Untracked 
| 115|0x00000000c7300000, 0x00000000c7300000, 0x00000000c7400000|  0%| F|  |TAMS 0x00000000c7300000, 0x00000000c7300000| Untracked 
| 116|0x00000000c7400000, 0x00000000c7400000, 0x00000000c7500000|  0%| F|  |TAMS 0x00000000c7400000, 0x00000000c7400000| Untracked 
| 117|0x00000000c7500000, 0x00000000c7500000, 0x00000000c7600000|  0%| F|  |TAMS 0x00000000c7500000, 0x00000000c7500000| Untracked 
| 118|0x00000000c7600000, 0x00000000c7600000, 0x00000000c7700000|  0%| F|  |TAMS 0x00000000c7600000, 0x00000000c7600000| Untracked 
| 119|0x00000000c7700000, 0x00000000c7700000, 0x00000000c7800000|  0%| F|  |TAMS 0x00000000c7700000, 0x00000000c7700000| Untracked 
| 120|0x00000000c7800000, 0x00000000c7900000, 0x00000000c7900000|100%|HS|  |TAMS 0x00000000c7900000, 0x00000000c7800000| Untracked 
| 121|0x00000000c7900000, 0x00000000c7900000, 0x00000000c7a00000|  0%| F|  |TAMS 0x00000000c7900000, 0x00000000c7900000| Untracked 
| 122|0x00000000c7a00000, 0x00000000c7a00000, 0x00000000c7b00000|  0%| F|  |TAMS 0x00000000c7a00000, 0x00000000c7a00000| Untracked 
| 123|0x00000000c7b00000, 0x00000000c7b00000, 0x00000000c7c00000|  0%| F|  |TAMS 0x00000000c7b00000, 0x00000000c7b00000| Untracked 
| 124|0x00000000c7c00000, 0x00000000c7c00000, 0x00000000c7d00000|  0%| F|  |TAMS 0x00000000c7c00000, 0x00000000c7c00000| Untracked 
| 125|0x00000000c7d00000, 0x00000000c7d00000, 0x00000000c7e00000|  0%| F|  |TAMS 0x00000000c7d00000, 0x00000000c7d00000| Untracked 
| 126|0x00000000c7e00000, 0x00000000c7e00000, 0x00000000c7f00000|  0%| F|  |TAMS 0x00000000c7e00000, 0x00000000c7e00000| Untracked 
| 127|0x00000000c7f00000, 0x00000000c7f00000, 0x00000000c8000000|  0%| F|  |TAMS 0x00000000c7f00000, 0x00000000c7f00000| Untracked 
| 128|0x00000000c8000000, 0x00000000c8000000, 0x00000000c8100000|  0%| F|  |TAMS 0x00000000c8000000, 0x00000000c8000000| Untracked 
| 129|0x00000000c8100000, 0x00000000c8100000, 0x00000000c8200000|  0%| F|  |TAMS 0x00000000c8100000, 0x00000000c8100000| Untracked 
| 130|0x00000000c8200000, 0x00000000c8200000, 0x00000000c8300000|  0%| F|  |TAMS 0x00000000c8200000, 0x00000000c8200000| Untracked 
| 131|0x00000000c8300000, 0x00000000c83060d0, 0x00000000c8400000|  2%| E|  |TAMS 0x00000000c8300000, 0x00000000c8300000| Complete 
| 143|0x00000000c8f00000, 0x00000000c9000000, 0x00000000c9000000|100%| O|  |TAMS 0x00000000c9000000, 0x00000000c8f00000| Untracked 
| 146|0x00000000c9200000, 0x00000000c9300000, 0x00000000c9300000|100%| O|  |TAMS 0x00000000c9300000, 0x00000000c9200000| Untracked 

Card table byte_map: [0x0000021ee6260000,0x0000021ee6460000] _byte_map_base: 0x0000021ee5c60000

Marking Bits (Prev, Next): (CMBitMap*) 0x0000021ee00e7de0, (CMBitMap*) 0x0000021ee00e7e20
 Prev Bits: [0x0000021ee6660000, 0x0000021ee7660000)
 Next Bits: [0x0000021ee7660000, 0x0000021ee8660000)

Polling page: 0x0000021ede0a0000

Metaspace:

Usage:
  Non-class:     52.97 MB used.
      Class:      8.32 MB used.
       Both:     61.30 MB used.

Virtual space:
  Non-class space:       56.00 MB reserved,      53.25 MB ( 95%) committed,  7 nodes.
      Class space:        1.00 GB reserved,       8.56 MB ( <1%) committed,  1 nodes.
             Both:        1.05 GB reserved,      61.81 MB (  6%) committed. 

Chunk freelists:
   Non-Class:  1.94 MB
       Class:  3.44 MB
        Both:  5.38 MB

MaxMetaspaceSize: unlimited
CompressedClassSpaceSize: 1.00 GB
Initial GC threshold: 21.00 MB
Current GC threshold: 102.81 MB
CDS: off
MetaspaceReclaimPolicy: balanced
 - commit_granule_bytes: 65536.
 - commit_granule_words: 8192.
 - virtual_space_node_default_size: 1048576.
 - enlarge_chunks_in_place: 1.
 - new_chunks_are_fully_committed: 0.
 - uncommit_free_chunks: 1.
 - use_allocation_guard: 0.
 - handle_deallocations: 1.


Internal statistics:

num_allocs_failed_limit: 11.
num_arena_births: 864.
num_arena_deaths: 348.
num_vsnodes_births: 8.
num_vsnodes_deaths: 0.
num_space_committed: 989.
num_space_uncommitted: 0.
num_chunks_returned_to_freelist: 459.
num_chunks_taken_from_freelist: 3016.
num_chunk_merges: 96.
num_chunk_splits: 1898.
num_chunks_enlarged: 1394.
num_purges: 30.
num_inconsistent_stats: 0.

CodeCache: size=49152Kb used=24721Kb max_used=25019Kb free=24430Kb
 bounds [0x0000021ee2d30000, 0x0000021ee4640000, 0x0000021ee5d30000]
 total_blobs=13037 nmethods=12368 adapters=594
 compilation: enabled
              stopped_count=0, restarted_count=0
 full_count=0

Compilation events (20 events):
Event: 10351.137 Thread 0x0000021eebc2ea40 12545       1       com.google.gson.internal.bind.JsonAdapterAnnotationTypeAdapterFactory::getTypeAdapter (213 bytes)
Event: 10351.138 Thread 0x0000021eebc2ea40 nmethod 12545 0x0000021ee4582d10 code [0x0000021ee4583040, 0x0000021ee4583ec8]
Event: 10351.138 Thread 0x0000021eebc2ea40 12546   !   1       jdk.proxy2.$Proxy40::value (29 bytes)
Event: 10351.138 Thread 0x0000021eebc2ea40 nmethod 12546 0x0000021ee4582810 code [0x0000021ee45829c0, 0x0000021ee4582bd8]
Event: 10351.138 Thread 0x0000021eebc2ea40 12547   !   1       jdk.proxy2.$Proxy40::nullSafe (32 bytes)
Event: 10351.138 Thread 0x0000021eebc2ea40 nmethod 12547 0x0000021ee4582290 code [0x0000021ee4582440, 0x0000021ee4582658]
Event: 10351.144 Thread 0x0000021eebc2ea40 12548       1       org.eclipse.jdt.internal.compiler.util.HashtableOfObject::<init> (7 bytes)
Event: 10351.144 Thread 0x0000021eebc2ea40 nmethod 12548 0x0000021ee4581f90 code [0x0000021ee4582120, 0x0000021ee4582208]
Event: 10351.379 Thread 0x0000021eebc2ea40 12549       1       java.util.concurrent.ConcurrentHashMap$ValueSpliterator::characteristics (4 bytes)
Event: 10351.379 Thread 0x0000021eebc2ea40 nmethod 12549 0x0000021ee4581c90 code [0x0000021ee4581e20, 0x0000021ee4581ef8]
Event: 10351.391 Thread 0x0000021eebc2ea40 12550       1       com.google.gson.internal.$Gson$Types$GenericArrayTypeImpl::getGenericComponentType (5 bytes)
Event: 10351.391 Thread 0x0000021eebc2ea40 nmethod 12550 0x0000021ee4581990 code [0x0000021ee4581b20, 0x0000021ee4581bf8]
Event: 10541.462 Thread 0x0000021eebc2ea40 12551       1       java.util.logging.Level::intValue (5 bytes)
Event: 10541.462 Thread 0x0000021eebc2ea40 nmethod 12551 0x0000021ee4581690 code [0x0000021ee4581820, 0x0000021ee45818f8]
Event: 10854.427 Thread 0x0000021eebc2ea40 12552       1       java.lang.Runtime::exec (73 bytes)
Event: 10854.428 Thread 0x0000021eebc2ea40 nmethod 12552 0x0000021ee4580b90 code [0x0000021ee4580da0, 0x0000021ee4581338]
Event: 10854.428 Thread 0x0000021eebc2ea40 12553       1       java.lang.ProcessBuilder::<init> (56 bytes)
Event: 10854.429 Thread 0x0000021eebc2ea40 nmethod 12553 0x0000021ee4580690 code [0x0000021ee4580840, 0x0000021ee4580a78]
Event: 11247.393 Thread 0x0000021eebc2ea40 12554       1       java.lang.ProcessImpl::createCommandLine (303 bytes)
Event: 11247.396 Thread 0x0000021eebc2ea40 nmethod 12554 0x0000021ee457f210 code [0x0000021ee457f4e0, 0x0000021ee457fe08]

GC Heap History (20 events):
Event: 11227.258 GC heap before
{Heap before GC invocations=447 (full 225):
 garbage-first heap   total 137216K, used 40364K [0x00000000c0000000, 0x0000000100000000)
  region size 1024K, 1 young (1024K), 0 survivors (0K)
 Metaspace       used 62766K, committed 63296K, reserved 1105920K
  class space    used 8521K, committed 8768K, reserved 1048576K
}
Event: 11227.285 GC heap after
{Heap after GC invocations=448 (full 226):
 garbage-first heap   total 137216K, used 40364K [0x00000000c0000000, 0x0000000100000000)
  region size 1024K, 0 young (0K), 0 survivors (0K)
 Metaspace       used 62766K, committed 63296K, reserved 1105920K
  class space    used 8521K, committed 8768K, reserved 1048576K
}
Event: 11237.363 GC heap before
{Heap before GC invocations=448 (full 226):
 garbage-first heap   total 137216K, used 40364K [0x00000000c0000000, 0x0000000100000000)
  region size 1024K, 1 young (1024K), 0 survivors (0K)
 Metaspace       used 62766K, committed 63296K, reserved 1105920K
  class space    used 8521K, committed 8768K, reserved 1048576K
}
Event: 11237.388 GC heap after
{Heap after GC invocations=449 (full 227):
 garbage-first heap   total 137216K, used 40364K [0x00000000c0000000, 0x0000000100000000)
  region size 1024K, 0 young (0K), 0 survivors (0K)
 Metaspace       used 62766K, committed 63296K, reserved 1105920K
  class space    used 8521K, committed 8768K, reserved 1048576K
}
Event: 11247.474 GC heap before
{Heap before GC invocations=449 (full 227):
 garbage-first heap   total 137216K, used 40364K [0x00000000c0000000, 0x0000000100000000)
  region size 1024K, 1 young (1024K), 0 survivors (0K)
 Metaspace       used 62766K, committed 63296K, reserved 1105920K
  class space    used 8521K, committed 8768K, reserved 1048576K
}
Event: 11247.500 GC heap after
{Heap after GC invocations=450 (full 228):
 garbage-first heap   total 137216K, used 40364K [0x00000000c0000000, 0x0000000100000000)
  region size 1024K, 0 young (0K), 0 survivors (0K)
 Metaspace       used 62766K, committed 63296K, reserved 1105920K
  class space    used 8521K, committed 8768K, reserved 1048576K
}
Event: 11257.588 GC heap before
{Heap before GC invocations=450 (full 228):
 garbage-first heap   total 137216K, used 40364K [0x00000000c0000000, 0x0000000100000000)
  region size 1024K, 1 young (1024K), 0 survivors (0K)
 Metaspace       used 62766K, committed 63296K, reserved 1105920K
  class space    used 8521K, committed 8768K, reserved 1048576K
}
Event: 11257.615 GC heap after
{Heap after GC invocations=451 (full 229):
 garbage-first heap   total 137216K, used 40364K [0x00000000c0000000, 0x0000000100000000)
  region size 1024K, 0 young (0K), 0 survivors (0K)
 Metaspace       used 62766K, committed 63296K, reserved 1105920K
  class space    used 8521K, committed 8768K, reserved 1048576K
}
Event: 11267.712 GC heap before
{Heap before GC invocations=451 (full 229):
 garbage-first heap   total 137216K, used 40364K [0x00000000c0000000, 0x0000000100000000)
  region size 1024K, 1 young (1024K), 0 survivors (0K)
 Metaspace       used 62766K, committed 63296K, reserved 1105920K
  class space    used 8521K, committed 8768K, reserved 1048576K
}
Event: 11267.739 GC heap after
{Heap after GC invocations=452 (full 230):
 garbage-first heap   total 137216K, used 40364K [0x00000000c0000000, 0x0000000100000000)
  region size 1024K, 0 young (0K), 0 survivors (0K)
 Metaspace       used 62766K, committed 63296K, reserved 1105920K
  class space    used 8521K, committed 8768K, reserved 1048576K
}
Event: 11277.835 GC heap before
{Heap before GC invocations=452 (full 230):
 garbage-first heap   total 137216K, used 40364K [0x00000000c0000000, 0x0000000100000000)
  region size 1024K, 1 young (1024K), 0 survivors (0K)
 Metaspace       used 62766K, committed 63296K, reserved 1105920K
  class space    used 8521K, committed 8768K, reserved 1048576K
}
Event: 11277.865 GC heap after
{Heap after GC invocations=453 (full 231):
 garbage-first heap   total 137216K, used 40364K [0x00000000c0000000, 0x0000000100000000)
  region size 1024K, 0 young (0K), 0 survivors (0K)
 Metaspace       used 62766K, committed 63296K, reserved 1105920K
  class space    used 8521K, committed 8768K, reserved 1048576K
}
Event: 11287.930 GC heap before
{Heap before GC invocations=453 (full 231):
 garbage-first heap   total 137216K, used 40364K [0x00000000c0000000, 0x0000000100000000)
  region size 1024K, 1 young (1024K), 0 survivors (0K)
 Metaspace       used 62766K, committed 63296K, reserved 1105920K
  class space    used 8521K, committed 8768K, reserved 1048576K
}
Event: 11287.955 GC heap after
{Heap after GC invocations=454 (full 232):
 garbage-first heap   total 137216K, used 40364K [0x00000000c0000000, 0x0000000100000000)
  region size 1024K, 0 young (0K), 0 survivors (0K)
 Metaspace       used 62766K, committed 63296K, reserved 1105920K
  class space    used 8521K, committed 8768K, reserved 1048576K
}
Event: 11298.064 GC heap before
{Heap before GC invocations=454 (full 232):
 garbage-first heap   total 137216K, used 40364K [0x00000000c0000000, 0x0000000100000000)
  region size 1024K, 1 young (1024K), 0 survivors (0K)
 Metaspace       used 62766K, committed 63296K, reserved 1105920K
  class space    used 8521K, committed 8768K, reserved 1048576K
}
Event: 11298.091 GC heap after
{Heap after GC invocations=455 (full 233):
 garbage-first heap   total 137216K, used 40364K [0x00000000c0000000, 0x0000000100000000)
  region size 1024K, 0 young (0K), 0 survivors (0K)
 Metaspace       used 62766K, committed 63296K, reserved 1105920K
  class space    used 8521K, committed 8768K, reserved 1048576K
}
Event: 11308.192 GC heap before
{Heap before GC invocations=455 (full 233):
 garbage-first heap   total 137216K, used 40364K [0x00000000c0000000, 0x0000000100000000)
  region size 1024K, 1 young (1024K), 0 survivors (0K)
 Metaspace       used 62766K, committed 63296K, reserved 1105920K
  class space    used 8521K, committed 8768K, reserved 1048576K
}
Event: 11308.220 GC heap after
{Heap after GC invocations=456 (full 234):
 garbage-first heap   total 137216K, used 40364K [0x00000000c0000000, 0x0000000100000000)
  region size 1024K, 0 young (0K), 0 survivors (0K)
 Metaspace       used 62766K, committed 63296K, reserved 1105920K
  class space    used 8521K, committed 8768K, reserved 1048576K
}
Event: 11318.313 GC heap before
{Heap before GC invocations=456 (full 234):
 garbage-first heap   total 137216K, used 40364K [0x00000000c0000000, 0x0000000100000000)
  region size 1024K, 1 young (1024K), 0 survivors (0K)
 Metaspace       used 62766K, committed 63296K, reserved 1105920K
  class space    used 8521K, committed 8768K, reserved 1048576K
}
Event: 11318.341 GC heap after
{Heap after GC invocations=457 (full 235):
 garbage-first heap   total 137216K, used 40364K [0x00000000c0000000, 0x0000000100000000)
  region size 1024K, 0 young (0K), 0 survivors (0K)
 Metaspace       used 62766K, committed 63296K, reserved 1105920K
  class space    used 8521K, committed 8768K, reserved 1048576K
}

Dll operation events (9 events):
Event: 0.016 Loaded shared library c:\Users\±è¹Î±Õ\.vscode\extensions\redhat.java-1.16.0-win32-x64\jre\17.0.6-win32-x86_64\bin\java.dll
Event: 0.350 Loaded shared library C:\Users\±è¹Î±Õ\.vscode\extensions\redhat.java-1.16.0-win32-x64\jre\17.0.6-win32-x86_64\bin\net.dll
Event: 0.353 Loaded shared library C:\Users\±è¹Î±Õ\.vscode\extensions\redhat.java-1.16.0-win32-x64\jre\17.0.6-win32-x86_64\bin\nio.dll
Event: 0.368 Loaded shared library C:\Users\±è¹Î±Õ\.vscode\extensions\redhat.java-1.16.0-win32-x64\jre\17.0.6-win32-x86_64\bin\zip.dll
Event: 0.543 Loaded shared library C:\Users\±è¹Î±Õ\.vscode\extensions\redhat.java-1.16.0-win32-x64\jre\17.0.6-win32-x86_64\bin\jimage.dll
Event: 3.268 Loaded shared library C:\Users\±è¹Î±Õ\.vscode\extensions\redhat.java-1.16.0-win32-x64\jre\17.0.6-win32-x86_64\bin\management.dll
Event: 3.271 Loaded shared library C:\Users\±è¹Î±Õ\.vscode\extensions\redhat.java-1.16.0-win32-x64\jre\17.0.6-win32-x86_64\bin\management_ext.dll
Event: 7.143 Loaded shared library C:\Users\±è¹Î±Õ\.vscode\extensions\redhat.java-1.16.0-win32-x64\jre\17.0.6-win32-x86_64\bin\sunmscapi.dll
Event: 8.927 Loaded shared library c:\Users\±è¹Î±Õ\.vscode\extensions\redhat.java-1.16.0-win32-x64\jre\17.0.6-win32-x86_64\bin\verify.dll

Deoptimization events (20 events):
Event: 100.395 Thread 0x0000021ef0c24150 DEOPT PACKING pc=0x0000021ee3ff12e5 sp=0x0000007797cfd350
Event: 100.395 Thread 0x0000021ef0c24150 DEOPT UNPACKING pc=0x0000021ee2d87143 sp=0x0000007797cfc9d8 mode 3
Event: 133.294 Thread 0x0000021ef0c1f920 DEOPT PACKING pc=0x0000021ee41a619d sp=0x00000077977fd7b0
Event: 133.294 Thread 0x0000021ef0c1f920 DEOPT UNPACKING pc=0x0000021ee2d87143 sp=0x00000077977fcce0 mode 3
Event: 136.947 Thread 0x0000021ef0c25490 DEOPT PACKING pc=0x0000021ee418f798 sp=0x00000077982feba0
Event: 136.947 Thread 0x0000021ef0c25490 DEOPT UNPACKING pc=0x0000021ee2d87143 sp=0x00000077982fe098 mode 3
Event: 178.145 Thread 0x0000021ef0c24150 DEOPT PACKING pc=0x0000021ee41bb5bb sp=0x0000007797cfe880
Event: 178.145 Thread 0x0000021ef0c24150 DEOPT UNPACKING pc=0x0000021ee2d87143 sp=0x0000007797cfdd58 mode 3
Event: 3855.784 Thread 0x0000021ef0a519a0 DEOPT PACKING pc=0x0000021ee3358f54 sp=0x0000007795dfec60
Event: 3855.784 Thread 0x0000021ef0a519a0 DEOPT UNPACKING pc=0x0000021ee2d87143 sp=0x0000007795dfe0e8 mode 0
Event: 4658.112 Thread 0x0000021ef0c1eab0 DEOPT PACKING pc=0x0000021ee42dd80f sp=0x00000077960fe0f0
Event: 4658.112 Thread 0x0000021ef0c1eab0 DEOPT UNPACKING pc=0x0000021ee2d87143 sp=0x00000077960fd640 mode 3
Event: 4852.052 Thread 0x0000021ef0c1eab0 DEOPT PACKING pc=0x0000021ee448dcab sp=0x00000077960fe1a0
Event: 4852.052 Thread 0x0000021ef0c1eab0 DEOPT UNPACKING pc=0x0000021ee2d87143 sp=0x00000077960fd6a0 mode 3
Event: 6271.639 Thread 0x0000021ef0c24150 DEOPT PACKING pc=0x0000021ee444e9c7 sp=0x00000077936fdcf0
Event: 6271.639 Thread 0x0000021ef0c24150 DEOPT UNPACKING pc=0x0000021ee2d87143 sp=0x00000077936fd728 mode 3
Event: 6569.901 Thread 0x0000021ef0c22940 DEOPT PACKING pc=0x0000021ee2f5393c sp=0x00000077937fdb40
Event: 6569.901 Thread 0x0000021ef0c22940 DEOPT UNPACKING pc=0x0000021ee2d87143 sp=0x00000077937fd028 mode 0
Event: 7351.792 Thread 0x0000021ef0c24af0 DEOPT PACKING pc=0x0000021ee43c78c4 sp=0x00000077937fdfb0
Event: 7351.792 Thread 0x0000021ef0c24af0 DEOPT UNPACKING pc=0x0000021ee2d87143 sp=0x00000077937fd4d8 mode 3

Classes unloaded (20 events):
Event: 7768.887 Thread 0x0000021eebc0b460 Unloading class 0x00000001004cc000 'jdk/internal/reflect/GeneratedConstructorAccessor82'
Event: 7768.887 Thread 0x0000021eebc0b460 Unloading class 0x0000000100088000 'jdk/internal/reflect/GeneratedMethodAccessor68'
Event: 7768.887 Thread 0x0000021eebc0b460 Unloading class 0x0000000100861000 'jdk/internal/reflect/GeneratedMethodAccessor67'
Event: 7768.887 Thread 0x0000021eebc0b460 Unloading class 0x0000000100859c00 'jdk/internal/reflect/GeneratedMethodAccessor66'
Event: 9952.313 Thread 0x0000021eebc0b460 Unloading class 0x000000010035e400 'jdk/internal/reflect/GeneratedConstructorAccessor91'
Event: 9952.313 Thread 0x0000021eebc0b460 Unloading class 0x0000000100360c00 'jdk/internal/reflect/GeneratedConstructorAccessor90'
Event: 10203.085 Thread 0x0000021eebc0b460 Unloading class 0x0000000100859c00 'jdk/internal/reflect/GeneratedMethodAccessor76'
Event: 10203.085 Thread 0x0000021eebc0b460 Unloading class 0x0000000100861000 'jdk/internal/reflect/GeneratedConstructorAccessor88'
Event: 10203.085 Thread 0x0000021eebc0b460 Unloading class 0x0000000100088000 'jdk/internal/reflect/GeneratedMethodAccessor75'
Event: 10203.085 Thread 0x0000021eebc0b460 Unloading class 0x00000001004cc000 'jdk/internal/reflect/GeneratedConstructorAccessor87'
Event: 10203.085 Thread 0x0000021eebc0b460 Unloading class 0x00000001004fc800 'jdk/internal/reflect/GeneratedMethodAccessor74'
Event: 10203.085 Thread 0x0000021eebc0b460 Unloading class 0x00000001005e8c00 'jdk/internal/reflect/GeneratedMethodAccessor73'
Event: 10203.085 Thread 0x0000021eebc0b460 Unloading class 0x00000001005e9c00 'jdk/internal/reflect/GeneratedMethodAccessor72'
Event: 11065.743 Thread 0x0000021eebc0b460 Unloading class 0x00000001005e9c00 'jdk/internal/reflect/GeneratedMethodAccessor82'
Event: 11065.743 Thread 0x0000021eebc0b460 Unloading class 0x00000001005e8c00 'jdk/internal/reflect/GeneratedConstructorAccessor93'
Event: 11065.743 Thread 0x0000021eebc0b460 Unloading class 0x00000001004fc800 'jdk/internal/reflect/GeneratedMethodAccessor81'
Event: 11065.743 Thread 0x0000021eebc0b460 Unloading class 0x00000001004cc000 'jdk/internal/reflect/GeneratedConstructorAccessor92'
Event: 11065.743 Thread 0x0000021eebc0b460 Unloading class 0x0000000100088000 'jdk/internal/reflect/GeneratedMethodAccessor80'
Event: 11065.743 Thread 0x0000021eebc0b460 Unloading class 0x0000000100861000 'jdk/internal/reflect/GeneratedMethodAccessor79'
Event: 11065.743 Thread 0x0000021eebc0b460 Unloading class 0x0000000100859c00 'jdk/internal/reflect/GeneratedMethodAccessor78'

Classes redefined (0 events):
No events

Internal exceptions (20 events):
Event: 8.836 Thread 0x0000021ef0c20c60 Exception <a 'sun/nio/fs/WindowsException'{0x00000000db0ed7d8}> (0x00000000db0ed7d8) 
thrown [s\src\hotspot\share\prims\jni.cpp, line 516]
Event: 8.836 Thread 0x0000021ef0ac8150 Exception <a 'sun/nio/fs/WindowsException'{0x00000000daef1f00}> (0x00000000daef1f00) 
thrown [s\src\hotspot\share\prims\jni.cpp, line 516]
Event: 8.856 Thread 0x0000021ef0ac8af0 Exception <a 'java/lang/NoSuchMethodError'{0x00000000d9c7e728}: 'void java.lang.invoke.DirectMethodHandle$Holder.invokeStatic(java.lang.Object, java.lang.Object, java.lang.Object, java.lang.Object, java.lang.Object, java.lang.Object, java.lang.Object)'> (0x00000000d9c7e728) 
thrown [s\src\hotspot\share\interpreter\linkResolver.cpp, line 759]
Event: 10.145 Thread 0x0000021ef0ac77b0 Exception <a 'java/lang/NoSuchMethodError'{0x00000000db93d2a8}: 'java.lang.Object java.lang.invoke.DirectMethodHandle$Holder.newInvokeSpecial(java.lang.Object, java.lang.Object, java.lang.Object, java.lang.Object, java.lang.Object, long)'> (0x00000000db93d2a8) 
thrown [s\src\hotspot\share\interpreter\linkResolver.cpp, line 759]
Event: 10.145 Thread 0x0000021ef0ac77b0 Exception <a 'java/lang/NoSuchMethodError'{0x00000000db941918}: 'java.lang.Object java.lang.invoke.DirectMethodHandle$Holder.invokeSpecial(java.lang.Object, java.lang.Object, java.lang.Object, java.lang.Object, java.lang.Object, java.lang.Object, long)'> (0x00000000db941918) 
thrown [s\src\hotspot\share\interpreter\linkResolver.cpp, line 759]
Event: 14.564 Thread 0x0000021ef0c25490 Implicit null exception at 0x0000021ee315b1da to 0x0000021ee315b41b
Event: 16.619 Thread 0x0000021ef0c25490 Implicit null exception at 0x0000021ee3234002 to 0x0000021ee3236404
Event: 49.732 Thread 0x0000021ef0ac8af0 Implicit null exception at 0x0000021ee3e14228 to 0x0000021ee3e14af0
Event: 53.880 Thread 0x0000021ef0c1f920 Implicit null exception at 0x0000021ee315397f to 0x0000021ee3153c0a
Event: 133.294 Thread 0x0000021ef0c1f920 Implicit null exception at 0x0000021ee41a5dd1 to 0x0000021ee41a6198
Event: 136.947 Thread 0x0000021ef0c25490 Implicit null exception at 0x0000021ee418f43a to 0x0000021ee418f793
Event: 178.145 Thread 0x0000021ef0c24150 Implicit null exception at 0x0000021ee41ba304 to 0x0000021ee41bb5b6
Event: 253.443 Thread 0x0000021ef06be080 Exception <a 'java/lang/NoSuchMethodError'{0x00000000d7a01e70}: 'void java.lang.invoke.DirectMethodHandle$Holder.invokeStatic(java.lang.Object, long)'> (0x00000000d7a01e70) 
thrown [s\src\hotspot\share\interpreter\linkResolver.cpp, line 759]
Event: 253.444 Thread 0x0000021ef06be080 Exception <a 'java/lang/NoSuchMethodError'{0x00000000d7a07230}: 'java.lang.Object java.lang.invoke.DirectMethodHandle$Holder.newInvokeSpecial(java.lang.Object, long)'> (0x00000000d7a07230) 
thrown [s\src\hotspot\share\interpreter\linkResolver.cpp, line 759]
Event: 4658.112 Thread 0x0000021ef0c1eab0 Implicit null exception at 0x0000021ee42dd104 to 0x0000021ee42dd80a
Event: 4852.052 Thread 0x0000021ef0c1eab0 Implicit null exception at 0x0000021ee448d3d5 to 0x0000021ee448dca6
Event: 6927.131 Thread 0x0000021ef0c20c60 Exception <a 'java/lang/NoSuchMethodError'{0x00000000c793f470}: 'java.lang.Object java.lang.invoke.DirectMethodHandle$Holder.newInvokeSpecial(java.lang.Object, java.lang.Object, java.lang.Object, int)'> (0x00000000c793f470) 
thrown [s\src\hotspot\share\interpreter\linkResolver.cpp, line 759]
Event: 6927.131 Thread 0x0000021ef0c20c60 Exception <a 'java/lang/NoSuchMethodError'{0x00000000c7943758}: 'java.lang.Object java.lang.invoke.DirectMethodHandle$Holder.invokeSpecial(java.lang.Object, java.lang.Object, java.lang.Object, java.lang.Object, int)'> (0x00000000c7943758) 
thrown [s\src\hotspot\share\interpreter\linkResolver.cpp, line 759]
Event: 6927.131 Thread 0x0000021ef0c20c60 Exception <a 'java/lang/NoSuchMethodError'{0x00000000c7947320}: 'java.lang.Object java.lang.invoke.Invokers$Holder.linkToTargetMethod(java.lang.Object, java.lang.Object, int, java.lang.Object)'> (0x00000000c7947320) 
thrown [s\src\hotspot\share\interpreter\linkResolver.cpp, line 759]
Event: 7351.792 Thread 0x0000021ef0c24af0 Implicit null exception at 0x0000021ee43c7732 to 0x0000021ee43c78bf

VM Operations (20 events):
Event: 11227.285 Executing VM operation: G1CollectFull done
Event: 11237.363 Executing VM operation: G1CollectFull
Event: 11237.388 Executing VM operation: G1CollectFull done
Event: 11247.473 Executing VM operation: G1CollectFull
Event: 11247.500 Executing VM operation: G1CollectFull done
Event: 11257.588 Executing VM operation: G1CollectFull
Event: 11257.615 Executing VM operation: G1CollectFull done
Event: 11267.712 Executing VM operation: G1CollectFull
Event: 11267.739 Executing VM operation: G1CollectFull done
Event: 11277.835 Executing VM operation: G1CollectFull
Event: 11277.865 Executing VM operation: G1CollectFull done
Event: 11287.930 Executing VM operation: G1CollectFull
Event: 11287.955 Executing VM operation: G1CollectFull done
Event: 11298.064 Executing VM operation: G1CollectFull
Event: 11298.091 Executing VM operation: G1CollectFull done
Event: 11308.192 Executing VM operation: G1CollectFull
Event: 11308.220 Executing VM operation: G1CollectFull done
Event: 11318.313 Executing VM operation: G1CollectFull
Event: 11318.341 Executing VM operation: G1CollectFull done
Event: 11328.434 Executing VM operation: G1CollectFull

Events (20 events):
Event: 9715.383 Thread 0x0000021ef0c20790 Thread exited: 0x0000021ef0c20790
Event: 9717.133 Thread 0x0000021ef0c22940 Thread added: 0x0000021ef0c22940
Event: 9839.169 Thread 0x0000021ef0c25e30 Thread exited: 0x0000021ef0c25e30
Event: 9839.939 Thread 0x0000021ef0c24fc0 Thread exited: 0x0000021ef0c24fc0
Event: 9970.425 Thread 0x0000021ef0c24fc0 Thread added: 0x0000021ef0c24fc0
Event: 9970.425 Thread 0x0000021ef0c25960 Thread added: 0x0000021ef0c25960
Event: 10077.435 Thread 0x0000021ef0c22940 Thread exited: 0x0000021ef0c22940
Event: 10335.209 Thread 0x0000021ef0c25e30 Thread added: 0x0000021ef0c25e30
Event: 10352.061 Thread 0x0000021ef0c1eab0 Thread added: 0x0000021ef0c1eab0
Event: 10409.024 Thread 0x0000021ef0c25e30 Thread exited: 0x0000021ef0c25e30
Event: 10412.072 Thread 0x0000021ef0c1eab0 Thread exited: 0x0000021ef0c1eab0
Event: 10803.266 Thread 0x0000021ef0c24af0 Thread exited: 0x0000021ef0c24af0
Event: 10803.266 Thread 0x0000021ef0c25960 Thread exited: 0x0000021ef0c25960
Event: 10809.120 Thread 0x0000021ef0c1fdf0 Thread added: 0x0000021ef0c1fdf0
Event: 11035.107 Thread 0x0000021ef0c24fc0 Thread exited: 0x0000021ef0c24fc0
Event: 11039.825 Thread 0x0000021ef0c1fdf0 Thread exited: 0x0000021ef0c1fdf0
Event: 11068.968 Thread 0x0000021ef0c24150 Thread added: 0x0000021ef0c24150
Event: 11068.969 Thread 0x0000021ef0c24af0 Thread added: 0x0000021ef0c24af0
Event: 11138.673 Thread 0x0000021ef0c24af0 Thread exited: 0x0000021ef0c24af0
Event: 11138.673 Thread 0x0000021ef0c24150 Thread exited: 0x0000021ef0c24150


Dynamic libraries:
0x00007ff6ed2d0000 - 0x00007ff6ed2de000 	c:\Users\±è¹Î±Õ\.vscode\extensions\redhat.java-1.16.0-win32-x64\jre\17.0.6-win32-x86_64\bin\java.exe
0x00007ffe9bb30000 - 0x00007ffe9bd28000 	C:\WINDOWS\SYSTEM32\ntdll.dll
0x00007ffe9abb0000 - 0x00007ffe9ac6f000 	C:\WINDOWS\System32\KERNEL32.DLL
0x00007ffe99230000 - 0x00007ffe99502000 	C:\WINDOWS\System32\KERNELBASE.dll
0x00007ffe99740000 - 0x00007ffe99840000 	C:\WINDOWS\System32\ucrtbase.dll
0x00007ffe96590000 - 0x00007ffe965a7000 	c:\Users\±è¹Î±Õ\.vscode\extensions\redhat.java-1.16.0-win32-x64\jre\17.0.6-win32-x86_64\bin\jli.dll
0x00007ffe9a960000 - 0x00007ffe9ab01000 	C:\WINDOWS\System32\USER32.dll
0x00007ffe99940000 - 0x00007ffe99962000 	C:\WINDOWS\System32\win32u.dll
0x00007ffe9b020000 - 0x00007ffe9b04b000 	C:\WINDOWS\System32\GDI32.dll
0x00007ffe99a70000 - 0x00007ffe99b7f000 	C:\WINDOWS\System32\gdi32full.dll
0x00007ffe996a0000 - 0x00007ffe9973d000 	C:\WINDOWS\System32\msvcp_win.dll
0x00007ffe76de0000 - 0x00007ffe7707a000 	C:\WINDOWS\WinSxS\amd64_microsoft.windows.common-controls_6595b64144ccf1df_6.0.19041.1110_none_60b5254171f9507e\COMCTL32.dll
0x00007ffe9ab10000 - 0x00007ffe9abae000 	C:\WINDOWS\System32\msvcrt.dll
0x00007ffe94ad0000 - 0x00007ffe94ae9000 	c:\Users\±è¹Î±Õ\.vscode\extensions\redhat.java-1.16.0-win32-x64\jre\17.0.6-win32-x86_64\bin\VCRUNTIME140.dll
0x00007ffe9b2c0000 - 0x00007ffe9b2f0000 	C:\WINDOWS\System32\IMM32.DLL
0x00007ffe96530000 - 0x00007ffe9653c000 	c:\Users\±è¹Î±Õ\.vscode\extensions\redhat.java-1.16.0-win32-x64\jre\17.0.6-win32-x86_64\bin\vcruntime140_1.dll
0x00007ffe8b720000 - 0x00007ffe8b7b1000 	c:\Users\±è¹Î±Õ\.vscode\extensions\redhat.java-1.16.0-win32-x64\jre\17.0.6-win32-x86_64\bin\msvcp140.dll
0x00007ffe65e30000 - 0x00007ffe66a77000 	c:\Users\±è¹Î±Õ\.vscode\extensions\redhat.java-1.16.0-win32-x64\jre\17.0.6-win32-x86_64\bin\server\jvm.dll
0x00007ffe9add0000 - 0x00007ffe9ae7e000 	C:\WINDOWS\System32\ADVAPI32.dll
0x00007ffe9af80000 - 0x00007ffe9b01c000 	C:\WINDOWS\System32\sechost.dll
0x00007ffe9b400000 - 0x00007ffe9b524000 	C:\WINDOWS\System32\RPCRT4.dll
0x00007ffe8bb40000 - 0x00007ffe8bb4a000 	C:\WINDOWS\SYSTEM32\VERSION.dll
0x00007ffe94730000 - 0x00007ffe94739000 	C:\WINDOWS\SYSTEM32\WSOCK32.dll
0x00007ffe89810000 - 0x00007ffe89837000 	C:\WINDOWS\SYSTEM32\WINMM.dll
0x00007ffe9ac70000 - 0x00007ffe9acdb000 	C:\WINDOWS\System32\ws2_32.DLL
0x00007ffe97a30000 - 0x00007ffe97a42000 	C:\WINDOWS\SYSTEM32\kernel.appcore.dll
0x00007ffe94ac0000 - 0x00007ffe94aca000 	c:\Users\±è¹Î±Õ\.vscode\extensions\redhat.java-1.16.0-win32-x64\jre\17.0.6-win32-x86_64\bin\jimage.dll
0x00007ffe96e10000 - 0x00007ffe96ff4000 	C:\WINDOWS\SYSTEM32\DBGHELP.DLL
0x00007ffe7fca0000 - 0x00007ffe7fcd5000 	C:\WINDOWS\SYSTEM32\dbgcore.DLL
0x00007ffe998b0000 - 0x00007ffe99932000 	C:\WINDOWS\System32\bcryptPrimitives.dll
0x00007ffe92330000 - 0x00007ffe92355000 	c:\Users\±è¹Î±Õ\.vscode\extensions\redhat.java-1.16.0-win32-x64\jre\17.0.6-win32-x86_64\bin\java.dll
0x00007ffe92800000 - 0x00007ffe92818000 	c:\Users\±è¹Î±Õ\.vscode\extensions\redhat.java-1.16.0-win32-x64\jre\17.0.6-win32-x86_64\bin\zip.dll
0x00007ffe99ce0000 - 0x00007ffe9a425000 	C:\WINDOWS\System32\SHELL32.dll
0x00007ffe97290000 - 0x00007ffe97a22000 	C:\WINDOWS\SYSTEM32\windows.storage.dll
0x00007ffe9b660000 - 0x00007ffe9b9b5000 	C:\WINDOWS\System32\combase.dll
0x00007ffe98ad0000 - 0x00007ffe98b00000 	C:\WINDOWS\SYSTEM32\Wldp.dll
0x00007ffe9b2f0000 - 0x00007ffe9b39d000 	C:\WINDOWS\System32\SHCORE.dll
0x00007ffe9b3a0000 - 0x00007ffe9b3f5000 	C:\WINDOWS\System32\shlwapi.dll
0x00007ffe99170000 - 0x00007ffe9918f000 	C:\WINDOWS\SYSTEM32\profapi.dll
0x00007ffe92310000 - 0x00007ffe92329000 	C:\Users\±è¹Î±Õ\.vscode\extensions\redhat.java-1.16.0-win32-x64\jre\17.0.6-win32-x86_64\bin\net.dll
0x00007ffe93960000 - 0x00007ffe93a6a000 	C:\WINDOWS\SYSTEM32\WINHTTP.dll
0x00007ffe988b0000 - 0x00007ffe9891a000 	C:\WINDOWS\system32\mswsock.dll
0x00007ffe922f0000 - 0x00007ffe92305000 	C:\Users\±è¹Î±Õ\.vscode\extensions\redhat.java-1.16.0-win32-x64\jre\17.0.6-win32-x86_64\bin\nio.dll
0x00007ffe98b10000 - 0x00007ffe98b28000 	C:\WINDOWS\SYSTEM32\CRYPTSP.dll
0x00007ffe981f0000 - 0x00007ffe98224000 	C:\WINDOWS\system32\rsaenh.dll
0x00007ffe99510000 - 0x00007ffe99537000 	C:\WINDOWS\System32\bcrypt.dll
0x00007ffe99130000 - 0x00007ffe9915e000 	C:\WINDOWS\SYSTEM32\USERENV.dll
0x00007ffe98a40000 - 0x00007ffe98a4c000 	C:\WINDOWS\SYSTEM32\CRYPTBASE.dll
0x00007ffe985c0000 - 0x00007ffe985fb000 	C:\WINDOWS\SYSTEM32\IPHLPAPI.DLL
0x00007ffe9ae80000 - 0x00007ffe9ae88000 	C:\WINDOWS\System32\NSI.dll
0x00007ffe900b0000 - 0x00007ffe900c7000 	C:\WINDOWS\SYSTEM32\dhcpcsvc6.DLL
0x00007ffe90090000 - 0x00007ffe900ad000 	C:\WINDOWS\SYSTEM32\dhcpcsvc.DLL
0x00007ffe98600000 - 0x00007ffe986cb000 	C:\WINDOWS\SYSTEM32\DNSAPI.dll
0x00007ffe922e0000 - 0x00007ffe922e9000 	C:\Users\±è¹Î±Õ\.vscode\extensions\redhat.java-1.16.0-win32-x64\jre\17.0.6-win32-x86_64\bin\management.dll
0x00007ffe922d0000 - 0x00007ffe922db000 	C:\Users\±è¹Î±Õ\.vscode\extensions\redhat.java-1.16.0-win32-x64\jre\17.0.6-win32-x86_64\bin\management_ext.dll
0x00007ffe9b9c0000 - 0x00007ffe9b9c8000 	C:\WINDOWS\System32\PSAPI.DLL
0x00007ffe92220000 - 0x00007ffe9222e000 	C:\Users\±è¹Î±Õ\.vscode\extensions\redhat.java-1.16.0-win32-x64\jre\17.0.6-win32-x86_64\bin\sunmscapi.dll
0x00007ffe99540000 - 0x00007ffe99696000 	C:\WINDOWS\System32\CRYPT32.dll
0x00007ffe98c90000 - 0x00007ffe98cb7000 	C:\WINDOWS\SYSTEM32\ncrypt.dll
0x00007ffe98c50000 - 0x00007ffe98c8b000 	C:\WINDOWS\SYSTEM32\NTASN1.dll
0x00007ffe8ec40000 - 0x00007ffe8ec4a000 	C:\Windows\System32\rasadhlp.dll
0x00007ffe8e580000 - 0x00007ffe8e600000 	C:\WINDOWS\System32\fwpuclnt.dll
0x00007ffe92780000 - 0x00007ffe92790000 	c:\Users\±è¹Î±Õ\.vscode\extensions\redhat.java-1.16.0-win32-x64\jre\17.0.6-win32-x86_64\bin\verify.dll

dbghelp: loaded successfully - version: 4.0.5 - missing functions: none
symbol engine: initialized successfully - sym options: 0x614 - pdb path: .;c:\Users\±è¹Î±Õ\.vscode\extensions\redhat.java-1.16.0-win32-x64\jre\17.0.6-win32-x86_64\bin;C:\WINDOWS\SYSTEM32;C:\WINDOWS\WinSxS\amd64_microsoft.windows.common-controls_6595b64144ccf1df_6.0.19041.1110_none_60b5254171f9507e;c:\Users\±è¹Î±Õ\.vscode\extensions\redhat.java-1.16.0-win32-x64\jre\17.0.6-win32-x86_64\bin\;c:\Users\±è¹Î±Õ\.vscode\extensions\redhat.java-1.16.0-win32-x64\jre\17.0.6-win32-x86_64\b;c:\Users\±è¹Î±Õ\.vscode\extensions\redhat.java-1.16.0-win32-x64\jre\17.0.6-win32-x86_6;c:\Users\±è¹Î±Õ\.vscode\extensions\redhat.java-1.16.0-win32-x64\jre\17.0.6-win32-x8;c:\Users\±è¹Î±Õ\.vscode\extensions\redhat.java-1.16.0-win32-x64\jre\17.0.6-win32;c:\Users\±è¹Î±Õ\.vscode\extensions\redhat.java-1.16.0-win32-x64\jre\17.0.6-wi;c:\Users\±è¹Î±Õ\.vscode\extensions\redhat.java-1.16.0-win32-x64\jre\17.0.6;c:\Users\±è¹Î±Õ\.vscode\extensions\redhat.java-1.16.0-win32-x64\jre\17.

VM Arguments:
jvm_args: -XX:+HeapDumpOnOutOfMemoryError -Xmx1024m -Dsts.lsp.client=vscode -Dsts.log.file=/dev/null -XX:TieredStopAtLevel=1 -Xlog:jni+resolve=off -Dspring.config.location=file:c:\Users\±è¹Î±Õ\.vscode\extensions\vmware.vscode-spring-boot-1.45.0\language-server\BOOT-INF\classes\application.properties 
java_command: org.springframework.ide.vscode.boot.app.BootLanguageServerBootApp
java_class_path (initial): c:\Users\±è¹Î±Õ\.vscode\extensions\vmware.vscode-spring-boot-1.45.0\language-server\BOOT-INF\classes;c:\Users\±è¹Î±Õ\.vscode\extensions\vmware.vscode-spring-boot-1.45.0\language-server\BOOT-INF\lib\annotations-24.0.1.jar;c:\Users\±è¹Î±Õ\.vscode\extensions\vmware.vscode-spring-boot-1.45.0\language-server\BOOT-INF\lib\ant-1.10.13.jar;c:\Users\±è¹Î±Õ\.vscode\extensions\vmware.vscode-spring-boot-1.45.0\language-server\BOOT-INF\lib\ant-launcher-1.10.13.jar;c:\Users\±è¹Î±Õ\.vscode\extensions\vmware.vscode-spring-boot-1.45.0\language-server\BOOT-INF\lib\antlr-runtime-3.5.3.jar;c:\Users\±è¹Î±Õ\.vscode\extensions\vmware.vscode-spring-boot-1.45.0\language-server\BOOT-INF\lib\antlr4-4.11.1.jar;c:\Users\±è¹Î±Õ\.vscode\extensions\vmware.vscode-spring-boot-1.45.0\language-server\BOOT-INF\lib\antlr4-runtime-4.11.1.jar;c:\Users\±è¹Î±Õ\.vscode\extensions\vmware.vscode-spring-boot-1.45.0\language-server\BOOT-INF\lib\asm-9.4.jar;c:\Users\±è¹Î±Õ\.vscode\extensions\vmware.vscode-spring-boot-1.45.0\language-server\BOOT-INF\lib\asm-analysis-9.4.jar;c:\Users\±è¹Î±Õ\.vscode\extensions\vmware.vscode-spring-boot-1.45.0\language-server\BOOT-INF\lib\asm-tree-9.4.jar;c:\Users\±è¹Î±Õ\.vscode\extensions\vmware.vscode-spring-boot-1.45.0\language-server\BOOT-INF\lib\asm-util-9.4.jar;c:\Users\±è¹Î±Õ\.vscode\extensions\vmware.vscode-spring-boot-1.45.0\language-server\BOOT-INF\lib\caffeine-3.1.2.jar;c:\Users\±è¹Î±Õ\.vscode\extensions\vmware.vscode-spring-boot-1.45.0\language-server\BOOT-INF\lib\checker-qual-3.12.0.jar;c:\Users\±è¹Î±Õ\.vscode\extensions\vmware.vscode-spring-boot-1.45.0\language-server\BOOT-INF\lib\classgraph-4.8.149.jar;c:\Users\±è¹Î±Õ\.vscode\extensions\vmware.vscode-spring-boot-1.45.0\language-server\BOOT-INF\lib\commons-codec-1.15.jar;c:\Users\±è¹Î±Õ\.vscode\extensions\vmware.vscode-spring-boot-1.45.0\language-server\BOOT-INF\lib\commons-compress-1.22.jar;c:\Users\±è¹Î±Õ\.vscode\extensions\vmware.vscode-spring-boot-1.45.0\language-server\BOOT-INF\lib\comm
Launcher Type: SUN_STANDARD

[Global flags]
     intx CICompilerCount                          = 4                                         {product} {ergonomic}
     uint ConcGCThreads                            = 3                                         {product} {ergonomic}
     uint G1ConcRefinementThreads                  = 10                                        {product} {ergonomic}
   size_t G1HeapRegionSize                         = 1048576                                   {product} {ergonomic}
    uintx GCDrainStackTargetSize                   = 64                                        {product} {ergonomic}
     bool HeapDumpOnOutOfMemoryError               = true                                   {manageable} {command line}
   size_t InitialHeapSize                          = 264241152                                 {product} {ergonomic}
   size_t MarkStackSize                            = 4194304                                   {product} {ergonomic}
   size_t MaxHeapSize                              = 1073741824                                {product} {command line}
   size_t MaxNewSize                               = 643825664                                 {product} {ergonomic}
   size_t MinHeapDeltaBytes                        = 1048576                                   {product} {ergonomic}
   size_t MinHeapSize                              = 8388608                                   {product} {ergonomic}
    uintx NonProfiledCodeHeapSize                  = 0                                      {pd product} {ergonomic}
     bool ProfileInterpreter                       = false                                  {pd product} {command line}
    uintx ProfiledCodeHeapSize                     = 0                                      {pd product} {ergonomic}
   size_t SoftMaxHeapSize                          = 1073741824                             {manageable} {ergonomic}
     intx TieredStopAtLevel                        = 1                                         {product} {command line}
     bool UseCompressedClassPointers               = true                           {product lp64_product} {ergonomic}
     bool UseCompressedOops                        = true                           {product lp64_product} {ergonomic}
     bool UseG1GC                                  = true                                      {product} {ergonomic}
     bool UseLargePagesIndividualAllocation        = false                                  {pd product} {ergonomic}

Logging:
Log output configuration:
 #0: stdout all=warning,jni+resolve=off uptime,level,tags
 #1: stderr all=off uptime,level,tags

Environment Variables:
JAVA_HOME=E:\jdk-11.0.16.1_windows-x64_bin\jdk-11.0.16.1
CLASSPATH=E:\jdk-11.0.16.1_windows-x64_bin\jdk-11.0.16.1\lib
PATH=E:\jdk-11.0.16.1_windows-x64_bin\jdk-11.0.16.1;E:\jdk-11.0.16.1_windows-x64_bin\jdk-11.0.16.1\bin;C:\Python311\Scripts\;C:\Python311\;C:\WINDOWS\system32;C:\WINDOWS;C:\WINDOWS\System32\Wbem;C:\WINDOWS\System32\WindowsPowerShell\v1.0\;C:\WINDOWS\System32\OpenSSH\;C:\Program Files\nodejs\;C:\ProgramData\chocolatey\bin;C:\Program Files\Git\cmd;C:\WINDOWS\SYSTEM32;;C:\Program Files\Docker\Docker\resources\bin;C:\Program Files\Bandizip\;E:\jdk-11.0.16.1_windows-x64_bin\jdk-11.0.16.1\bin;E:\jdk-11.0.16.1_windows-x64_bin\jdk-11.0.16.1;C:\Users\±è¹Î±Õ\AppData\Local\Microsoft\WindowsApps;C:\Users\±è¹Î±Õ\AppData\Local\Programs\Microsoft VS Code\bin;C:\Users\±è¹Î±Õ\AppData\Roaming\npm;
USERNAME=±è¹Î±Õ
OS=Windows_NT
PROCESSOR_IDENTIFIER=Intel64 Family 6 Model 154 Stepping 4, GenuineIntel
TMP=C:\Users\±è¹Î±Õ\AppData\Local\Temp
TEMP=C:\Users\±è¹Î±Õ\AppData\Local\Temp



---------------  S Y S T E M  ---------------

OS:
 Windows 10 , 64 bit Build 19041 (10.0.19041.2546)
OS uptime: 1 days 0:24 hours
Hyper-V role detected

CPU: total 12 (initial active 12) (6 cores per cpu, 2 threads per core) family 6 model 154 stepping 4 microcode 0x423, cx8, cmov, fxsr, ht, mmx, 3dnowpref, sse, sse2, sse3, ssse3, sse4.1, sse4.2, popcnt, lzcnt, tsc, tscinvbit, avx, avx2, aes, erms, clmul, bmi1, bmi2, adx, sha, fma, vzeroupper, clflush, clflushopt, clwb, hv

Memory: 4k page, system-wide physical 16085M (1234M free)
TotalPageFile size 16085M (AvailPageFile size 10M)
current process WorkingSet (physical memory assigned to process): 297M, peak: 756M
current process commit charge ("private bytes"): 339M, peak: 778M

vm_info: OpenJDK 64-Bit Server VM (17.0.6+10) for windows-amd64 JRE (17.0.6+10), built on Jan 18 2023 10:08:59 by "temurin" with MS VC++ 16.7 (VS2019)

END.
